#
# There is insufficient memory for the Java Runtime Environment to continue.
# Native memory allocation (malloc) failed to allocate 222448 bytes for Chunk::new
# Possible reasons:
#   The system is out of physical RAM or swap space
#   The process is running with CompressedOops enabled, and the Java Heap may be blocking the growth of the native heap
# Possible solutions:
#   Reduce memory load on the system
#   Increase physical memory or swap space
#   Check if swap backing store is full
#   Decrease Java heap size (-Xmx/-Xms)
#   Decrease number of Java threads
#   Decrease Java thread stack sizes (-Xss)
#   Set larger code cache with -XX:ReservedCodeCacheSize=
#   JVM is running with Unscaled Compressed Oops mode in which the Java heap is
#     placed in the first 4GB address space. The Java Heap base address is the
#     maximum limit for the native heap growth. Please use -XX:HeapBaseMinAddress
#     to set the Java Heap base and to place the Java Heap above 4GB virtual address.
# This output file may be truncated or incomplete.
#
#  Out of Memory Error (./src/hotspot/share/memory/arena.cpp:197), pid=14512, tid=4132
#
# JRE version: OpenJDK Runtime Environment (11.0.13) (build 11.0.13+0-b1751.21-8125866)
# Java VM: OpenJDK 64-Bit Server VM (11.0.13+0-b1751.21-8125866, mixed mode, tiered, compressed oops, g1 gc, windows-amd64)
# No core dump will be written. Minidumps are not enabled by default on client versions of Windows
#

---------------  S U M M A R Y ------------

Command Line: -javaagent:C:\Program Files\Android\Android Studio\plugins\android\resources\trace_agent.jar=C:\Users\vyg0615\AppData\Local\Temp\sync.trace.profile --add-opens=java.base/java.util=ALL-UNNAMED --add-opens=java.base/java.lang=ALL-UNNAMED --add-opens=java.base/java.lang.invoke=ALL-UNNAMED --add-opens=java.base/java.util=ALL-UNNAMED --add-opens=java.prefs/java.util.prefs=ALL-UNNAMED --add-opens=java.prefs/java.util.prefs=ALL-UNNAMED --add-opens=java.base/java.nio.charset=ALL-UNNAMED --add-opens=java.base/java.net=ALL-UNNAMED --add-opens=java.base/java.util.concurrent.atomic=ALL-UNNAMED -Xmx2048m -Dfile.encoding=UTF-8 -Duser.country=CO -Duser.language=es -Duser.variant org.gradle.launcher.daemon.bootstrap.GradleDaemon 7.4

Host: 11th Gen Intel(R) Core(TM) i7-1165G7 @ 2.80GHz, 8 cores, 15G,  Windows 10 , 64 bit Build 19041 (10.0.19041.1889)
Time: Wed Jan 18 18:05:46 2023 Hora est. Pacífico, Sudamérica elapsed time: 22.399843 seconds (0d 0h 0m 22s)

---------------  T H R E A D  ---------------

Current thread (0x000002103efe0800):  JavaThread "C2 CompilerThread1" daemon [_thread_in_native, id=4132, stack(0x0000002e93500000,0x0000002e93600000)]


Current CompileTask:
C2:  22399 10304       4       org.gradle.cache.internal.btree.FreeListBlockStore::read (12 bytes)

Stack: [0x0000002e93500000,0x0000002e93600000]
Native frames: (J=compiled Java code, j=interpreted, Vv=VM code, C=native code)
V  [jvm.dll+0x6100fa]
V  [jvm.dll+0x747090]
V  [jvm.dll+0x7486ad]
V  [jvm.dll+0x748d83]
V  [jvm.dll+0x24ab48]
V  [jvm.dll+0xc04dc]
V  [jvm.dll+0xc0a0c]
V  [jvm.dll+0x202ad1]
V  [jvm.dll+0x5a160d]
V  [jvm.dll+0x5a518b]
V  [jvm.dll+0x203152]
V  [jvm.dll+0x202437]
V  [jvm.dll+0x188e01]
V  [jvm.dll+0x21106b]
V  [jvm.dll+0x20f8c1]
V  [jvm.dll+0x70de0f]
V  [jvm.dll+0x706a75]
V  [jvm.dll+0x60ed66]
C  [ucrtbase.dll+0x21bb2]
C  [KERNEL32.DLL+0x17034]
C  [ntdll.dll+0x52651]


---------------  P R O C E S S  ---------------

Threads class SMR info:
_java_thread_list=0x0000021048e8f5b0, length=134, elements={
0x000002102349a000, 0x000002103e19c000, 0x000002103e1a6000, 0x000002103e1ff800,
0x000002103e203000, 0x000002103e204800, 0x000002103e207000, 0x000002103e20a800,
0x000002103e213800, 0x000002103e257000, 0x0000021040197800, 0x00000210405b5000,
0x0000021044bef800, 0x0000021042f92000, 0x000002103f552800, 0x0000021044c50000,
0x0000021045502800, 0x000002104162a800, 0x0000021045052800, 0x0000021043b1b000,
0x0000021043b17000, 0x0000021043b17800, 0x0000021043b19800, 0x0000021043b18800,
0x0000021043b1a000, 0x0000021043b15000, 0x0000021043b1b800, 0x0000021043b16000,
0x00000210448a1000, 0x00000210448a0000, 0x00000210448a4000, 0x000002104489e800,
0x0000021043646000, 0x0000021043643000, 0x0000021043643800, 0x0000021043640800,
0x0000021043647000, 0x0000021043644800, 0x0000021043645800, 0x0000021043641000,
0x0000021043647800, 0x0000021043642000, 0x000002104364d800, 0x000002104364c000,
0x000002104364c800, 0x000002104364e800, 0x000002104364b000, 0x0000021043648800,
0x000002104364f000, 0x0000021043649800, 0x000002104364a000, 0x000002104300f000,
0x0000021043010000, 0x0000021043013000, 0x0000021043011000, 0x0000021043011800,
0x0000021043012800, 0x0000021043014000, 0x000002104300e800, 0x0000021043019000,
0x0000021043015000, 0x0000021043015800, 0x000002104301a000, 0x0000021043017800,
0x0000021043018000, 0x000002104301a800, 0x000002104301b800, 0x000002104301c000,
0x0000021043016800, 0x000002104301d000, 0x0000021043220800, 0x0000021043221800,
0x0000021043222000, 0x0000021043224000, 0x000002104321e000, 0x0000021043224800,
0x0000021043223000, 0x000002104321f000, 0x0000021043225800, 0x0000021043220000,
0x0000021043228000, 0x000002104322a800, 0x0000021043229800, 0x0000021043228800,
0x0000021043226800, 0x000002104322b000, 0x000002104322c000, 0x000002104322d000,
0x0000021043227000, 0x000002104396e800, 0x000002104396f800, 0x000002104396a800,
0x000002104396d000, 0x0000021043969800, 0x000002104396d800, 0x0000021043970000,
0x0000021043971000, 0x000002104396b000, 0x0000021043971800, 0x000002104396c000,
0x0000021043975000, 0x0000021043972800, 0x0000021043976800, 0x0000021043977800,
0x0000021043973800, 0x0000021043978000, 0x0000021043976000, 0x0000021043974000,
0x00000210405de800, 0x00000210405dc000, 0x00000210405dd000, 0x00000210405dd800,
0x00000210405d9000, 0x00000210405db000, 0x00000210405df800, 0x00000210405da800,
0x00000210405d9800, 0x00000210405e3800, 0x00000210405e4000, 0x00000210405e5000,
0x00000210405e6000, 0x000002103efe0800, 0x00000210405e1800, 0x00000210405e2800,
0x00000210405e6800, 0x00000210405e1000, 0x00000210405e7800, 0x0000021043857000,
0x0000021043855800, 0x0000021043854800, 0x000002104385b800, 0x0000021043858000,
0x000002104385a800, 0x0000021043859000
}

Java Threads: ( => current thread )
  0x000002102349a000 JavaThread "main" [_thread_blocked, id=22836, stack(0x0000002e92500000,0x0000002e92600000)]
  0x000002103e19c000 JavaThread "Reference Handler" daemon [_thread_blocked, id=19384, stack(0x0000002e92c00000,0x0000002e92d00000)]
  0x000002103e1a6000 JavaThread "Finalizer" daemon [_thread_blocked, id=15080, stack(0x0000002e92d00000,0x0000002e92e00000)]
  0x000002103e1ff800 JavaThread "Signal Dispatcher" daemon [_thread_blocked, id=18304, stack(0x0000002e92e00000,0x0000002e92f00000)]
  0x000002103e203000 JavaThread "Attach Listener" daemon [_thread_blocked, id=18308, stack(0x0000002e92f00000,0x0000002e93000000)]
  0x000002103e204800 JavaThread "Service Thread" daemon [_thread_blocked, id=16960, stack(0x0000002e93000000,0x0000002e93100000)]
  0x000002103e207000 JavaThread "C2 CompilerThread0" daemon [_thread_in_native, id=16236, stack(0x0000002e93100000,0x0000002e93200000)]
  0x000002103e20a800 JavaThread "C1 CompilerThread0" daemon [_thread_blocked, id=9592, stack(0x0000002e93200000,0x0000002e93300000)]
  0x000002103e213800 JavaThread "Sweeper thread" daemon [_thread_blocked, id=19352, stack(0x0000002e93300000,0x0000002e93400000)]
  0x000002103e257000 JavaThread "Common-Cleaner" daemon [_thread_blocked, id=4720, stack(0x0000002e93400000,0x0000002e93500000)]
  0x0000021040197800 JavaThread "Daemon health stats" [_thread_blocked, id=18348, stack(0x0000002e93d00000,0x0000002e93e00000)]
  0x00000210405b5000 JavaThread "Incoming local TCP Connector on port 63787" [_thread_in_native, id=11000, stack(0x0000002e93e00000,0x0000002e93f00000)]
  0x0000021044bef800 JavaThread "Daemon periodic checks" [_thread_blocked, id=22336, stack(0x0000002e93f00000,0x0000002e94000000)]
  0x0000021042f92000 JavaThread "Daemon" [_thread_blocked, id=22644, stack(0x0000002e94000000,0x0000002e94100000)]
  0x000002103f552800 JavaThread "Handler for socket connection from /127.0.0.1:63787 to /127.0.0.1:63788" [_thread_in_native, id=18664, stack(0x0000002e94100000,0x0000002e94200000)]
  0x0000021044c50000 JavaThread "Cancel handler" [_thread_blocked, id=18920, stack(0x0000002e94200000,0x0000002e94300000)]
  0x0000021045502800 JavaThread "Daemon worker" [_thread_blocked, id=7188, stack(0x0000002e94300000,0x0000002e94400000)]
  0x000002104162a800 JavaThread "Asynchronous log dispatcher for DefaultDaemonConnection: socket connection from /127.0.0.1:63787 to /127.0.0.1:63788" [_thread_blocked, id=18900, stack(0x0000002e94400000,0x0000002e94500000)]
  0x0000021045052800 JavaThread "Stdin handler" [_thread_blocked, id=22192, stack(0x0000002e94500000,0x0000002e94600000)]
  0x0000021043b1b000 JavaThread "Daemon client event forwarder" [_thread_blocked, id=10828, stack(0x0000002e94600000,0x0000002e94700000)]
  0x0000021043b17000 JavaThread "Cache worker for journal cache (C:\Users\vyg0615\.gradle\caches\journal-1)" [_thread_blocked, id=19536, stack(0x0000002e94a00000,0x0000002e94b00000)]
  0x0000021043b17800 JavaThread "File lock request listener" [_thread_in_native, id=21880, stack(0x0000002e94b00000,0x0000002e94c00000)]
  0x0000021043b19800 JavaThread "Cache worker for file hash cache (C:\Users\vyg0615\.gradle\caches\7.4\fileHashes)" [_thread_blocked, id=4752, stack(0x0000002e94c00000,0x0000002e94d00000)]
  0x0000021043b18800 JavaThread "File watcher server" daemon [_thread_in_native, id=2896, stack(0x0000002e94d00000,0x0000002e94e00000)]
  0x0000021043b1a000 JavaThread "File watcher consumer" daemon [_thread_blocked, id=13576, stack(0x0000002e94e00000,0x0000002e94f00000)]
  0x0000021043b15000 JavaThread "Cache worker for checksums cache (C:\Users\vyg0615\AndroidStudioProjects\FCMPushNotification\.gradle\7.4\checksums)" [_thread_blocked, id=20740, stack(0x0000002e94f00000,0x0000002e95000000)]
  0x0000021043b1b800 JavaThread "Cache worker for cache directory md-rule (C:\Users\vyg0615\.gradle\caches\7.4\md-rule)" [_thread_blocked, id=3324, stack(0x0000002e95000000,0x0000002e95100000)]
  0x0000021043b16000 JavaThread "Cache worker for file hash cache (C:\Users\vyg0615\AndroidStudioProjects\FCMPushNotification\.gradle\7.4\fileHashes)" [_thread_blocked, id=22488, stack(0x0000002e95100000,0x0000002e95200000)]
  0x00000210448a1000 JavaThread "Cache worker for cache directory md-supplier (C:\Users\vyg0615\.gradle\caches\7.4\md-supplier)" [_thread_blocked, id=14984, stack(0x0000002e95200000,0x0000002e95300000)]
  0x00000210448a0000 JavaThread "Cache worker for execution history cache (C:\Users\vyg0615\.gradle\caches\7.4\executionHistory)" [_thread_blocked, id=7900, stack(0x0000002e95300000,0x0000002e95400000)]
  0x00000210448a4000 JavaThread "jar transforms" [_thread_blocked, id=23372, stack(0x0000002e95400000,0x0000002e95500000)]
  0x000002104489e800 JavaThread "Cache worker for file content cache (C:\Users\vyg0615\.gradle\caches\7.4\fileContent)" [_thread_blocked, id=20156, stack(0x0000002e95500000,0x0000002e95600000)]
  0x0000021043646000 JavaThread "jar transforms Thread 2" [_thread_blocked, id=4124, stack(0x0000002e95600000,0x0000002e95700000)]
  0x0000021043643000 JavaThread "Cache worker for dependencies-accessors (C:\Users\vyg0615\AndroidStudioProjects\FCMPushNotification\.gradle\7.4\dependencies-accessors)" [_thread_blocked, id=19416, stack(0x0000002e95700000,0x0000002e95800000)]
  0x0000021043643800 JavaThread "jar transforms Thread 3" [_thread_blocked, id=18444, stack(0x0000002e95800000,0x0000002e95900000)]
  0x0000021043640800 JavaThread "Cache worker for Build Output Cleanup Cache (C:\Users\vyg0615\AndroidStudioProjects\FCMPushNotification\.gradle\buildOutputCleanup)" [_thread_blocked, id=15492, stack(0x0000002e95900000,0x0000002e95a00000)]
  0x0000021043647000 JavaThread "Unconstrained build operations" [_thread_in_native, id=18536, stack(0x0000002e93700000,0x0000002e93800000)]
  0x0000021043644800 JavaThread "Unconstrained build operations Thread 2" [_thread_blocked, id=22784, stack(0x0000002e95a00000,0x0000002e95b00000)]
  0x0000021043645800 JavaThread "Unconstrained build operations Thread 3" [_thread_in_Java, id=3092, stack(0x0000002e95b00000,0x0000002e95c00000)]
  0x0000021043641000 JavaThread "Unconstrained build operations Thread 4" [_thread_blocked, id=21260, stack(0x0000002e95c00000,0x0000002e95d00000)]
  0x0000021043647800 JavaThread "Unconstrained build operations Thread 5" [_thread_blocked, id=20060, stack(0x0000002e95d00000,0x0000002e95e00000)]
  0x0000021043642000 JavaThread "Unconstrained build operations Thread 6" [_thread_blocked, id=22760, stack(0x0000002e95e00000,0x0000002e95f00000)]
  0x000002104364d800 JavaThread "Unconstrained build operations Thread 7" [_thread_blocked, id=21488, stack(0x0000002e95f00000,0x0000002e96000000)]
  0x000002104364c000 JavaThread "Unconstrained build operations Thread 8" [_thread_blocked, id=17556, stack(0x0000002e96000000,0x0000002e96100000)]
  0x000002104364c800 JavaThread "Unconstrained build operations Thread 9" [_thread_blocked, id=2916, stack(0x0000002e96100000,0x0000002e96200000)]
  0x000002104364e800 JavaThread "Unconstrained build operations Thread 10" [_thread_blocked, id=20688, stack(0x0000002e96200000,0x0000002e96300000)]
  0x000002104364b000 JavaThread "Unconstrained build operations Thread 11" [_thread_blocked, id=10020, stack(0x0000002e96300000,0x0000002e96400000)]
  0x0000021043648800 JavaThread "Unconstrained build operations Thread 12" [_thread_blocked, id=6732, stack(0x0000002e96400000,0x0000002e96500000)]
  0x000002104364f000 JavaThread "Unconstrained build operations Thread 13" [_thread_blocked, id=6588, stack(0x0000002e96500000,0x0000002e96600000)]
  0x0000021043649800 JavaThread "Unconstrained build operations Thread 14" [_thread_blocked, id=4128, stack(0x0000002e96600000,0x0000002e96700000)]
  0x000002104364a000 JavaThread "Unconstrained build operations Thread 15" [_thread_blocked, id=18728, stack(0x0000002e96700000,0x0000002e96800000)]
  0x000002104300f000 JavaThread "Unconstrained build operations Thread 16" [_thread_blocked, id=20128, stack(0x0000002e96800000,0x0000002e96900000)]
  0x0000021043010000 JavaThread "Unconstrained build operations Thread 17" [_thread_blocked, id=21820, stack(0x0000002e96900000,0x0000002e96a00000)]
  0x0000021043013000 JavaThread "Unconstrained build operations Thread 18" [_thread_in_Java, id=19916, stack(0x0000002e96a00000,0x0000002e96b00000)]
  0x0000021043011000 JavaThread "Unconstrained build operations Thread 19" [_thread_blocked, id=4420, stack(0x0000002e96b00000,0x0000002e96c00000)]
  0x0000021043011800 JavaThread "Unconstrained build operations Thread 20" [_thread_blocked, id=18844, stack(0x0000002e96c00000,0x0000002e96d00000)]
  0x0000021043012800 JavaThread "Unconstrained build operations Thread 21" [_thread_blocked, id=19556, stack(0x0000002e96d00000,0x0000002e96e00000)]
  0x0000021043014000 JavaThread "Unconstrained build operations Thread 22" [_thread_blocked, id=22064, stack(0x0000002e96e00000,0x0000002e96f00000)]
  0x000002104300e800 JavaThread "Unconstrained build operations Thread 23" [_thread_blocked, id=12976, stack(0x0000002e96f00000,0x0000002e97000000)]
  0x0000021043019000 JavaThread "Unconstrained build operations Thread 24" [_thread_blocked, id=6032, stack(0x0000002e97000000,0x0000002e97100000)]
  0x0000021043015000 JavaThread "Unconstrained build operations Thread 25" [_thread_blocked, id=20772, stack(0x0000002e97100000,0x0000002e97200000)]
  0x0000021043015800 JavaThread "Unconstrained build operations Thread 26" [_thread_blocked, id=21388, stack(0x0000002e97200000,0x0000002e97300000)]
  0x000002104301a000 JavaThread "Unconstrained build operations Thread 27" [_thread_blocked, id=16740, stack(0x0000002e97300000,0x0000002e97400000)]
  0x0000021043017800 JavaThread "Unconstrained build operations Thread 28" [_thread_blocked, id=21256, stack(0x0000002e97400000,0x0000002e97500000)]
  0x0000021043018000 JavaThread "Unconstrained build operations Thread 29" [_thread_in_native, id=6684, stack(0x0000002e97500000,0x0000002e97600000)]
  0x000002104301a800 JavaThread "Unconstrained build operations Thread 30" [_thread_blocked, id=16148, stack(0x0000002e97600000,0x0000002e97700000)]
  0x000002104301b800 JavaThread "Unconstrained build operations Thread 31" [_thread_blocked, id=22996, stack(0x0000002e97700000,0x0000002e97800000)]
  0x000002104301c000 JavaThread "Unconstrained build operations Thread 32" [_thread_blocked, id=23524, stack(0x0000002e97800000,0x0000002e97900000)]
  0x0000021043016800 JavaThread "Unconstrained build operations Thread 33" [_thread_blocked, id=7056, stack(0x0000002e97900000,0x0000002e97a00000)]
  0x000002104301d000 JavaThread "Unconstrained build operations Thread 34" [_thread_blocked, id=308, stack(0x0000002e97a00000,0x0000002e97b00000)]
  0x0000021043220800 JavaThread "Unconstrained build operations Thread 35" [_thread_blocked, id=15368, stack(0x0000002e97b00000,0x0000002e97c00000)]
  0x0000021043221800 JavaThread "Unconstrained build operations Thread 36" [_thread_blocked, id=20996, stack(0x0000002e97c00000,0x0000002e97d00000)]
  0x0000021043222000 JavaThread "Unconstrained build operations Thread 37" [_thread_blocked, id=11064, stack(0x0000002e97d00000,0x0000002e97e00000)]
  0x0000021043224000 JavaThread "Unconstrained build operations Thread 38" [_thread_blocked, id=16772, stack(0x0000002e97e00000,0x0000002e97f00000)]
  0x000002104321e000 JavaThread "Unconstrained build operations Thread 39" [_thread_blocked, id=22668, stack(0x0000002e97f00000,0x0000002e98000000)]
  0x0000021043224800 JavaThread "Unconstrained build operations Thread 40" [_thread_blocked, id=14952, stack(0x0000002e98000000,0x0000002e98100000)]
  0x0000021043223000 JavaThread "Unconstrained build operations Thread 41" [_thread_blocked, id=23300, stack(0x0000002e98100000,0x0000002e98200000)]
  0x000002104321f000 JavaThread "Unconstrained build operations Thread 42" [_thread_blocked, id=364, stack(0x0000002e98200000,0x0000002e98300000)]
  0x0000021043225800 JavaThread "Unconstrained build operations Thread 43" [_thread_blocked, id=21964, stack(0x0000002e98300000,0x0000002e98400000)]
  0x0000021043220000 JavaThread "Unconstrained build operations Thread 44" [_thread_in_native, id=16520, stack(0x0000002e98400000,0x0000002e98500000)]
  0x0000021043228000 JavaThread "Unconstrained build operations Thread 45" [_thread_blocked, id=17316, stack(0x0000002e98500000,0x0000002e98600000)]
  0x000002104322a800 JavaThread "Unconstrained build operations Thread 46" [_thread_blocked, id=17368, stack(0x0000002e98600000,0x0000002e98700000)]
  0x0000021043229800 JavaThread "Unconstrained build operations Thread 47" [_thread_blocked, id=22924, stack(0x0000002e98700000,0x0000002e98800000)]
  0x0000021043228800 JavaThread "Unconstrained build operations Thread 48" [_thread_blocked, id=15100, stack(0x0000002e98800000,0x0000002e98900000)]
  0x0000021043226800 JavaThread "Unconstrained build operations Thread 49" [_thread_blocked, id=20700, stack(0x0000002e98900000,0x0000002e98a00000)]
  0x000002104322b000 JavaThread "Unconstrained build operations Thread 50" [_thread_blocked, id=23260, stack(0x0000002e98a00000,0x0000002e98b00000)]
  0x000002104322c000 JavaThread "Unconstrained build operations Thread 51" [_thread_blocked, id=21520, stack(0x0000002e98b00000,0x0000002e98c00000)]
  0x000002104322d000 JavaThread "Unconstrained build operations Thread 52" [_thread_blocked, id=9240, stack(0x0000002e98c00000,0x0000002e98d00000)]
  0x0000021043227000 JavaThread "Unconstrained build operations Thread 53" [_thread_blocked, id=15520, stack(0x0000002e98d00000,0x0000002e98e00000)]
  0x000002104396e800 JavaThread "Unconstrained build operations Thread 54" [_thread_blocked, id=19256, stack(0x0000002e98e00000,0x0000002e98f00000)]
  0x000002104396f800 JavaThread "Unconstrained build operations Thread 55" [_thread_blocked, id=17848, stack(0x0000002e98f00000,0x0000002e99000000)]
  0x000002104396a800 JavaThread "Unconstrained build operations Thread 56" [_thread_blocked, id=6888, stack(0x0000002e99000000,0x0000002e99100000)]
  0x000002104396d000 JavaThread "Unconstrained build operations Thread 57" [_thread_blocked, id=14456, stack(0x0000002e99100000,0x0000002e99200000)]
  0x0000021043969800 JavaThread "Unconstrained build operations Thread 58" [_thread_blocked, id=9920, stack(0x0000002e99200000,0x0000002e99300000)]
  0x000002104396d800 JavaThread "Unconstrained build operations Thread 59" [_thread_in_native, id=4572, stack(0x0000002e99300000,0x0000002e99400000)]
  0x0000021043970000 JavaThread "Unconstrained build operations Thread 60" [_thread_blocked, id=20460, stack(0x0000002e99400000,0x0000002e99500000)]
  0x0000021043971000 JavaThread "Unconstrained build operations Thread 61" [_thread_blocked, id=18260, stack(0x0000002e99500000,0x0000002e99600000)]
  0x000002104396b000 JavaThread "Unconstrained build operations Thread 62" [_thread_blocked, id=23004, stack(0x0000002e99600000,0x0000002e99700000)]
  0x0000021043971800 JavaThread "Unconstrained build operations Thread 63" [_thread_blocked, id=18740, stack(0x0000002e99700000,0x0000002e99800000)]
  0x000002104396c000 JavaThread "Unconstrained build operations Thread 64" [_thread_blocked, id=18752, stack(0x0000002e99800000,0x0000002e99900000)]
  0x0000021043975000 JavaThread "Unconstrained build operations Thread 65" [_thread_blocked, id=21708, stack(0x0000002e99900000,0x0000002e99a00000)]
  0x0000021043972800 JavaThread "Unconstrained build operations Thread 66" [_thread_blocked, id=4948, stack(0x0000002e99a00000,0x0000002e99b00000)]
  0x0000021043976800 JavaThread "Unconstrained build operations Thread 67" [_thread_blocked, id=8252, stack(0x0000002e99b00000,0x0000002e99c00000)]
  0x0000021043977800 JavaThread "Unconstrained build operations Thread 68" [_thread_blocked, id=19740, stack(0x0000002e99c00000,0x0000002e99d00000)]
  0x0000021043973800 JavaThread "Unconstrained build operations Thread 69" [_thread_blocked, id=18840, stack(0x0000002e99d00000,0x0000002e99e00000)]
  0x0000021043978000 JavaThread "Unconstrained build operations Thread 70" [_thread_blocked, id=12604, stack(0x0000002e99e00000,0x0000002e99f00000)]
  0x0000021043976000 JavaThread "Unconstrained build operations Thread 71" [_thread_blocked, id=17384, stack(0x0000002e99f00000,0x0000002e9a000000)]
  0x0000021043974000 JavaThread "Unconstrained build operations Thread 72" [_thread_blocked, id=10948, stack(0x0000002e9a000000,0x0000002e9a100000)]
  0x00000210405de800 JavaThread "Unconstrained build operations Thread 73" [_thread_blocked, id=20224, stack(0x0000002e9a100000,0x0000002e9a200000)]
  0x00000210405dc000 JavaThread "Unconstrained build operations Thread 74" [_thread_in_native, id=20868, stack(0x0000002e9a200000,0x0000002e9a300000)]
  0x00000210405dd000 JavaThread "Unconstrained build operations Thread 75" [_thread_blocked, id=23096, stack(0x0000002e9a300000,0x0000002e9a400000)]
  0x00000210405dd800 JavaThread "Unconstrained build operations Thread 76" [_thread_blocked, id=18552, stack(0x0000002e9a400000,0x0000002e9a500000)]
  0x00000210405d9000 JavaThread "Unconstrained build operations Thread 77" [_thread_blocked, id=17744, stack(0x0000002e9a500000,0x0000002e9a600000)]
  0x00000210405db000 JavaThread "Unconstrained build operations Thread 78" [_thread_blocked, id=12732, stack(0x0000002e9a600000,0x0000002e9a700000)]
  0x00000210405df800 JavaThread "Unconstrained build operations Thread 79" [_thread_blocked, id=19724, stack(0x0000002e9a700000,0x0000002e9a800000)]
  0x00000210405da800 JavaThread "Unconstrained build operations Thread 80" [_thread_blocked, id=12344, stack(0x0000002e9a800000,0x0000002e9a900000)]
  0x00000210405d9800 JavaThread "jar transforms Thread 4" [_thread_blocked, id=17240, stack(0x0000002e9aa00000,0x0000002e9ab00000)]
  0x00000210405e3800 JavaThread "jar transforms Thread 5" [_thread_blocked, id=20696, stack(0x0000002e9ab00000,0x0000002e9ac00000)]
  0x00000210405e4000 JavaThread "jar transforms Thread 6" [_thread_blocked, id=18032, stack(0x0000002e9ac00000,0x0000002e9ad00000)]
  0x00000210405e5000 JavaThread "jar transforms Thread 7" [_thread_blocked, id=6528, stack(0x0000002e9ad00000,0x0000002e9ae00000)]
  0x00000210405e6000 JavaThread "jar transforms Thread 8" [_thread_blocked, id=10692, stack(0x0000002e9ae00000,0x0000002e9af00000)]
=>0x000002103efe0800 JavaThread "C2 CompilerThread1" daemon [_thread_in_native, id=4132, stack(0x0000002e93500000,0x0000002e93600000)]
  0x00000210405e1800 JavaThread "Thread-108" daemon [_thread_blocked, id=21600, stack(0x0000002e9af00000,0x0000002e9b000000)]
  0x00000210405e2800 JavaThread "Memory manager" [_thread_blocked, id=17868, stack(0x0000002e9b000000,0x0000002e9b100000)]
  0x00000210405e6800 JavaThread "build event listener" [_thread_blocked, id=20240, stack(0x0000002e9b100000,0x0000002e9b200000)]
  0x00000210405e1000 JavaThread "included builds" [_thread_blocked, id=17628, stack(0x0000002e9b200000,0x0000002e9b300000)]
  0x00000210405e7800 JavaThread "Execution worker for ':'" [_thread_blocked, id=1352, stack(0x0000002e9b300000,0x0000002e9b400000)]
  0x0000021043857000 JavaThread "Execution worker for ':' Thread 2" [_thread_blocked, id=9832, stack(0x0000002e9b400000,0x0000002e9b500000)]
  0x0000021043855800 JavaThread "Execution worker for ':' Thread 3" [_thread_blocked, id=3912, stack(0x0000002e9b500000,0x0000002e9b600000)]
  0x0000021043854800 JavaThread "Execution worker for ':' Thread 4" [_thread_blocked, id=12980, stack(0x0000002e9b600000,0x0000002e9b700000)]
  0x000002104385b800 JavaThread "Execution worker for ':' Thread 5" [_thread_blocked, id=16596, stack(0x0000002e9b700000,0x0000002e9b800000)]
  0x0000021043858000 JavaThread "Execution worker for ':' Thread 6" [_thread_blocked, id=3808, stack(0x0000002e9b800000,0x0000002e9b900000)]
  0x000002104385a800 JavaThread "Execution worker for ':' Thread 7" [_thread_blocked, id=9552, stack(0x0000002e9b900000,0x0000002e9ba00000)]
  0x0000021043859000 JavaThread "Cache worker for execution history cache (C:\Users\vyg0615\AndroidStudioProjects\FCMPushNotification\.gradle\7.4\executionHistory)" [_thread_blocked, id=1812, stack(0x0000002e9ba00000,0x0000002e9bb00000)]

Other Threads:
  0x000002103e199800 VMThread "VM Thread" [stack: 0x0000002e92b00000,0x0000002e92c00000] [id=23272]
  0x000002103ea78000 WatcherThread [stack: 0x0000002e93600000,0x0000002e93700000] [id=17844]
  0x00000210234b3000 GCTaskThread "GC Thread#0" [stack: 0x0000002e92600000,0x0000002e92700000] [id=15944]
  0x0000021040fc1800 GCTaskThread "GC Thread#1" [stack: 0x0000002e93800000,0x0000002e93900000] [id=16188]
  0x0000021041bff800 GCTaskThread "GC Thread#2" [stack: 0x0000002e93900000,0x0000002e93a00000] [id=19100]
  0x000002103f8fd800 GCTaskThread "GC Thread#3" [stack: 0x0000002e93a00000,0x0000002e93b00000] [id=14248]
  0x0000021040898800 GCTaskThread "GC Thread#4" [stack: 0x0000002e93b00000,0x0000002e93c00000] [id=19404]
  0x0000021040128800 GCTaskThread "GC Thread#5" [stack: 0x0000002e93c00000,0x0000002e93d00000] [id=5260]
  0x0000021043be4000 GCTaskThread "GC Thread#6" [stack: 0x0000002e94700000,0x0000002e94800000] [id=6400]
  0x0000021042eca000 GCTaskThread "GC Thread#7" [stack: 0x0000002e94800000,0x0000002e94900000] [id=8948]
  0x00000210234e2800 ConcurrentGCThread "G1 Main Marker" [stack: 0x0000002e92700000,0x0000002e92800000] [id=22788]
  0x00000210234e4000 ConcurrentGCThread "G1 Conc#0" [stack: 0x0000002e92800000,0x0000002e92900000] [id=10856]
  0x0000021043b7b000 ConcurrentGCThread "G1 Conc#1" [stack: 0x0000002e94900000,0x0000002e94a00000] [id=16500]
  0x000002103d183800 ConcurrentGCThread "G1 Refine#0" [stack: 0x0000002e92900000,0x0000002e92a00000] [id=13748]
  0x000002103d184800 ConcurrentGCThread "G1 Young RemSet Sampling" [stack: 0x0000002e92a00000,0x0000002e92b00000] [id=23448]

Threads with active compile tasks:
C2 CompilerThread0  22611 10303       4       org.gradle.cache.internal.btree.CachingBlockStore::read (56 bytes)
C2 CompilerThread1  22612 10304       4       org.gradle.cache.internal.btree.FreeListBlockStore::read (12 bytes)

VM state:not at safepoint (normal execution)

VM Mutex/Monitor currently owned by a thread: None

Heap address: 0x0000000080000000, size: 2048 MB, Compressed Oops mode: 32-bit
Narrow klass base: 0x0000000000000000, Narrow klass shift: 3
Compressed class space size: 1073741824 Address: 0x0000000100000000

Heap:
 garbage-first heap   total 258048K, used 149576K [0x0000000080000000, 0x0000000100000000)
  region size 1024K, 83 young (84992K), 11 survivors (11264K)
 Metaspace       used 87713K, capacity 89987K, committed 90192K, reserved 1128448K
  class space    used 11394K, capacity 12256K, committed 12288K, reserved 1048576K
Heap Regions: E=young(eden), S=young(survivor), O=old, HS=humongous(starts), HC=humongous(continues), CS=collection set, F=free, A=archive, TAMS=top-at-mark-start (previous, next)
|   0|0x0000000080000000, 0x0000000080100000, 0x0000000080100000|100%| O|  |TAMS 0x0000000080100000, 0x0000000080000000| Untracked 
|   1|0x0000000080100000, 0x0000000080200000, 0x0000000080200000|100%| O|  |TAMS 0x0000000080200000, 0x0000000080100000| Untracked 
|   2|0x0000000080200000, 0x0000000080300000, 0x0000000080300000|100%| O|  |TAMS 0x0000000080300000, 0x0000000080200000| Untracked 
|   3|0x0000000080300000, 0x0000000080400000, 0x0000000080400000|100%|HS|  |TAMS 0x0000000080400000, 0x0000000080300000| Complete 
|   4|0x0000000080400000, 0x0000000080500000, 0x0000000080500000|100%|HC|  |TAMS 0x0000000080500000, 0x0000000080400000| Complete 
|   5|0x0000000080500000, 0x0000000080600000, 0x0000000080600000|100%|HC|  |TAMS 0x0000000080600000, 0x0000000080500000| Complete 
|   6|0x0000000080600000, 0x0000000080700000, 0x0000000080700000|100%| O|  |TAMS 0x0000000080700000, 0x0000000080600000| Untracked 
|   7|0x0000000080700000, 0x0000000080800000, 0x0000000080800000|100%| O|  |TAMS 0x0000000080800000, 0x0000000080700000| Untracked 
|   8|0x0000000080800000, 0x0000000080900000, 0x0000000080900000|100%| O|  |TAMS 0x0000000080900000, 0x0000000080800000| Untracked 
|   9|0x0000000080900000, 0x0000000080a00000, 0x0000000080a00000|100%| O|  |TAMS 0x0000000080a00000, 0x0000000080900000| Untracked 
|  10|0x0000000080a00000, 0x0000000080b00000, 0x0000000080b00000|100%| O|  |TAMS 0x0000000080b00000, 0x0000000080a00000| Untracked 
|  11|0x0000000080b00000, 0x0000000080c00000, 0x0000000080c00000|100%| O|  |TAMS 0x0000000080c00000, 0x0000000080b00000| Untracked 
|  12|0x0000000080c00000, 0x0000000080d00000, 0x0000000080d00000|100%| O|  |TAMS 0x0000000080d00000, 0x0000000080c00000| Untracked 
|  13|0x0000000080d00000, 0x0000000080e00000, 0x0000000080e00000|100%| O|  |TAMS 0x0000000080e00000, 0x0000000080d00000| Untracked 
|  14|0x0000000080e00000, 0x0000000080f00000, 0x0000000080f00000|100%| O|  |TAMS 0x0000000080f00000, 0x0000000080e00000| Untracked 
|  15|0x0000000080f00000, 0x0000000081000000, 0x0000000081000000|100%|HS|  |TAMS 0x0000000081000000, 0x0000000080f00000| Complete 
|  16|0x0000000081000000, 0x0000000081100000, 0x0000000081100000|100%|HS|  |TAMS 0x0000000081100000, 0x0000000081000000| Complete 
|  17|0x0000000081100000, 0x0000000081200000, 0x0000000081200000|100%|HS|  |TAMS 0x0000000081200000, 0x0000000081100000| Complete 
|  18|0x0000000081200000, 0x0000000081300000, 0x0000000081300000|100%| O|  |TAMS 0x0000000081300000, 0x0000000081200000| Untracked 
|  19|0x0000000081300000, 0x0000000081400000, 0x0000000081400000|100%| O|  |TAMS 0x0000000081400000, 0x0000000081300000| Untracked 
|  20|0x0000000081400000, 0x0000000081500000, 0x0000000081500000|100%| O|  |TAMS 0x0000000081500000, 0x0000000081400000| Untracked 
|  21|0x0000000081500000, 0x0000000081600000, 0x0000000081600000|100%| O|  |TAMS 0x0000000081600000, 0x0000000081500000| Untracked 
|  22|0x0000000081600000, 0x0000000081700000, 0x0000000081700000|100%|HS|  |TAMS 0x0000000081700000, 0x0000000081600000| Complete 
|  23|0x0000000081700000, 0x0000000081800000, 0x0000000081800000|100%|HC|  |TAMS 0x0000000081800000, 0x0000000081700000| Complete 
|  24|0x0000000081800000, 0x0000000081900000, 0x0000000081900000|100%|HC|  |TAMS 0x0000000081900000, 0x0000000081800000| Complete 
|  25|0x0000000081900000, 0x0000000081a00000, 0x0000000081a00000|100%|HC|  |TAMS 0x0000000081a00000, 0x0000000081900000| Complete 
|  26|0x0000000081a00000, 0x0000000081b00000, 0x0000000081b00000|100%| O|  |TAMS 0x0000000081b00000, 0x0000000081a00000| Untracked 
|  27|0x0000000081b00000, 0x0000000081c00000, 0x0000000081c00000|100%|HS|  |TAMS 0x0000000081c00000, 0x0000000081b00000| Complete 
|  28|0x0000000081c00000, 0x0000000081d00000, 0x0000000081d00000|100%|HC|  |TAMS 0x0000000081d00000, 0x0000000081c00000| Complete 
|  29|0x0000000081d00000, 0x0000000081e00000, 0x0000000081e00000|100%| O|  |TAMS 0x0000000081e00000, 0x0000000081d00000| Untracked 
|  30|0x0000000081e00000, 0x0000000081f00000, 0x0000000081f00000|100%| O|  |TAMS 0x0000000081f00000, 0x0000000081e00000| Untracked 
|  31|0x0000000081f00000, 0x0000000082000000, 0x0000000082000000|100%| O|  |TAMS 0x0000000082000000, 0x0000000081f00000| Untracked 
|  32|0x0000000082000000, 0x0000000082100000, 0x0000000082100000|100%| O|  |TAMS 0x0000000082100000, 0x0000000082000000| Untracked 
|  33|0x0000000082100000, 0x0000000082200000, 0x0000000082200000|100%| O|  |TAMS 0x0000000082200000, 0x0000000082100000| Untracked 
|  34|0x0000000082200000, 0x0000000082300000, 0x0000000082300000|100%| O|  |TAMS 0x0000000082300000, 0x0000000082200000| Untracked 
|  35|0x0000000082300000, 0x0000000082400000, 0x0000000082400000|100%| O|  |TAMS 0x0000000082400000, 0x0000000082300000| Untracked 
|  36|0x0000000082400000, 0x0000000082500000, 0x0000000082500000|100%| O|  |TAMS 0x0000000082500000, 0x0000000082400000| Untracked 
|  37|0x0000000082500000, 0x0000000082600000, 0x0000000082600000|100%| O|  |TAMS 0x0000000082600000, 0x0000000082500000| Untracked 
|  38|0x0000000082600000, 0x0000000082700000, 0x0000000082700000|100%| O|  |TAMS 0x0000000082700000, 0x0000000082600000| Untracked 
|  39|0x0000000082700000, 0x0000000082800000, 0x0000000082800000|100%| O|  |TAMS 0x0000000082800000, 0x0000000082700000| Untracked 
|  40|0x0000000082800000, 0x0000000082900000, 0x0000000082900000|100%| O|  |TAMS 0x0000000082900000, 0x0000000082800000| Untracked 
|  41|0x0000000082900000, 0x0000000082a00000, 0x0000000082a00000|100%| O|  |TAMS 0x0000000082a00000, 0x0000000082900000| Untracked 
|  42|0x0000000082a00000, 0x0000000082b00000, 0x0000000082b00000|100%| O|  |TAMS 0x0000000082b00000, 0x0000000082a00000| Untracked 
|  43|0x0000000082b00000, 0x0000000082c00000, 0x0000000082c00000|100%| O|  |TAMS 0x0000000082c00000, 0x0000000082b00000| Untracked 
|  44|0x0000000082c00000, 0x0000000082d00000, 0x0000000082d00000|100%| O|  |TAMS 0x0000000082d00000, 0x0000000082c00000| Untracked 
|  45|0x0000000082d00000, 0x0000000082e00000, 0x0000000082e00000|100%| O|  |TAMS 0x0000000082e00000, 0x0000000082d00000| Untracked 
|  46|0x0000000082e00000, 0x0000000082f00000, 0x0000000082f00000|100%| O|  |TAMS 0x0000000082f00000, 0x0000000082e00000| Untracked 
|  47|0x0000000082f00000, 0x0000000083000000, 0x0000000083000000|100%| O|  |TAMS 0x0000000082fcc200, 0x0000000082f00000| Untracked 
|  48|0x0000000083000000, 0x0000000083100000, 0x0000000083100000|100%| O|  |TAMS 0x0000000083000000, 0x0000000083000000| Untracked 
|  49|0x0000000083100000, 0x0000000083200000, 0x0000000083200000|100%| O|  |TAMS 0x0000000083100000, 0x0000000083100000| Untracked 
|  50|0x0000000083200000, 0x0000000083300000, 0x0000000083300000|100%| O|  |TAMS 0x0000000083200000, 0x0000000083200000| Untracked 
|  51|0x0000000083300000, 0x0000000083400000, 0x0000000083400000|100%| O|  |TAMS 0x0000000083300000, 0x0000000083300000| Untracked 
|  52|0x0000000083400000, 0x0000000083500000, 0x0000000083500000|100%| O|  |TAMS 0x0000000083400000, 0x0000000083400000| Untracked 
|  53|0x0000000083500000, 0x0000000083600000, 0x0000000083600000|100%| O|  |TAMS 0x0000000083500000, 0x0000000083500000| Untracked 
|  54|0x0000000083600000, 0x0000000083700000, 0x0000000083700000|100%| O|  |TAMS 0x0000000083600000, 0x0000000083600000| Untracked 
|  55|0x0000000083700000, 0x0000000083800000, 0x0000000083800000|100%| O|  |TAMS 0x0000000083700000, 0x0000000083700000| Untracked 
|  56|0x0000000083800000, 0x0000000083900000, 0x0000000083900000|100%| O|  |TAMS 0x0000000083800000, 0x0000000083800000| Untracked 
|  57|0x0000000083900000, 0x0000000083a00000, 0x0000000083a00000|100%| O|  |TAMS 0x0000000083900000, 0x0000000083900000| Untracked 
|  58|0x0000000083a00000, 0x0000000083b00000, 0x0000000083b00000|100%| O|  |TAMS 0x0000000083a00000, 0x0000000083a00000| Untracked 
|  59|0x0000000083b00000, 0x0000000083c00000, 0x0000000083c00000|100%| O|  |TAMS 0x0000000083b00000, 0x0000000083b00000| Untracked 
|  60|0x0000000083c00000, 0x0000000083d00000, 0x0000000083d00000|100%| O|  |TAMS 0x0000000083c00000, 0x0000000083c00000| Untracked 
|  61|0x0000000083d00000, 0x0000000083e00000, 0x0000000083e00000|100%| O|  |TAMS 0x0000000083d00000, 0x0000000083d00000| Untracked 
|  62|0x0000000083e00000, 0x0000000083f00000, 0x0000000083f00000|100%| O|  |TAMS 0x0000000083e00000, 0x0000000083e00000| Untracked 
|  63|0x0000000083f00000, 0x0000000084000000, 0x0000000084000000|100%| O|  |TAMS 0x0000000083f00000, 0x0000000083f00000| Untracked 
|  64|0x0000000084000000, 0x0000000084012200, 0x0000000084100000|  7%| O|  |TAMS 0x0000000084000000, 0x0000000084000000| Untracked 
|  65|0x0000000084100000, 0x0000000084100000, 0x0000000084200000|  0%| F|  |TAMS 0x0000000084100000, 0x0000000084100000| Untracked 
|  66|0x0000000084200000, 0x0000000084200000, 0x0000000084300000|  0%| F|  |TAMS 0x0000000084200000, 0x0000000084200000| Untracked 
|  67|0x0000000084300000, 0x0000000084300000, 0x0000000084400000|  0%| F|  |TAMS 0x0000000084300000, 0x0000000084300000| Untracked 
|  68|0x0000000084400000, 0x0000000084400000, 0x0000000084500000|  0%| F|  |TAMS 0x0000000084400000, 0x0000000084400000| Untracked 
|  69|0x0000000084500000, 0x0000000084500000, 0x0000000084600000|  0%| F|  |TAMS 0x0000000084500000, 0x0000000084500000| Untracked 
|  70|0x0000000084600000, 0x0000000084600000, 0x0000000084700000|  0%| F|  |TAMS 0x0000000084600000, 0x0000000084600000| Untracked 
|  71|0x0000000084700000, 0x0000000084700000, 0x0000000084800000|  0%| F|  |TAMS 0x0000000084700000, 0x0000000084700000| Untracked 
|  72|0x0000000084800000, 0x0000000084800000, 0x0000000084900000|  0%| F|  |TAMS 0x0000000084800000, 0x0000000084800000| Untracked 
|  73|0x0000000084900000, 0x0000000084900000, 0x0000000084a00000|  0%| F|  |TAMS 0x0000000084900000, 0x0000000084900000| Untracked 
|  74|0x0000000084a00000, 0x0000000084a00000, 0x0000000084b00000|  0%| F|  |TAMS 0x0000000084a00000, 0x0000000084a00000| Untracked 
|  75|0x0000000084b00000, 0x0000000084b00000, 0x0000000084c00000|  0%| F|  |TAMS 0x0000000084b00000, 0x0000000084b00000| Untracked 
|  76|0x0000000084c00000, 0x0000000084c00000, 0x0000000084d00000|  0%| F|  |TAMS 0x0000000084c00000, 0x0000000084c00000| Untracked 
|  77|0x0000000084d00000, 0x0000000084d00000, 0x0000000084e00000|  0%| F|  |TAMS 0x0000000084d00000, 0x0000000084d00000| Untracked 
|  78|0x0000000084e00000, 0x0000000084e00000, 0x0000000084f00000|  0%| F|  |TAMS 0x0000000084e00000, 0x0000000084e00000| Untracked 
|  79|0x0000000084f00000, 0x0000000084f00000, 0x0000000085000000|  0%| F|  |TAMS 0x0000000084f00000, 0x0000000084f00000| Untracked 
|  80|0x0000000085000000, 0x0000000085000000, 0x0000000085100000|  0%| F|  |TAMS 0x0000000085000000, 0x0000000085000000| Untracked 
|  81|0x0000000085100000, 0x0000000085100000, 0x0000000085200000|  0%| F|  |TAMS 0x0000000085100000, 0x0000000085100000| Untracked 
|  82|0x0000000085200000, 0x0000000085200000, 0x0000000085300000|  0%| F|  |TAMS 0x0000000085200000, 0x0000000085200000| Untracked 
|  83|0x0000000085300000, 0x0000000085300000, 0x0000000085400000|  0%| F|  |TAMS 0x0000000085300000, 0x0000000085300000| Untracked 
|  84|0x0000000085400000, 0x0000000085400000, 0x0000000085500000|  0%| F|  |TAMS 0x0000000085400000, 0x0000000085400000| Untracked 
|  85|0x0000000085500000, 0x0000000085500000, 0x0000000085600000|  0%| F|  |TAMS 0x0000000085500000, 0x0000000085500000| Untracked 
|  86|0x0000000085600000, 0x0000000085600000, 0x0000000085700000|  0%| F|  |TAMS 0x0000000085600000, 0x0000000085600000| Untracked 
|  87|0x0000000085700000, 0x0000000085700000, 0x0000000085800000|  0%| F|  |TAMS 0x0000000085700000, 0x0000000085700000| Untracked 
|  88|0x0000000085800000, 0x0000000085800000, 0x0000000085900000|  0%| F|  |TAMS 0x0000000085800000, 0x0000000085800000| Untracked 
|  89|0x0000000085900000, 0x0000000085900000, 0x0000000085a00000|  0%| F|  |TAMS 0x0000000085900000, 0x0000000085900000| Untracked 
|  90|0x0000000085a00000, 0x0000000085a00000, 0x0000000085b00000|  0%| F|  |TAMS 0x0000000085a00000, 0x0000000085a00000| Untracked 
|  91|0x0000000085b00000, 0x0000000085b00000, 0x0000000085c00000|  0%| F|  |TAMS 0x0000000085b00000, 0x0000000085b00000| Untracked 
|  92|0x0000000085c00000, 0x0000000085c00000, 0x0000000085d00000|  0%| F|  |TAMS 0x0000000085c00000, 0x0000000085c00000| Untracked 
|  93|0x0000000085d00000, 0x0000000085d00000, 0x0000000085e00000|  0%| F|  |TAMS 0x0000000085d00000, 0x0000000085d00000| Untracked 
|  94|0x0000000085e00000, 0x0000000085e00000, 0x0000000085f00000|  0%| F|  |TAMS 0x0000000085e00000, 0x0000000085e00000| Untracked 
|  95|0x0000000085f00000, 0x0000000085f00000, 0x0000000086000000|  0%| F|  |TAMS 0x0000000085f00000, 0x0000000085f00000| Untracked 
|  96|0x0000000086000000, 0x0000000086000000, 0x0000000086100000|  0%| F|  |TAMS 0x0000000086000000, 0x0000000086000000| Untracked 
|  97|0x0000000086100000, 0x0000000086100000, 0x0000000086200000|  0%| F|  |TAMS 0x0000000086100000, 0x0000000086100000| Untracked 
|  98|0x0000000086200000, 0x0000000086200000, 0x0000000086300000|  0%| F|  |TAMS 0x0000000086200000, 0x0000000086200000| Untracked 
|  99|0x0000000086300000, 0x0000000086300000, 0x0000000086400000|  0%| F|  |TAMS 0x0000000086300000, 0x0000000086300000| Untracked 
| 100|0x0000000086400000, 0x0000000086400000, 0x0000000086500000|  0%| F|  |TAMS 0x0000000086400000, 0x0000000086400000| Untracked 
| 101|0x0000000086500000, 0x0000000086500000, 0x0000000086600000|  0%| F|  |TAMS 0x0000000086500000, 0x0000000086500000| Untracked 
| 102|0x0000000086600000, 0x0000000086600000, 0x0000000086700000|  0%| F|  |TAMS 0x0000000086600000, 0x0000000086600000| Untracked 
| 103|0x0000000086700000, 0x0000000086700000, 0x0000000086800000|  0%| F|  |TAMS 0x0000000086700000, 0x0000000086700000| Untracked 
| 104|0x0000000086800000, 0x0000000086900000, 0x0000000086900000|100%| S|CS|TAMS 0x0000000086800000, 0x0000000086800000| Complete 
| 105|0x0000000086900000, 0x0000000086a00000, 0x0000000086a00000|100%| S|CS|TAMS 0x0000000086900000, 0x0000000086900000| Complete 
| 106|0x0000000086a00000, 0x0000000086b00000, 0x0000000086b00000|100%| S|CS|TAMS 0x0000000086a00000, 0x0000000086a00000| Complete 
| 107|0x0000000086b00000, 0x0000000086b00000, 0x0000000086c00000|  0%| F|  |TAMS 0x0000000086b00000, 0x0000000086b00000| Untracked 
| 108|0x0000000086c00000, 0x0000000086c00000, 0x0000000086d00000|  0%| F|  |TAMS 0x0000000086c00000, 0x0000000086c00000| Untracked 
| 109|0x0000000086d00000, 0x0000000086d00000, 0x0000000086e00000|  0%| F|  |TAMS 0x0000000086d00000, 0x0000000086d00000| Untracked 
| 110|0x0000000086e00000, 0x0000000086e00000, 0x0000000086f00000|  0%| F|  |TAMS 0x0000000086e00000, 0x0000000086e00000| Untracked 
| 111|0x0000000086f00000, 0x0000000087000000, 0x0000000087000000|100%| S|CS|TAMS 0x0000000086f00000, 0x0000000086f00000| Complete 
| 112|0x0000000087000000, 0x0000000087100000, 0x0000000087100000|100%| S|CS|TAMS 0x0000000087000000, 0x0000000087000000| Complete 
| 113|0x0000000087100000, 0x0000000087200000, 0x0000000087200000|100%| S|CS|TAMS 0x0000000087100000, 0x0000000087100000| Complete 
| 114|0x0000000087200000, 0x0000000087300000, 0x0000000087300000|100%| S|CS|TAMS 0x0000000087200000, 0x0000000087200000| Complete 
| 115|0x0000000087300000, 0x0000000087400000, 0x0000000087400000|100%| S|CS|TAMS 0x0000000087300000, 0x0000000087300000| Complete 
| 116|0x0000000087400000, 0x0000000087500000, 0x0000000087500000|100%| S|CS|TAMS 0x0000000087400000, 0x0000000087400000| Complete 
| 117|0x0000000087500000, 0x0000000087600000, 0x0000000087600000|100%| S|CS|TAMS 0x0000000087500000, 0x0000000087500000| Complete 
| 118|0x0000000087600000, 0x0000000087700000, 0x0000000087700000|100%| S|CS|TAMS 0x0000000087600000, 0x0000000087600000| Complete 
| 119|0x0000000087700000, 0x0000000087700000, 0x0000000087800000|  0%| F|  |TAMS 0x0000000087700000, 0x0000000087700000| Untracked 
| 120|0x0000000087800000, 0x0000000087800000, 0x0000000087900000|  0%| F|  |TAMS 0x0000000087800000, 0x0000000087800000| Untracked 
| 121|0x0000000087900000, 0x0000000087900000, 0x0000000087a00000|  0%| F|  |TAMS 0x0000000087900000, 0x0000000087900000| Untracked 
| 122|0x0000000087a00000, 0x0000000087a00000, 0x0000000087b00000|  0%| F|  |TAMS 0x0000000087a00000, 0x0000000087a00000| Untracked 
| 123|0x0000000087b00000, 0x0000000087b00000, 0x0000000087c00000|  0%| F|  |TAMS 0x0000000087b00000, 0x0000000087b00000| Untracked 
| 124|0x0000000087c00000, 0x0000000087c00000, 0x0000000087d00000|  0%| F|  |TAMS 0x0000000087c00000, 0x0000000087c00000| Untracked 
| 125|0x0000000087d00000, 0x0000000087d00000, 0x0000000087e00000|  0%| F|  |TAMS 0x0000000087d00000, 0x0000000087d00000| Untracked 
| 126|0x0000000087e00000, 0x0000000087e00000, 0x0000000087f00000|  0%| F|  |TAMS 0x0000000087e00000, 0x0000000087e00000| Untracked 
| 127|0x0000000087f00000, 0x0000000087f00000, 0x0000000088000000|  0%| F|  |TAMS 0x0000000087f00000, 0x0000000087f00000| Untracked 
| 128|0x0000000088000000, 0x0000000088000000, 0x0000000088100000|  0%| F|  |TAMS 0x0000000088000000, 0x0000000088000000| Untracked 
| 129|0x0000000088100000, 0x0000000088100000, 0x0000000088200000|  0%| F|  |TAMS 0x0000000088100000, 0x0000000088100000| Untracked 
| 130|0x0000000088200000, 0x0000000088200000, 0x0000000088300000|  0%| F|  |TAMS 0x0000000088200000, 0x0000000088200000| Untracked 
| 131|0x0000000088300000, 0x0000000088300000, 0x0000000088400000|  0%| F|  |TAMS 0x0000000088300000, 0x0000000088300000| Untracked 
| 132|0x0000000088400000, 0x0000000088400000, 0x0000000088500000|  0%| F|  |TAMS 0x0000000088400000, 0x0000000088400000| Untracked 
| 133|0x0000000088500000, 0x0000000088500000, 0x0000000088600000|  0%| F|  |TAMS 0x0000000088500000, 0x0000000088500000| Untracked 
| 134|0x0000000088600000, 0x0000000088600000, 0x0000000088700000|  0%| F|  |TAMS 0x0000000088600000, 0x0000000088600000| Untracked 
| 135|0x0000000088700000, 0x0000000088700000, 0x0000000088800000|  0%| F|  |TAMS 0x0000000088700000, 0x0000000088700000| Untracked 
| 136|0x0000000088800000, 0x0000000088800000, 0x0000000088900000|  0%| F|  |TAMS 0x0000000088800000, 0x0000000088800000| Untracked 
| 137|0x0000000088900000, 0x0000000088900000, 0x0000000088a00000|  0%| F|  |TAMS 0x0000000088900000, 0x0000000088900000| Untracked 
| 138|0x0000000088a00000, 0x0000000088a00000, 0x0000000088b00000|  0%| F|  |TAMS 0x0000000088a00000, 0x0000000088a00000| Untracked 
| 139|0x0000000088b00000, 0x0000000088b00000, 0x0000000088c00000|  0%| F|  |TAMS 0x0000000088b00000, 0x0000000088b00000| Untracked 
| 140|0x0000000088c00000, 0x0000000088c00000, 0x0000000088d00000|  0%| F|  |TAMS 0x0000000088c00000, 0x0000000088c00000| Untracked 
| 141|0x0000000088d00000, 0x0000000088d00000, 0x0000000088e00000|  0%| F|  |TAMS 0x0000000088d00000, 0x0000000088d00000| Untracked 
| 142|0x0000000088e00000, 0x0000000088e00000, 0x0000000088f00000|  0%| F|  |TAMS 0x0000000088e00000, 0x0000000088e00000| Untracked 
| 143|0x0000000088f00000, 0x0000000088f00000, 0x0000000089000000|  0%| F|  |TAMS 0x0000000088f00000, 0x0000000088f00000| Untracked 
| 144|0x0000000089000000, 0x0000000089000000, 0x0000000089100000|  0%| F|  |TAMS 0x0000000089000000, 0x0000000089000000| Untracked 
| 145|0x0000000089100000, 0x0000000089100000, 0x0000000089200000|  0%| F|  |TAMS 0x0000000089100000, 0x0000000089100000| Untracked 
| 146|0x0000000089200000, 0x0000000089200000, 0x0000000089300000|  0%| F|  |TAMS 0x0000000089200000, 0x0000000089200000| Untracked 
| 147|0x0000000089300000, 0x0000000089300000, 0x0000000089400000|  0%| F|  |TAMS 0x0000000089300000, 0x0000000089300000| Untracked 
| 148|0x0000000089400000, 0x0000000089400000, 0x0000000089500000|  0%| F|  |TAMS 0x0000000089400000, 0x0000000089400000| Untracked 
| 149|0x0000000089500000, 0x0000000089500000, 0x0000000089600000|  0%| F|  |TAMS 0x0000000089500000, 0x0000000089500000| Untracked 
| 150|0x0000000089600000, 0x0000000089600000, 0x0000000089700000|  0%| F|  |TAMS 0x0000000089600000, 0x0000000089600000| Untracked 
| 151|0x0000000089700000, 0x0000000089700000, 0x0000000089800000|  0%| F|  |TAMS 0x0000000089700000, 0x0000000089700000| Untracked 
| 152|0x0000000089800000, 0x0000000089800000, 0x0000000089900000|  0%| F|  |TAMS 0x0000000089800000, 0x0000000089800000| Untracked 
| 153|0x0000000089900000, 0x0000000089900000, 0x0000000089a00000|  0%| F|  |TAMS 0x0000000089900000, 0x0000000089900000| Untracked 
| 154|0x0000000089a00000, 0x0000000089a00000, 0x0000000089b00000|  0%| F|  |TAMS 0x0000000089a00000, 0x0000000089a00000| Untracked 
| 155|0x0000000089b00000, 0x0000000089b00000, 0x0000000089c00000|  0%| F|  |TAMS 0x0000000089b00000, 0x0000000089b00000| Untracked 
| 156|0x0000000089c00000, 0x0000000089c00000, 0x0000000089d00000|  0%| F|  |TAMS 0x0000000089c00000, 0x0000000089c00000| Untracked 
| 157|0x0000000089d00000, 0x0000000089d00000, 0x0000000089e00000|  0%| F|  |TAMS 0x0000000089d00000, 0x0000000089d00000| Untracked 
| 158|0x0000000089e00000, 0x0000000089e00000, 0x0000000089f00000|  0%| F|  |TAMS 0x0000000089e00000, 0x0000000089e00000| Untracked 
| 159|0x0000000089f00000, 0x0000000089f00000, 0x000000008a000000|  0%| F|  |TAMS 0x0000000089f00000, 0x0000000089f00000| Untracked 
| 160|0x000000008a000000, 0x000000008a000000, 0x000000008a100000|  0%| F|  |TAMS 0x000000008a000000, 0x000000008a000000| Untracked 
| 161|0x000000008a100000, 0x000000008a100000, 0x000000008a200000|  0%| F|  |TAMS 0x000000008a100000, 0x000000008a100000| Untracked 
| 162|0x000000008a200000, 0x000000008a200000, 0x000000008a300000|  0%| F|  |TAMS 0x000000008a200000, 0x000000008a200000| Untracked 
| 163|0x000000008a300000, 0x000000008a300000, 0x000000008a400000|  0%| F|  |TAMS 0x000000008a300000, 0x000000008a300000| Untracked 
| 164|0x000000008a400000, 0x000000008a400000, 0x000000008a500000|  0%| F|  |TAMS 0x000000008a400000, 0x000000008a400000| Untracked 
| 165|0x000000008a500000, 0x000000008a500000, 0x000000008a600000|  0%| F|  |TAMS 0x000000008a500000, 0x000000008a500000| Untracked 
| 166|0x000000008a600000, 0x000000008a600000, 0x000000008a700000|  0%| F|  |TAMS 0x000000008a600000, 0x000000008a600000| Untracked 
| 167|0x000000008a700000, 0x000000008a700000, 0x000000008a800000|  0%| F|  |TAMS 0x000000008a700000, 0x000000008a700000| Untracked 
| 168|0x000000008a800000, 0x000000008a800000, 0x000000008a900000|  0%| F|  |TAMS 0x000000008a800000, 0x000000008a800000| Untracked 
| 169|0x000000008a900000, 0x000000008a900000, 0x000000008aa00000|  0%| F|  |TAMS 0x000000008a900000, 0x000000008a900000| Untracked 
| 170|0x000000008aa00000, 0x000000008aa00000, 0x000000008ab00000|  0%| F|  |TAMS 0x000000008aa00000, 0x000000008aa00000| Untracked 
| 171|0x000000008ab00000, 0x000000008ab00000, 0x000000008ac00000|  0%| F|  |TAMS 0x000000008ab00000, 0x000000008ab00000| Untracked 
| 172|0x000000008ac00000, 0x000000008ac00000, 0x000000008ad00000|  0%| F|  |TAMS 0x000000008ac00000, 0x000000008ac00000| Untracked 
| 173|0x000000008ad00000, 0x000000008ad00000, 0x000000008ae00000|  0%| F|  |TAMS 0x000000008ad00000, 0x000000008ad00000| Untracked 
| 174|0x000000008ae00000, 0x000000008ae00000, 0x000000008af00000|  0%| F|  |TAMS 0x000000008ae00000, 0x000000008ae00000| Untracked 
| 175|0x000000008af00000, 0x000000008af00000, 0x000000008b000000|  0%| F|  |TAMS 0x000000008af00000, 0x000000008af00000| Untracked 
| 176|0x000000008b000000, 0x000000008b000000, 0x000000008b100000|  0%| F|  |TAMS 0x000000008b000000, 0x000000008b000000| Untracked 
| 177|0x000000008b100000, 0x000000008b100000, 0x000000008b200000|  0%| F|  |TAMS 0x000000008b100000, 0x000000008b100000| Untracked 
| 178|0x000000008b200000, 0x000000008b200000, 0x000000008b300000|  0%| F|  |TAMS 0x000000008b200000, 0x000000008b200000| Untracked 
| 179|0x000000008b300000, 0x000000008b300000, 0x000000008b400000|  0%| F|  |TAMS 0x000000008b300000, 0x000000008b300000| Untracked 
| 180|0x000000008b400000, 0x000000008b500000, 0x000000008b500000|100%| E|  |TAMS 0x000000008b400000, 0x000000008b400000| Complete 
| 181|0x000000008b500000, 0x000000008b600000, 0x000000008b600000|100%| E|CS|TAMS 0x000000008b500000, 0x000000008b500000| Complete 
| 182|0x000000008b600000, 0x000000008b700000, 0x000000008b700000|100%| E|CS|TAMS 0x000000008b600000, 0x000000008b600000| Complete 
| 183|0x000000008b700000, 0x000000008b800000, 0x000000008b800000|100%| E|CS|TAMS 0x000000008b700000, 0x000000008b700000| Complete 
| 184|0x000000008b800000, 0x000000008b900000, 0x000000008b900000|100%| E|CS|TAMS 0x000000008b800000, 0x000000008b800000| Complete 
| 185|0x000000008b900000, 0x000000008ba00000, 0x000000008ba00000|100%| E|CS|TAMS 0x000000008b900000, 0x000000008b900000| Complete 
| 186|0x000000008ba00000, 0x000000008bb00000, 0x000000008bb00000|100%| E|CS|TAMS 0x000000008ba00000, 0x000000008ba00000| Complete 
| 187|0x000000008bb00000, 0x000000008bc00000, 0x000000008bc00000|100%| E|CS|TAMS 0x000000008bb00000, 0x000000008bb00000| Complete 
| 188|0x000000008bc00000, 0x000000008bd00000, 0x000000008bd00000|100%| E|CS|TAMS 0x000000008bc00000, 0x000000008bc00000| Complete 
| 189|0x000000008bd00000, 0x000000008be00000, 0x000000008be00000|100%| E|CS|TAMS 0x000000008bd00000, 0x000000008bd00000| Complete 
| 190|0x000000008be00000, 0x000000008bf00000, 0x000000008bf00000|100%| E|CS|TAMS 0x000000008be00000, 0x000000008be00000| Complete 
| 191|0x000000008bf00000, 0x000000008c000000, 0x000000008c000000|100%| E|CS|TAMS 0x000000008bf00000, 0x000000008bf00000| Complete 
| 192|0x000000008c000000, 0x000000008c100000, 0x000000008c100000|100%| E|CS|TAMS 0x000000008c000000, 0x000000008c000000| Complete 
| 193|0x000000008c100000, 0x000000008c200000, 0x000000008c200000|100%| E|CS|TAMS 0x000000008c100000, 0x000000008c100000| Complete 
| 194|0x000000008c200000, 0x000000008c300000, 0x000000008c300000|100%| E|CS|TAMS 0x000000008c200000, 0x000000008c200000| Complete 
| 195|0x000000008c300000, 0x000000008c400000, 0x000000008c400000|100%| E|CS|TAMS 0x000000008c300000, 0x000000008c300000| Complete 
| 196|0x000000008c400000, 0x000000008c500000, 0x000000008c500000|100%| E|CS|TAMS 0x000000008c400000, 0x000000008c400000| Complete 
| 197|0x000000008c500000, 0x000000008c600000, 0x000000008c600000|100%| E|CS|TAMS 0x000000008c500000, 0x000000008c500000| Complete 
| 198|0x000000008c600000, 0x000000008c700000, 0x000000008c700000|100%| E|CS|TAMS 0x000000008c600000, 0x000000008c600000| Complete 
| 199|0x000000008c700000, 0x000000008c800000, 0x000000008c800000|100%| E|CS|TAMS 0x000000008c700000, 0x000000008c700000| Complete 
| 200|0x000000008c800000, 0x000000008c900000, 0x000000008c900000|100%| E|CS|TAMS 0x000000008c800000, 0x000000008c800000| Complete 
| 201|0x000000008c900000, 0x000000008ca00000, 0x000000008ca00000|100%| E|CS|TAMS 0x000000008c900000, 0x000000008c900000| Complete 
| 202|0x000000008ca00000, 0x000000008cb00000, 0x000000008cb00000|100%| E|CS|TAMS 0x000000008ca00000, 0x000000008ca00000| Complete 
| 203|0x000000008cb00000, 0x000000008cc00000, 0x000000008cc00000|100%| E|CS|TAMS 0x000000008cb00000, 0x000000008cb00000| Complete 
| 204|0x000000008cc00000, 0x000000008cd00000, 0x000000008cd00000|100%| E|CS|TAMS 0x000000008cc00000, 0x000000008cc00000| Complete 
| 205|0x000000008cd00000, 0x000000008ce00000, 0x000000008ce00000|100%| E|CS|TAMS 0x000000008cd00000, 0x000000008cd00000| Complete 
| 206|0x000000008ce00000, 0x000000008cf00000, 0x000000008cf00000|100%| E|CS|TAMS 0x000000008ce00000, 0x000000008ce00000| Complete 
| 207|0x000000008cf00000, 0x000000008d000000, 0x000000008d000000|100%| E|CS|TAMS 0x000000008cf00000, 0x000000008cf00000| Complete 
| 208|0x000000008d000000, 0x000000008d100000, 0x000000008d100000|100%| E|CS|TAMS 0x000000008d000000, 0x000000008d000000| Complete 
| 209|0x000000008d100000, 0x000000008d200000, 0x000000008d200000|100%| E|CS|TAMS 0x000000008d100000, 0x000000008d100000| Complete 
| 210|0x000000008d200000, 0x000000008d300000, 0x000000008d300000|100%| E|CS|TAMS 0x000000008d200000, 0x000000008d200000| Complete 
| 211|0x000000008d300000, 0x000000008d400000, 0x000000008d400000|100%| E|CS|TAMS 0x000000008d300000, 0x000000008d300000| Complete 
| 212|0x000000008d400000, 0x000000008d500000, 0x000000008d500000|100%| E|CS|TAMS 0x000000008d400000, 0x000000008d400000| Complete 
| 213|0x000000008d500000, 0x000000008d600000, 0x000000008d600000|100%| E|CS|TAMS 0x000000008d500000, 0x000000008d500000| Complete 
| 214|0x000000008d600000, 0x000000008d700000, 0x000000008d700000|100%| E|CS|TAMS 0x000000008d600000, 0x000000008d600000| Complete 
| 215|0x000000008d700000, 0x000000008d800000, 0x000000008d800000|100%| E|CS|TAMS 0x000000008d700000, 0x000000008d700000| Complete 
| 216|0x000000008d800000, 0x000000008d900000, 0x000000008d900000|100%| E|CS|TAMS 0x000000008d800000, 0x000000008d800000| Complete 
| 217|0x000000008d900000, 0x000000008da00000, 0x000000008da00000|100%| E|CS|TAMS 0x000000008d900000, 0x000000008d900000| Complete 
| 218|0x000000008da00000, 0x000000008db00000, 0x000000008db00000|100%| E|CS|TAMS 0x000000008da00000, 0x000000008da00000| Complete 
| 219|0x000000008db00000, 0x000000008dc00000, 0x000000008dc00000|100%| E|CS|TAMS 0x000000008db00000, 0x000000008db00000| Complete 
| 220|0x000000008dc00000, 0x000000008dd00000, 0x000000008dd00000|100%| E|CS|TAMS 0x000000008dc00000, 0x000000008dc00000| Complete 
| 221|0x000000008dd00000, 0x000000008de00000, 0x000000008de00000|100%| E|CS|TAMS 0x000000008dd00000, 0x000000008dd00000| Complete 
| 222|0x000000008de00000, 0x000000008df00000, 0x000000008df00000|100%| E|CS|TAMS 0x000000008de00000, 0x000000008de00000| Complete 
| 223|0x000000008df00000, 0x000000008e000000, 0x000000008e000000|100%| E|CS|TAMS 0x000000008df00000, 0x000000008df00000| Complete 
| 224|0x000000008e000000, 0x000000008e100000, 0x000000008e100000|100%| E|CS|TAMS 0x000000008e000000, 0x000000008e000000| Complete 
| 225|0x000000008e100000, 0x000000008e200000, 0x000000008e200000|100%| E|CS|TAMS 0x000000008e100000, 0x000000008e100000| Complete 
| 226|0x000000008e200000, 0x000000008e300000, 0x000000008e300000|100%| E|CS|TAMS 0x000000008e200000, 0x000000008e200000| Complete 
| 227|0x000000008e300000, 0x000000008e400000, 0x000000008e400000|100%| E|CS|TAMS 0x000000008e300000, 0x000000008e300000| Complete 
| 228|0x000000008e400000, 0x000000008e500000, 0x000000008e500000|100%| E|CS|TAMS 0x000000008e400000, 0x000000008e400000| Complete 
| 229|0x000000008e500000, 0x000000008e600000, 0x000000008e600000|100%| E|CS|TAMS 0x000000008e500000, 0x000000008e500000| Complete 
| 230|0x000000008e600000, 0x000000008e700000, 0x000000008e700000|100%| E|CS|TAMS 0x000000008e600000, 0x000000008e600000| Complete 
| 231|0x000000008e700000, 0x000000008e800000, 0x000000008e800000|100%| E|CS|TAMS 0x000000008e700000, 0x000000008e700000| Complete 
| 232|0x000000008e800000, 0x000000008e900000, 0x000000008e900000|100%| E|CS|TAMS 0x000000008e800000, 0x000000008e800000| Complete 
| 233|0x000000008e900000, 0x000000008ea00000, 0x000000008ea00000|100%| E|CS|TAMS 0x000000008e900000, 0x000000008e900000| Complete 
| 234|0x000000008ea00000, 0x000000008eb00000, 0x000000008eb00000|100%| E|CS|TAMS 0x000000008ea00000, 0x000000008ea00000| Complete 
| 235|0x000000008eb00000, 0x000000008ec00000, 0x000000008ec00000|100%| E|CS|TAMS 0x000000008eb00000, 0x000000008eb00000| Complete 
| 236|0x000000008ec00000, 0x000000008ed00000, 0x000000008ed00000|100%| E|CS|TAMS 0x000000008ec00000, 0x000000008ec00000| Complete 
| 237|0x000000008ed00000, 0x000000008ee00000, 0x000000008ee00000|100%| E|CS|TAMS 0x000000008ed00000, 0x000000008ed00000| Complete 
| 238|0x000000008ee00000, 0x000000008ef00000, 0x000000008ef00000|100%| E|CS|TAMS 0x000000008ee00000, 0x000000008ee00000| Complete 
| 239|0x000000008ef00000, 0x000000008f000000, 0x000000008f000000|100%| E|CS|TAMS 0x000000008ef00000, 0x000000008ef00000| Complete 
| 240|0x000000008f000000, 0x000000008f100000, 0x000000008f100000|100%| E|CS|TAMS 0x000000008f000000, 0x000000008f000000| Complete 
| 241|0x000000008f100000, 0x000000008f200000, 0x000000008f200000|100%| E|CS|TAMS 0x000000008f100000, 0x000000008f100000| Complete 
| 242|0x000000008f200000, 0x000000008f300000, 0x000000008f300000|100%| E|CS|TAMS 0x000000008f200000, 0x000000008f200000| Complete 
| 243|0x000000008f300000, 0x000000008f400000, 0x000000008f400000|100%| E|CS|TAMS 0x000000008f300000, 0x000000008f300000| Complete 
| 244|0x000000008f400000, 0x000000008f500000, 0x000000008f500000|100%| E|CS|TAMS 0x000000008f400000, 0x000000008f400000| Complete 
| 245|0x000000008f500000, 0x000000008f600000, 0x000000008f600000|100%| E|CS|TAMS 0x000000008f500000, 0x000000008f500000| Complete 
| 246|0x000000008f600000, 0x000000008f700000, 0x000000008f700000|100%| E|CS|TAMS 0x000000008f600000, 0x000000008f600000| Complete 
| 247|0x000000008f700000, 0x000000008f800000, 0x000000008f800000|100%| E|CS|TAMS 0x000000008f700000, 0x000000008f700000| Complete 
| 248|0x000000008f800000, 0x000000008f900000, 0x000000008f900000|100%| E|CS|TAMS 0x000000008f800000, 0x000000008f800000| Complete 
| 249|0x000000008f900000, 0x000000008fa00000, 0x000000008fa00000|100%| E|CS|TAMS 0x000000008f900000, 0x000000008f900000| Complete 
| 250|0x000000008fa00000, 0x000000008fb00000, 0x000000008fb00000|100%| E|CS|TAMS 0x000000008fa00000, 0x000000008fa00000| Complete 
| 251|0x000000008fb00000, 0x000000008fc00000, 0x000000008fc00000|100%| E|CS|TAMS 0x000000008fb00000, 0x000000008fb00000| Complete 

Card table byte_map: [0x0000021036660000,0x0000021036a60000] _byte_map_base: 0x0000021036260000

Marking Bits (Prev, Next): (CMBitMap*) 0x00000210234d98f0, (CMBitMap*) 0x00000210234d98b8
 Prev Bits: [0x0000021038e60000, 0x000002103ae60000)
 Next Bits: [0x0000021036e60000, 0x0000021038e60000)

Polling page: 0x0000021022bf0000

Metaspace:

Usage:
  Non-class:     75.91 MB capacity,    74.53 MB ( 98%) used,     1.13 MB (  1%) free+waste,   259.56 KB ( <1%) overhead. 
      Class:     11.97 MB capacity,    11.13 MB ( 93%) used,   742.12 KB (  6%) free+waste,   119.88 KB ( <1%) overhead. 
       Both:     87.88 MB capacity,    85.66 MB ( 97%) used,     1.85 MB (  2%) free+waste,   379.44 KB ( <1%) overhead. 

Virtual space:
  Non-class space:       78.00 MB reserved,      76.08 MB ( 98%) committed 
      Class space:        1.00 GB reserved,      12.00 MB (  1%) committed 
             Both:        1.08 GB reserved,      88.08 MB (  8%) committed 

Chunk freelists:
   Non-Class:  45.00 KB
       Class:  0 bytes
        Both:  45.00 KB

MaxMetaspaceSize: 17179869184.00 GB
CompressedClassSpaceSize: 1.00 GB
Initial GC threshold: 20.80 MB
Current GC threshold: 98.46 MB
CDS: off

CodeHeap 'non-profiled nmethods': size=120000Kb used=8683Kb max_used=8683Kb free=111317Kb
 bounds [0x000002102ea00000, 0x000002102f280000, 0x0000021035f30000]
CodeHeap 'profiled nmethods': size=120000Kb used=23376Kb max_used=23376Kb free=96623Kb
 bounds [0x00000210274d0000, 0x0000021028bb0000, 0x000002102ea00000]
CodeHeap 'non-nmethods': size=5760Kb used=2379Kb max_used=2447Kb free=3380Kb
 bounds [0x0000021026f30000, 0x00000210271a0000, 0x00000210274d0000]
 total_blobs=11289 nmethods=10400 adapters=801
 compilation: enabled
              stopped_count=0, restarted_count=0
 full_count=0

Compilation events (20 events):
Event: 22.388 Thread 0x000002103e20a800 10384       1       org.gradle.api.internal.artifacts.transform.DefaultTransformer::getInputArtifactDependenciesNormalizer (5 bytes)
Event: 22.388 Thread 0x000002103e20a800 nmethod 10384 0x000002102f279710 code [0x000002102f2798c0, 0x000002102f279978]
Event: 22.388 Thread 0x000002103e20a800 10386       3       sun.nio.fs.WindowsPath::needsSlashWhenResolving (37 bytes)
Event: 22.388 Thread 0x000002103e20a800 nmethod 10386 0x0000021028b67b10 code [0x0000021028b67d40, 0x0000021028b683a8]
Event: 22.388 Thread 0x000002103e20a800 10387       3       org.gradle.internal.snapshot.impl.DirectorySnapshotterStatistics$CollectingFileVisitor::preVisitDirectory (10 bytes)
Event: 22.389 Thread 0x000002103e20a800 nmethod 10387 0x0000021028b68690 code [0x0000021028b68880, 0x0000021028b68c88]
Event: 22.389 Thread 0x000002103e20a800 10388       3       org.gradle.internal.snapshot.impl.DirectorySnapshotterStatistics$CollectingFileVisitor::preVisitDirectory (14 bytes)
Event: 22.389 Thread 0x000002103e20a800 nmethod 10388 0x0000021028b68e10 code [0x0000021028b68fe0, 0x0000021028b69288]
Event: 22.389 Thread 0x000002103e20a800 10389       3       org.gradle.internal.snapshot.impl.DirectorySnapshotterStatistics$Collector::recordVisitDirectory (9 bytes)
Event: 22.389 Thread 0x000002103e20a800 nmethod 10389 0x0000021028b69410 code [0x0000021028b695c0, 0x0000021028b69738]
Event: 22.389 Thread 0x000002103e20a800 10390       3       org.gradle.internal.snapshot.impl.DirectorySnapshotter$PathVisitor::doPreVisitDirectory (100 bytes)
Event: 22.390 Thread 0x000002103e20a800 nmethod 10390 0x0000021028b69810 code [0x0000021028b69b40, 0x0000021028b6aee8]
Event: 22.390 Thread 0x000002103e20a800 10391       3       org.gradle.internal.snapshot.MerkleDirectorySnapshotBuilder$Directory::<init> (43 bytes)
Event: 22.391 Thread 0x000002103e20a800 nmethod 10391 0x0000021028b6b590 code [0x0000021028b6b780, 0x0000021028b6bd58]
Event: 22.391 Thread 0x000002103e20a800 10392       1       org.gradle.api.internal.artifacts.transform.ImmutableTransformationWorkspaceServices::getIdentityCache (5 bytes)
Event: 22.391 Thread 0x000002103e20a800 nmethod 10392 0x000002102f279a10 code [0x000002102f279bc0, 0x000002102f279c78]
Event: 22.391 Thread 0x000002103e20a800 10393       1       org.gradle.api.internal.artifacts.transform.DefaultTransformer$IsolatedParameters::getSecondaryInputsHash (5 bytes)
Event: 22.391 Thread 0x000002103e20a800 nmethod 10393 0x000002102f279d10 code [0x000002102f279ec0, 0x000002102f279f78]
Event: 22.391 Thread 0x000002103e20a800 10394       1       org.gradle.api.internal.artifacts.transform.DefaultTransformer::getInputArtifactDependenciesLineEndingNormalization (5 bytes)
Event: 22.391 Thread 0x000002103e20a800 nmethod 10394 0x000002102f27a010 code [0x000002102f27a1c0, 0x000002102f27a278]

GC Heap History (20 events):
Event: 8.512 GC heap before
{Heap before GC invocations=8 (full 0):
 garbage-first heap   total 258048K, used 177833K [0x0000000080000000, 0x0000000100000000)
  region size 1024K, 151 young (154624K), 8 survivors (8192K)
 Metaspace       used 41018K, capacity 41956K, committed 42192K, reserved 1085440K
  class space    used 5122K, capacity 5469K, committed 5504K, reserved 1048576K
}
Event: 8.521 GC heap after
{Heap after GC invocations=9 (full 0):
 garbage-first heap   total 258048K, used 27638K [0x0000000080000000, 0x0000000100000000)
  region size 1024K, 13 young (13312K), 13 survivors (13312K)
 Metaspace       used 41018K, capacity 41956K, committed 42192K, reserved 1085440K
  class space    used 5122K, capacity 5469K, committed 5504K, reserved 1048576K
}
Event: 9.577 GC heap before
{Heap before GC invocations=9 (full 0):
 garbage-first heap   total 258048K, used 170998K [0x0000000080000000, 0x0000000100000000)
  region size 1024K, 151 young (154624K), 13 survivors (13312K)
 Metaspace       used 46688K, capacity 47820K, committed 47952K, reserved 1091584K
  class space    used 5861K, capacity 6277K, committed 6400K, reserved 1048576K
}
Event: 9.586 GC heap after
{Heap after GC invocations=10 (full 0):
 garbage-first heap   total 258048K, used 30278K [0x0000000080000000, 0x0000000100000000)
  region size 1024K, 12 young (12288K), 12 survivors (12288K)
 Metaspace       used 46688K, capacity 47820K, committed 47952K, reserved 1091584K
  class space    used 5861K, capacity 6277K, committed 6400K, reserved 1048576K
}
Event: 13.109 GC heap before
{Heap before GC invocations=10 (full 0):
 garbage-first heap   total 258048K, used 181830K [0x0000000080000000, 0x0000000100000000)
  region size 1024K, 151 young (154624K), 12 survivors (12288K)
 Metaspace       used 50833K, capacity 52226K, committed 52304K, reserved 1095680K
  class space    used 6357K, capacity 6847K, committed 6912K, reserved 1048576K
}
Event: 13.118 GC heap after
{Heap after GC invocations=11 (full 0):
 garbage-first heap   total 258048K, used 49437K [0x0000000080000000, 0x0000000100000000)
  region size 1024K, 19 young (19456K), 19 survivors (19456K)
 Metaspace       used 50833K, capacity 52226K, committed 52304K, reserved 1095680K
  class space    used 6357K, capacity 6847K, committed 6912K, reserved 1048576K
}
Event: 14.014 GC heap before
{Heap before GC invocations=11 (full 0):
 garbage-first heap   total 258048K, used 184605K [0x0000000080000000, 0x0000000100000000)
  region size 1024K, 151 young (154624K), 19 survivors (19456K)
 Metaspace       used 57690K, capacity 59159K, committed 59344K, reserved 1101824K
  class space    used 7181K, capacity 7691K, committed 7808K, reserved 1048576K
}
Event: 14.023 GC heap after
{Heap after GC invocations=12 (full 0):
 garbage-first heap   total 258048K, used 51141K [0x0000000080000000, 0x0000000100000000)
  region size 1024K, 12 young (12288K), 12 survivors (12288K)
 Metaspace       used 57690K, capacity 59159K, committed 59344K, reserved 1101824K
  class space    used 7181K, capacity 7691K, committed 7808K, reserved 1048576K
}
Event: 14.240 GC heap before
{Heap before GC invocations=12 (full 0):
 garbage-first heap   total 258048K, used 73669K [0x0000000080000000, 0x0000000100000000)
  region size 1024K, 35 young (35840K), 12 survivors (12288K)
 Metaspace       used 58697K, capacity 60166K, committed 60240K, reserved 1101824K
  class space    used 7344K, capacity 7878K, committed 7936K, reserved 1048576K
}
Event: 14.252 GC heap after
{Heap after GC invocations=13 (full 0):
 garbage-first heap   total 258048K, used 51887K [0x0000000080000000, 0x0000000100000000)
  region size 1024K, 3 young (3072K), 3 survivors (3072K)
 Metaspace       used 58697K, capacity 60166K, committed 60240K, reserved 1101824K
  class space    used 7344K, capacity 7878K, committed 7936K, reserved 1048576K
}
Event: 15.349 GC heap before
{Heap before GC invocations=14 (full 0):
 garbage-first heap   total 258048K, used 203439K [0x0000000080000000, 0x0000000100000000)
  region size 1024K, 145 young (148480K), 3 survivors (3072K)
 Metaspace       used 64858K, capacity 66425K, committed 66768K, reserved 1107968K
  class space    used 8107K, capacity 8706K, committed 8832K, reserved 1048576K
}
Event: 15.356 GC heap after
{Heap after GC invocations=15 (full 0):
 garbage-first heap   total 258048K, used 57501K [0x0000000080000000, 0x0000000100000000)
  region size 1024K, 9 young (9216K), 9 survivors (9216K)
 Metaspace       used 64858K, capacity 66425K, committed 66768K, reserved 1107968K
  class space    used 8107K, capacity 8706K, committed 8832K, reserved 1048576K
}
Event: 16.552 GC heap before
{Heap before GC invocations=15 (full 0):
 garbage-first heap   total 258048K, used 201885K [0x0000000080000000, 0x0000000100000000)
  region size 1024K, 149 young (152576K), 9 survivors (9216K)
 Metaspace       used 69126K, capacity 70768K, committed 70864K, reserved 1112064K
  class space    used 8666K, capacity 9273K, committed 9344K, reserved 1048576K
}
Event: 16.561 GC heap after
{Heap after GC invocations=16 (full 0):
 garbage-first heap   total 258048K, used 62607K [0x0000000080000000, 0x0000000100000000)
  region size 1024K, 14 young (14336K), 14 survivors (14336K)
 Metaspace       used 69126K, capacity 70768K, committed 70864K, reserved 1112064K
  class space    used 8666K, capacity 9273K, committed 9344K, reserved 1048576K
}
Event: 17.789 GC heap before
{Heap before GC invocations=16 (full 0):
 garbage-first heap   total 258048K, used 202895K [0x0000000080000000, 0x0000000100000000)
  region size 1024K, 151 young (154624K), 14 survivors (14336K)
 Metaspace       used 75107K, capacity 76835K, committed 77008K, reserved 1116160K
  class space    used 9595K, capacity 10249K, committed 10368K, reserved 1048576K
}
Event: 17.801 GC heap after
{Heap after GC invocations=17 (full 0):
 garbage-first heap   total 258048K, used 67143K [0x0000000080000000, 0x0000000100000000)
  region size 1024K, 10 young (10240K), 10 survivors (10240K)
 Metaspace       used 75107K, capacity 76835K, committed 77008K, reserved 1116160K
  class space    used 9595K, capacity 10249K, committed 10368K, reserved 1048576K
}
Event: 19.169 GC heap before
{Heap before GC invocations=17 (full 0):
 garbage-first heap   total 258048K, used 208455K [0x0000000080000000, 0x0000000100000000)
  region size 1024K, 148 young (151552K), 10 survivors (10240K)
 Metaspace       used 79880K, capacity 81672K, committed 81744K, reserved 1120256K
  class space    used 10253K, capacity 10942K, committed 11008K, reserved 1048576K
}
Event: 19.182 GC heap after
{Heap after GC invocations=18 (full 0):
 garbage-first heap   total 258048K, used 72503K [0x0000000080000000, 0x0000000100000000)
  region size 1024K, 16 young (16384K), 16 survivors (16384K)
 Metaspace       used 79880K, capacity 81672K, committed 81744K, reserved 1120256K
  class space    used 10253K, capacity 10942K, committed 11008K, reserved 1048576K
}
Event: 21.232 GC heap before
{Heap before GC invocations=18 (full 0):
 garbage-first heap   total 258048K, used 208695K [0x0000000080000000, 0x0000000100000000)
  region size 1024K, 149 young (152576K), 16 survivors (16384K)
 Metaspace       used 85766K, capacity 87716K, committed 88016K, reserved 1126400K
  class space    used 11096K, capacity 11826K, committed 11904K, reserved 1048576K
}
Event: 21.250 GC heap after
{Heap after GC invocations=19 (full 0):
 garbage-first heap   total 258048K, used 76872K [0x0000000080000000, 0x0000000100000000)
  region size 1024K, 11 young (11264K), 11 survivors (11264K)
 Metaspace       used 85766K, capacity 87716K, committed 88016K, reserved 1126400K
  class space    used 11096K, capacity 11826K, committed 11904K, reserved 1048576K
}

Deoptimization events (20 events):
Event: 22.149 Thread 0x00000210405e1000 DEOPT PACKING pc=0x000002102eae8050 sp=0x0000002e9b2f7560
Event: 22.149 Thread 0x00000210405e1000 DEOPT UNPACKING pc=0x0000021026f385af sp=0x0000002e9b2f7458 mode 2
Event: 22.156 Thread 0x00000210448a0000 Uncommon trap: trap_request=0xffffff4d fr.pc=0x000002102eecb9d8 relative=0x00000000000001f8
Event: 22.156 Thread 0x00000210448a0000 Uncommon trap: reason=unstable_if action=reinterpret pc=0x000002102eecb9d8 method=com.esotericsoftware.kryo.io.Input.readVarInt(Z)I @ 42 c2
Event: 22.156 Thread 0x00000210448a0000 DEOPT PACKING pc=0x000002102eecb9d8 sp=0x0000002e953fe7b0
Event: 22.156 Thread 0x00000210448a0000 DEOPT UNPACKING pc=0x0000021026f385af sp=0x0000002e953fe6a0 mode 2
Event: 22.199 Thread 0x000002104301c000 DEOPT PACKING pc=0x000002102886edc4 sp=0x0000002e978fcf20
Event: 22.199 Thread 0x000002104301c000 DEOPT UNPACKING pc=0x0000021026f79d0e sp=0x0000002e978fc4c0 mode 0
Event: 22.213 Thread 0x000002104301c000 Uncommon trap: trap_request=0xfffffff4 fr.pc=0x000002102f268a04 relative=0x0000000000000e04
Event: 22.213 Thread 0x000002104301c000 Uncommon trap: reason=null_check action=make_not_entrant pc=0x000002102f268a04 method=org.gradle.tooling.internal.provider.runner.ClientBuildEventGenerator$Enabled.accept(Lorg/gradle/internal/operations/BuildOperationDescriptor;)Lorg/gradle/tooling/intern
Event: 22.213 Thread 0x000002104301c000 DEOPT PACKING pc=0x000002102f268a04 sp=0x0000002e978fe010
Event: 22.213 Thread 0x000002104301c000 DEOPT UNPACKING pc=0x0000021026f385af sp=0x0000002e978fdf48 mode 2
Event: 22.232 Thread 0x0000021043018000 Uncommon trap: trap_request=0xffffff4d fr.pc=0x000002102eae4cb8 relative=0x0000000000000478
Event: 22.232 Thread 0x0000021043018000 Uncommon trap: reason=unstable_if action=reinterpret pc=0x000002102eae4cb8 method=java.lang.StringLatin1.compareToCI([B[B)I @ 68 c2
Event: 22.232 Thread 0x0000021043018000 DEOPT PACKING pc=0x000002102eae4cb8 sp=0x0000002e975fb820
Event: 22.232 Thread 0x0000021043018000 DEOPT UNPACKING pc=0x0000021026f385af sp=0x0000002e975fb7a8 mode 2
Event: 22.299 Thread 0x0000021043013000 DEOPT PACKING pc=0x000002102886edc4 sp=0x0000002e96afb8d0
Event: 22.299 Thread 0x0000021043013000 DEOPT UNPACKING pc=0x0000021026f79d0e sp=0x0000002e96afae70 mode 0
Event: 22.387 Thread 0x0000021043974000 DEOPT PACKING pc=0x000002102886edc4 sp=0x0000002e9a0fcdc0
Event: 22.387 Thread 0x0000021043974000 DEOPT UNPACKING pc=0x0000021026f79d0e sp=0x0000002e9a0fc360 mode 0

Classes redefined (0 events):
No events

Internal exceptions (20 events):
Event: 21.345 Thread 0x0000021043b1b000 Exception <a 'java/lang/NoSuchMethodError'{0x000000008f544fc8}: <clinit>> (0x000000008f544fc8) thrown at [./src/hotspot/share/prims/jni.cpp, line 1366]
Event: 21.348 Thread 0x0000021043b1b000 Exception <a 'java/lang/NoSuchMethodError'{0x000000008f5a9ea8}: <clinit>> (0x000000008f5a9ea8) thrown at [./src/hotspot/share/prims/jni.cpp, line 1366]
Event: 21.348 Thread 0x0000021043b1b000 Exception <a 'java/lang/NoSuchMethodError'{0x000000008f5ab3d0}: <clinit>> (0x000000008f5ab3d0) thrown at [./src/hotspot/share/prims/jni.cpp, line 1366]
Event: 21.376 Thread 0x0000021043b1b000 Exception <a 'java/lang/NoSuchMethodError'{0x000000008f086558}: <clinit>> (0x000000008f086558) thrown at [./src/hotspot/share/prims/jni.cpp, line 1366]
Event: 21.385 Thread 0x00000210405e6800 Exception <a 'java/lang/NoSuchMethodError'{0x000000008ef661d8}: <clinit>> (0x000000008ef661d8) thrown at [./src/hotspot/share/prims/jni.cpp, line 1366]
Event: 21.390 Thread 0x00000210405e6800 Exception <a 'java/lang/NoSuchMethodError'{0x000000008ef82ae0}: <clinit>> (0x000000008ef82ae0) thrown at [./src/hotspot/share/prims/jni.cpp, line 1366]
Event: 21.401 Thread 0x00000210405e1000 Exception <a 'java/lang/NoSuchMethodError'{0x000000008efe1238}: 'int java.lang.invoke.DirectMethodHandle$Holder.invokeSpecial(java.lang.Object, java.lang.Object, java.lang.Object, java.lang.Object, java.lang.Object)'> (0x000000008efe1238) thrown at [./src/hotspot/share/interpreter/linkResolver.cpp, line 773]
Event: 21.404 Thread 0x00000210405e6800 Exception <a 'java/lang/NoSuchMethodError'{0x000000008ee0eee8}: <clinit>> (0x000000008ee0eee8) thrown at [./src/hotspot/share/prims/jni.cpp, line 1366]
Event: 21.405 Thread 0x00000210405e6800 Exception <a 'java/lang/NoSuchMethodError'{0x000000008ee20890}: 'void java.lang.invoke.DirectMethodHandle$Holder.invokeSpecial(java.lang.Object, java.lang.Object, java.lang.Object, int)'> (0x000000008ee20890) thrown at [./src/hotspot/share/interpreter/linkResolver.cpp, line 773]
Event: 21.922 Thread 0x00000210405e1000 Exception <a 'java/lang/NoSuchMethodError'{0x000000008e1a1a00}: 'void java.lang.invoke.DirectMethodHandle$Holder.invokeStatic(java.lang.Object, java.lang.Object, java.lang.Object, java.lang.Object, int, java.lang.Object, java.lang.Object)'> (0x000000008e1a1a00) thrown at [./src/hotspot/share/interpreter/linkResolver.cpp, line 773]
Event: 21.961 Thread 0x0000021043974000 Exception <a 'java/lang/NoSuchMethodError'{0x000000008d361df8}: 'java.lang.Object java.lang.invoke.DirectMethodHandle$Holder.invokeSpecialIFC(java.lang.Object, java.lang.Object, java.lang.Object)'> (0x000000008d361df8) thrown at [./src/hotspot/share/interpreter/linkResolver.cpp, line 773]
Event: 21.961 Thread 0x0000021043018000 Exception <a 'java/lang/NoSuchMethodError'{0x000000008de7b7f0}: 'java.lang.Object java.lang.invoke.DirectMethodHandle$Holder.invokeSpecialIFC(java.lang.Object, java.lang.Object, java.lang.Object)'> (0x000000008de7b7f0) thrown at [./src/hotspot/share/interpreter/linkResolver.cpp, line 773]
Event: 21.961 Thread 0x0000021043013000 Exception <a 'java/lang/NoSuchMethodError'{0x000000008d4aea98}: 'java.lang.Object java.lang.invoke.DirectMethodHandle$Holder.invokeSpecialIFC(java.lang.Object, java.lang.Object, java.lang.Object)'> (0x000000008d4aea98) thrown at [./src/hotspot/share/interpreter/linkResolver.cpp, line 773]
Event: 21.961 Thread 0x00000210405e1000 Exception <a 'java/lang/NoSuchMethodError'{0x000000008d3133b0}: 'java.lang.Object java.lang.invoke.DirectMethodHandle$Holder.invokeSpecialIFC(java.lang.Object, java.lang.Object, java.lang.Object)'> (0x000000008d3133b0) thrown at [./src/hotspot/share/interpreter/linkResolver.cpp, line 773]
Event: 21.961 Thread 0x000002104364e800 Exception <a 'java/lang/NoSuchMethodError'{0x000000008def5ed8}: 'java.lang.Object java.lang.invoke.DirectMethodHandle$Holder.invokeSpecialIFC(java.lang.Object, java.lang.Object, java.lang.Object)'> (0x000000008def5ed8) thrown at [./src/hotspot/share/interpreter/linkResolver.cpp, line 773]
Event: 21.961 Thread 0x0000021043647000 Exception <a 'java/lang/NoSuchMethodError'{0x000000008de53880}: 'java.lang.Object java.lang.invoke.DirectMethodHandle$Holder.invokeSpecialIFC(java.lang.Object, java.lang.Object, java.lang.Object)'> (0x000000008de53880) thrown at [./src/hotspot/share/interpreter/linkResolver.cpp, line 773]
Event: 21.961 Thread 0x0000021043645800 Exception <a 'java/lang/NoSuchMethodError'{0x000000008d4e72b0}: 'java.lang.Object java.lang.invoke.DirectMethodHandle$Holder.invokeSpecialIFC(java.lang.Object, java.lang.Object, java.lang.Object)'> (0x000000008d4e72b0) thrown at [./src/hotspot/share/interpreter/linkResolver.cpp, line 773]
Event: 21.961 Thread 0x0000021043644800 Exception <a 'java/lang/NoSuchMethodError'{0x000000008d343350}: 'java.lang.Object java.lang.invoke.DirectMethodHandle$Holder.invokeSpecialIFC(java.lang.Object, java.lang.Object, java.lang.Object)'> (0x000000008d343350) thrown at [./src/hotspot/share/interpreter/linkResolver.cpp, line 773]
Event: 22.047 Thread 0x0000021043644800 Exception <a 'java/lang/NoSuchMethodError'{0x000000008d1eb8e8}: 'void java.lang.invoke.DirectMethodHandle$Holder.invokeVirtual(java.lang.Object, java.lang.Object)'> (0x000000008d1eb8e8) thrown at [./src/hotspot/share/interpreter/linkResolver.cpp, line 773]
Event: 22.213 Thread 0x000002104301c000 Implicit null exception at 0x000002102f2681c5 to 0x000002102f2689e0

Events (20 events):
Event: 22.327 Executing VM operation: RevokeBias done
Event: 22.337 Executing VM operation: RevokeBias
Event: 22.338 Executing VM operation: RevokeBias done
Event: 22.348 Executing VM operation: RevokeBias
Event: 22.348 Executing VM operation: RevokeBias done
Event: 22.348 Executing VM operation: RevokeBias
Event: 22.349 Executing VM operation: RevokeBias done
Event: 22.349 Executing VM operation: RevokeBias
Event: 22.350 Executing VM operation: RevokeBias done
Event: 22.354 Executing VM operation: RevokeBias
Event: 22.354 Executing VM operation: RevokeBias done
Event: 22.356 Executing VM operation: RevokeBias
Event: 22.356 Executing VM operation: RevokeBias done
Event: 22.367 Executing VM operation: RevokeBias
Event: 22.368 Executing VM operation: RevokeBias done
Event: 22.372 Loaded shared library C:\Program Files\Android\Android Studio\jre\bin\nio.dll
Event: 22.378 Executing VM operation: RevokeBias
Event: 22.378 Executing VM operation: RevokeBias done
Event: 22.395 Executing VM operation: RevokeBias
Event: 22.396 Executing VM operation: RevokeBias done


Dynamic libraries:
0x00007ff681ff0000 - 0x00007ff681ffa000 	C:\Program Files\Android\Android Studio\jre\bin\java.exe
0x00007ff98f950000 - 0x00007ff98fb48000 	C:\Windows\SYSTEM32\ntdll.dll
0x00007ff98f820000 - 0x00007ff98f8dd000 	C:\Windows\System32\KERNEL32.DLL
0x00007ff98d170000 - 0x00007ff98d43e000 	C:\Windows\System32\KERNELBASE.dll
0x00007ff98d470000 - 0x00007ff98d570000 	C:\Windows\System32\ucrtbase.dll
0x00007ff973f60000 - 0x00007ff973f79000 	C:\Program Files\Android\Android Studio\jre\bin\jli.dll
0x00007ff98eaf0000 - 0x00007ff98ec90000 	C:\Windows\System32\USER32.dll
0x00007ff98d440000 - 0x00007ff98d462000 	C:\Windows\System32\win32u.dll
0x00007ff96c630000 - 0x00007ff96c8ca000 	C:\Windows\WinSxS\amd64_microsoft.windows.common-controls_6595b64144ccf1df_6.0.19041.1110_none_60b5254171f9507e\COMCTL32.dll
0x00007ff98f8e0000 - 0x00007ff98f90a000 	C:\Windows\System32\GDI32.dll
0x00007ff98f780000 - 0x00007ff98f81e000 	C:\Windows\System32\msvcrt.dll
0x00007ff98d6a0000 - 0x00007ff98d7ab000 	C:\Windows\System32\gdi32full.dll
0x00007ff98d910000 - 0x00007ff98d9ad000 	C:\Windows\System32\msvcp_win.dll
0x00007ff973ef0000 - 0x00007ff973f07000 	C:\Program Files\Android\Android Studio\jre\bin\VCRUNTIME140.dll
0x00007ff98f0d0000 - 0x00007ff98f100000 	C:\Windows\System32\IMM32.DLL
0x00007ff9744b0000 - 0x00007ff9746b2000 	C:\Windows\system32\tmumh\20019\AddOn\8.53.0.1128\TmUmEvt64.dll
0x00007ff98eae0000 - 0x00007ff98eae8000 	C:\Windows\System32\PSAPI.DLL
0x00007ff98f100000 - 0x00007ff98f1ae000 	C:\Windows\System32\ADVAPI32.dll
0x00007ff98f380000 - 0x00007ff98f41c000 	C:\Windows\System32\sechost.dll
0x00007ff98e900000 - 0x00007ff98ea25000 	C:\Windows\System32\RPCRT4.dll
0x0000000052990000 - 0x0000000052b00000 	C:\Windows\system32\tmumh\20019\TmMon\2.8.0.1054\tmmon64.dll
0x00007ff956620000 - 0x00007ff9566bd000 	C:\Program Files\Android\Android Studio\jre\bin\msvcp140.dll
0x00007ff9382e0000 - 0x00007ff938de2000 	C:\Program Files\Android\Android Studio\jre\bin\server\jvm.dll
0x00007ff96f220000 - 0x00007ff96f229000 	C:\Windows\SYSTEM32\WSOCK32.dll
0x00007ff98f6b0000 - 0x00007ff98f71b000 	C:\Windows\System32\WS2_32.dll
0x00007ff9700e0000 - 0x00007ff970107000 	C:\Windows\SYSTEM32\WINMM.dll
0x00007ff980a40000 - 0x00007ff980a4a000 	C:\Windows\SYSTEM32\VERSION.dll
0x00007ff98b910000 - 0x00007ff98b922000 	C:\Windows\SYSTEM32\kernel.appcore.dll
0x00007ff983230000 - 0x00007ff983241000 	C:\Program Files\Android\Android Studio\jre\bin\verify.dll
0x00007ff98b5f0000 - 0x00007ff98b7d4000 	C:\Windows\SYSTEM32\DBGHELP.DLL
0x00007ff970360000 - 0x00007ff97038c000 	C:\Windows\SYSTEM32\dbgcore.DLL
0x00007ff98d570000 - 0x00007ff98d5f2000 	C:\Windows\System32\bcryptPrimitives.dll
0x00007ff974060000 - 0x00007ff974089000 	C:\Program Files\Android\Android Studio\jre\bin\java.dll
0x00007ff986c80000 - 0x00007ff986c8b000 	C:\Program Files\Android\Android Studio\jre\bin\jimage.dll
0x00007ff986c50000 - 0x00007ff986c5f000 	C:\Program Files\Android\Android Studio\jre\bin\instrument.dll
0x00007ff973f40000 - 0x00007ff973f58000 	C:\Program Files\Android\Android Studio\jre\bin\zip.dll
0x00007ff98e1b0000 - 0x00007ff98e8f4000 	C:\Windows\System32\SHELL32.dll
0x00007ff98aca0000 - 0x00007ff98b434000 	C:\Windows\SYSTEM32\windows.storage.dll
0x00007ff98ecf0000 - 0x00007ff98f044000 	C:\Windows\System32\combase.dll
0x00007ff98c9f0000 - 0x00007ff98ca20000 	C:\Windows\SYSTEM32\Wldp.dll
0x00007ff98f2d0000 - 0x00007ff98f37d000 	C:\Windows\System32\SHCORE.dll
0x00007ff98f720000 - 0x00007ff98f775000 	C:\Windows\System32\shlwapi.dll
0x00007ff98cfb0000 - 0x00007ff98cfcf000 	C:\Windows\SYSTEM32\profapi.dll
0x00007ff986c10000 - 0x00007ff986c1a000 	C:\Program Files\Android\Android Studio\jre\bin\management.dll
0x00007ff9831e0000 - 0x00007ff9831ed000 	C:\Program Files\Android\Android Studio\jre\bin\management_ext.dll
0x00007ff973df0000 - 0x00007ff973e0a000 	C:\Program Files\Android\Android Studio\jre\bin\net.dll
0x00007ff985a80000 - 0x00007ff985b8a000 	C:\Windows\SYSTEM32\WINHTTP.dll
0x00007ff98c7d0000 - 0x00007ff98c83a000 	C:\Windows\system32\mswsock.dll
0x00007ff973bd0000 - 0x00007ff973be4000 	C:\Program Files\Android\Android Studio\jre\bin\nio.dll
0x00007ff95a200000 - 0x00007ff95a217000 	C:\Windows\system32\napinsp.dll
0x00007ff95a1e0000 - 0x00007ff95a1fb000 	C:\Windows\system32\pnrpnsp.dll
0x00007ff95a1c0000 - 0x00007ff95a1d5000 	C:\Windows\system32\wshbth.dll
0x00007ff986b10000 - 0x00007ff986b2d000 	C:\Windows\system32\NLAapi.dll
0x00007ff98c490000 - 0x00007ff98c4cb000 	C:\Windows\SYSTEM32\IPHLPAPI.DLL
0x00007ff98c4e0000 - 0x00007ff98c5aa000 	C:\Windows\SYSTEM32\DNSAPI.dll
0x00007ff98f6a0000 - 0x00007ff98f6a8000 	C:\Windows\System32\NSI.dll
0x00007ff95a1a0000 - 0x00007ff95a1b2000 	C:\Windows\System32\winrnr.dll
0x00007ff984540000 - 0x00007ff98454a000 	C:\Windows\System32\rasadhlp.dll
0x00007ff985b90000 - 0x00007ff985c10000 	C:\Windows\System32\fwpuclnt.dll
0x00007ff98d670000 - 0x00007ff98d697000 	C:\Windows\System32\bcrypt.dll
0x00007ff9682d0000 - 0x00007ff9682f7000 	C:\Users\vyg0615\.gradle\native\e1d6ef7f7dcc3fd88c89a11ec53ec762bb8ba0a96d01ffa2cd45eb1d1d8dd5c5\windows-amd64\native-platform.dll
0x00007ff948e20000 - 0x00007ff948f64000 	C:\Users\vyg0615\.gradle\native\0d407fdbe67a94daf76414ababcb853783967236a71b16ec16e742cd7a986fd3\windows-amd64\native-platform-file-events.dll
0x00007ff98ca30000 - 0x00007ff98ca48000 	C:\Windows\SYSTEM32\CRYPTSP.dll
0x00007ff98c100000 - 0x00007ff98c134000 	C:\Windows\system32\rsaenh.dll
0x00007ff98cf70000 - 0x00007ff98cf9e000 	C:\Windows\SYSTEM32\USERENV.dll
0x00007ff98c960000 - 0x00007ff98c96c000 	C:\Windows\SYSTEM32\CRYPTBASE.dll
0x00007ff985380000 - 0x00007ff985397000 	C:\Windows\SYSTEM32\dhcpcsvc6.DLL
0x00007ff985360000 - 0x00007ff98537d000 	C:\Windows\SYSTEM32\dhcpcsvc.DLL

dbghelp: loaded successfully - version: 4.0.5 - missing functions: none
symbol engine: initialized successfully - sym options: 0x614 - pdb path: .;C:\Program Files\Android\Android Studio\jre\bin;C:\Windows\SYSTEM32;C:\Windows\WinSxS\amd64_microsoft.windows.common-controls_6595b64144ccf1df_6.0.19041.1110_none_60b5254171f9507e;C:\Windows\system32\tmumh\20019\AddOn\8.53.0.1128;C:\Windows\system32\tmumh\20019\TmMon\2.8.0.1054;C:\Program Files\Android\Android Studio\jre\bin\server;C:\Users\vyg0615\.gradle\native\e1d6ef7f7dcc3fd88c89a11ec53ec762bb8ba0a96d01ffa2cd45eb1d1d8dd5c5\windows-amd64;C:\Users\vyg0615\.gradle\native\0d407fdbe67a94daf76414ababcb853783967236a71b16ec16e742cd7a986fd3\windows-amd64

VM Arguments:
jvm_args: -javaagent:C:\Program Files\Android\Android Studio\plugins\android\resources\trace_agent.jar=C:\Users\vyg0615\AppData\Local\Temp\sync.trace.profile --add-opens=java.base/java.util=ALL-UNNAMED --add-opens=java.base/java.lang=ALL-UNNAMED --add-opens=java.base/java.lang.invoke=ALL-UNNAMED --add-opens=java.base/java.util=ALL-UNNAMED --add-opens=java.prefs/java.util.prefs=ALL-UNNAMED --add-opens=java.prefs/java.util.prefs=ALL-UNNAMED --add-opens=java.base/java.nio.charset=ALL-UNNAMED --add-opens=java.base/java.net=ALL-UNNAMED --add-opens=java.base/java.util.concurrent.atomic=ALL-UNNAMED -Xmx2048m -Dfile.encoding=UTF-8 -Duser.country=CO -Duser.language=es -Duser.variant 
java_command: org.gradle.launcher.daemon.bootstrap.GradleDaemon 7.4
java_class_path (initial): C:\Users\vyg0615\.gradle\wrapper\dists\gradle-7.4-bin\c0gwcg53nkjbqw7r0h0umtfvt\gradle-7.4\lib\gradle-launcher-7.4.jar
Launcher Type: SUN_STANDARD

[Global flags]
     intx CICompilerCount                          = 4                                         {product} {ergonomic}
     uint ConcGCThreads                            = 2                                         {product} {ergonomic}
     uint G1ConcRefinementThreads                  = 8                                         {product} {ergonomic}
   size_t G1HeapRegionSize                         = 1048576                                   {product} {ergonomic}
    uintx GCDrainStackTargetSize                   = 64                                        {product} {ergonomic}
   size_t InitialHeapSize                          = 264241152                                 {product} {ergonomic}
   size_t MarkStackSize                            = 4194304                                   {product} {ergonomic}
   size_t MaxHeapSize                              = 2147483648                                {product} {command line}
   size_t MaxNewSize                               = 1287651328                                {product} {ergonomic}
   size_t MinHeapDeltaBytes                        = 1048576                                   {product} {ergonomic}
    uintx NonNMethodCodeHeapSize                   = 5836300                                {pd product} {ergonomic}
    uintx NonProfiledCodeHeapSize                  = 122910970                              {pd product} {ergonomic}
    uintx ProfiledCodeHeapSize                     = 122910970                              {pd product} {ergonomic}
    uintx ReservedCodeCacheSize                    = 251658240                              {pd product} {ergonomic}
     bool SegmentedCodeCache                       = true                                      {product} {ergonomic}
     bool UseCompressedClassPointers               = true                                 {lp64_product} {ergonomic}
     bool UseCompressedOops                        = true                                 {lp64_product} {ergonomic}
     bool UseG1GC                                  = true                                      {product} {ergonomic}
     bool UseLargePagesIndividualAllocation        = false                                  {pd product} {ergonomic}

Logging:
Log output configuration:
 #0: stdout all=warning uptime,level,tags
 #1: stderr all=off uptime,level,tags

Environment Variables:
JAVA_HOME=C:\Program Files\Java\jdk1.8.0_05
PATH=C:\Python310\Scripts\;C:\Python310\;C:\Python39\Scripts\;C:\Python39\;C:\Windows\System32\WindowsPowerShell\v1.0\;C:\Program Files (x86)\Common Files\Oracle\Java\javapath;C:\Windows\system32;C:\Windows;C:\Windows\System32\Wbem;C:\Windows\System32\OpenSSH\;C:\Program Files\Java\jdk1.8.0_05\bin;C:\Program Files (x86)\IBM\Personal Communications\;C:\Program Files (x86)\IBM\Trace Facility\;C:\Program Files\Microsoft VS Code\bin;C:\Program Files\PuTTY\;C:\ProgramData\chocolatey\bin;C:\Program Files\Git\cmd;C:\Python39;C:\Users\Administrador\AppData\Local\Programs\Python\Python39\Scripts\;C:\Users\Administrador\AppData\Local\Programs\Python\Python39\;C:\apache-maven-3.8.2\bin;C:\Users\Administrador\AppData\Local\Microsoft\WindowsApps;C:\Users\Administrador\AppData\Roaming\npm;D:\apx-cli;;C:\Program Files\Docker\Docker\resources\bin;C:\ProgramData\DockerDesktop\version-bin;C:\Program Files\nodejs\;C:\Users\vyg0615\AppData\Local\Microsoft\WindowsApps;C:\Users\vyg0615\AppData\Roaming\npm
USERNAME=VYG0615
OS=Windows_NT
PROCESSOR_IDENTIFIER=Intel64 Family 6 Model 140 Stepping 1, GenuineIntel



---------------  S Y S T E M  ---------------

OS: Windows 10 , 64 bit Build 19041 (10.0.19041.1889)
OS uptime: 1 days 4:36 hours
Hyper-V role detected

CPU:total 8 (initial active 8) (4 cores per cpu, 2 threads per core) family 6 model 140 stepping 1 microcode 0xa4, cmov, cx8, fxsr, mmx, sse, sse2, sse3, ssse3, sse4.1, sse4.2, popcnt, avx, avx2, aes, clmul, erms, 3dnowpref, lzcnt, ht, tsc, tscinvbit, bmi1, bmi2, adx, evex, sha, fma

Memory: 4k page, system-wide physical 16064M (546M free)
TotalPageFile size 16064M (AvailPageFile size 0M)
current process WorkingSet (physical memory assigned to process): 520M, peak: 520M
current process commit charge ("private bytes"): 576M, peak: 582M

vm_info: OpenJDK 64-Bit Server VM (11.0.13+0-b1751.21-8125866) for windows-amd64 JRE (11.0.13+0-b1751.21-8125866), built on Feb  2 2022 03:00:22 by "builder" with MS VC++ 14.0 (VS2015)

END.
