#
# There is insufficient memory for the Java Runtime Environment to continue.
# Native memory allocation (malloc) failed to allocate 937936 bytes for Chunk::new
# Possible reasons:
#   The system is out of physical RAM or swap space
#   The process is running with CompressedOops enabled, and the Java Heap may be blocking the growth of the native heap
# Possible solutions:
#   Reduce memory load on the system
#   Increase physical memory or swap space
#   Check if swap backing store is full
#   Decrease Java heap size (-Xmx/-Xms)
#   Decrease number of Java threads
#   Decrease Java thread stack sizes (-Xss)
#   Set larger code cache with -XX:ReservedCodeCacheSize=
#   JVM is running with Unscaled Compressed Oops mode in which the Java heap is
#     placed in the first 4GB address space. The Java Heap base address is the
#     maximum limit for the native heap growth. Please use -XX:HeapBaseMinAddress
#     to set the Java Heap base and to place the Java Heap above 4GB virtual address.
# This output file may be truncated or incomplete.
#
#  Out of Memory Error (./src/hotspot/share/memory/arena.cpp:197), pid=17972, tid=15576
#
# JRE version: OpenJDK Runtime Environment (11.0.13) (build 11.0.13+0-b1751.21-8125866)
# Java VM: OpenJDK 64-Bit Server VM (11.0.13+0-b1751.21-8125866, mixed mode, tiered, compressed oops, g1 gc, windows-amd64)
# No core dump will be written. Minidumps are not enabled by default on client versions of Windows
#

---------------  S U M M A R Y ------------

Command Line: -javaagent:C:\Program Files\Android\Android Studio\plugins\android\resources\trace_agent.jar=C:\Users\vyg0615\AppData\Local\Temp\sync.trace.profile --add-opens=java.base/java.util=ALL-UNNAMED --add-opens=java.base/java.lang=ALL-UNNAMED --add-opens=java.base/java.lang.invoke=ALL-UNNAMED --add-opens=java.base/java.util=ALL-UNNAMED --add-opens=java.prefs/java.util.prefs=ALL-UNNAMED --add-opens=java.prefs/java.util.prefs=ALL-UNNAMED --add-opens=java.base/java.nio.charset=ALL-UNNAMED --add-opens=java.base/java.net=ALL-UNNAMED --add-opens=java.base/java.util.concurrent.atomic=ALL-UNNAMED -Xmx2048m -Dfile.encoding=UTF-8 -Duser.country=CO -Duser.language=es -Duser.variant org.gradle.launcher.daemon.bootstrap.GradleDaemon 7.4

Host: 11th Gen Intel(R) Core(TM) i7-1165G7 @ 2.80GHz, 8 cores, 15G,  Windows 10 , 64 bit Build 19041 (10.0.19041.1889)
Time: Wed Jan 18 18:03:07 2023 Hora est. Pacífico, Sudamérica elapsed time: 5598.592980 seconds (0d 1h 33m 18s)

---------------  T H R E A D  ---------------

Current thread (0x000001beb288a000):  JavaThread "C2 CompilerThread0" daemon [_thread_in_native, id=15576, stack(0x0000008a01a00000,0x0000008a01b00000)]


Current CompileTask:
C2:5598593 13593   !   4       org.gradle.internal.service.DefaultServiceRegistry$ManagedObjectServiceProvider::getInstance (47 bytes)

Stack: [0x0000008a01a00000,0x0000008a01b00000]
Native frames: (J=compiled Java code, j=interpreted, Vv=VM code, C=native code)
V  [jvm.dll+0x6100fa]
V  [jvm.dll+0x747090]
V  [jvm.dll+0x7486ad]
V  [jvm.dll+0x748d83]
V  [jvm.dll+0x24ab48]
V  [jvm.dll+0xc04dc]
V  [jvm.dll+0xc0a0c]
V  [jvm.dll+0x2bfab4]
V  [jvm.dll+0x524238]
V  [jvm.dll+0x20491a]
V  [jvm.dll+0x2023c2]
V  [jvm.dll+0x188e01]
V  [jvm.dll+0x21106b]
V  [jvm.dll+0x20f8c1]
V  [jvm.dll+0x70de0f]
V  [jvm.dll+0x706a75]
V  [jvm.dll+0x60ed66]
C  [ucrtbase.dll+0x21bb2]
C  [KERNEL32.DLL+0x17034]
C  [ntdll.dll+0x52651]


---------------  P R O C E S S  ---------------

Threads class SMR info:
_java_thread_list=0x000001beb3eadd20, length=44, elements={
0x000001be97b09000, 0x000001beb281c000, 0x000001beb281d800, 0x000001beb2883000,
0x000001beb2886000, 0x000001beb2887800, 0x000001beb288a000, 0x000001beb288b800,
0x000001beb288f800, 0x000001beb29e7800, 0x000001beb76a1000, 0x000001beb49f9000,
0x000001beb85f3800, 0x000001beb4096800, 0x000001beb4098000, 0x000001beb4093000,
0x000001beb4092800, 0x000001beb4099000, 0x000001beb8b17800, 0x000001beb8b14000,
0x000001beb8b1a800, 0x000001beb8b1e800, 0x000001beb8b1d000, 0x000001beba4d3000,
0x000001beba4d4800, 0x000001beba4d8000, 0x000001beba4d9000, 0x000001beba4d9800,
0x000001beba4d4000, 0x000001beba4da800, 0x000001beba485800, 0x000001beba486800,
0x000001beba489800, 0x000001beba484000, 0x000001beba48a800, 0x000001beba48b800,
0x000001beba48c000, 0x000001beb85dc000, 0x000001beb85e0800, 0x000001beba48d000,
0x000001beba487000, 0x000001beba48d800, 0x000001beba488000, 0x000001beba48e800
}

Java Threads: ( => current thread )
  0x000001be97b09000 JavaThread "main" [_thread_blocked, id=16348, stack(0x0000008a00e00000,0x0000008a00f00000)]
  0x000001beb281c000 JavaThread "Reference Handler" daemon [_thread_blocked, id=15904, stack(0x0000008a01500000,0x0000008a01600000)]
  0x000001beb281d800 JavaThread "Finalizer" daemon [_thread_blocked, id=20960, stack(0x0000008a01600000,0x0000008a01700000)]
  0x000001beb2883000 JavaThread "Signal Dispatcher" daemon [_thread_blocked, id=21684, stack(0x0000008a01700000,0x0000008a01800000)]
  0x000001beb2886000 JavaThread "Attach Listener" daemon [_thread_blocked, id=3212, stack(0x0000008a01800000,0x0000008a01900000)]
  0x000001beb2887800 JavaThread "Service Thread" daemon [_thread_blocked, id=19572, stack(0x0000008a01900000,0x0000008a01a00000)]
=>0x000001beb288a000 JavaThread "C2 CompilerThread0" daemon [_thread_in_native, id=15576, stack(0x0000008a01a00000,0x0000008a01b00000)]
  0x000001beb288b800 JavaThread "C1 CompilerThread0" daemon [_thread_blocked, id=18384, stack(0x0000008a01b00000,0x0000008a01c00000)]
  0x000001beb288f800 JavaThread "Sweeper thread" daemon [_thread_blocked, id=5788, stack(0x0000008a01c00000,0x0000008a01d00000)]
  0x000001beb29e7800 JavaThread "Common-Cleaner" daemon [_thread_blocked, id=17492, stack(0x0000008a01d00000,0x0000008a01e00000)]
  0x000001beb76a1000 JavaThread "Daemon health stats" [_thread_blocked, id=20884, stack(0x0000008a02600000,0x0000008a02700000)]
  0x000001beb49f9000 JavaThread "Incoming local TCP Connector on port 52594" [_thread_in_native, id=12752, stack(0x0000008a02000000,0x0000008a02100000)]
  0x000001beb85f3800 JavaThread "Daemon periodic checks" [_thread_blocked, id=9252, stack(0x0000008a02800000,0x0000008a02900000)]
  0x000001beb4096800 JavaThread "Cache worker for journal cache (C:\Users\vyg0615\.gradle\caches\journal-1)" [_thread_blocked, id=21240, stack(0x0000008a03300000,0x0000008a03400000)]
  0x000001beb4098000 JavaThread "File lock request listener" [_thread_in_native, id=5372, stack(0x0000008a03400000,0x0000008a03500000)]
  0x000001beb4093000 JavaThread "Cache worker for file hash cache (C:\Users\vyg0615\.gradle\caches\7.4\fileHashes)" [_thread_blocked, id=20240, stack(0x0000008a03500000,0x0000008a03600000)]
  0x000001beb4092800 JavaThread "File watcher server" daemon [_thread_in_native, id=5432, stack(0x0000008a03600000,0x0000008a03700000)]
  0x000001beb4099000 JavaThread "File watcher consumer" daemon [_thread_blocked, id=1184, stack(0x0000008a03700000,0x0000008a03800000)]
  0x000001beb8b17800 JavaThread "Cache worker for execution history cache (C:\Users\vyg0615\.gradle\caches\7.4\executionHistory)" [_thread_blocked, id=6780, stack(0x0000008a03c00000,0x0000008a03d00000)]
  0x000001beb8b14000 JavaThread "jar transforms" [_thread_blocked, id=16472, stack(0x0000008a03d00000,0x0000008a03e00000)]
  0x000001beb8b1a800 JavaThread "Cache worker for file content cache (C:\Users\vyg0615\.gradle\caches\7.4\fileContent)" [_thread_blocked, id=3672, stack(0x0000008a03e00000,0x0000008a03f00000)]
  0x000001beb8b1e800 JavaThread "jar transforms Thread 2" [_thread_blocked, id=8952, stack(0x0000008a03f00000,0x0000008a04000000)]
  0x000001beb8b1d000 JavaThread "jar transforms Thread 3" [_thread_blocked, id=14900, stack(0x0000008a04100000,0x0000008a04200000)]
  0x000001beba4d3000 JavaThread "jar transforms Thread 4" [_thread_blocked, id=9552, stack(0x0000008a09300000,0x0000008a09400000)]
  0x000001beba4d4800 JavaThread "jar transforms Thread 5" [_thread_blocked, id=1352, stack(0x0000008a09400000,0x0000008a09500000)]
  0x000001beba4d8000 JavaThread "jar transforms Thread 6" [_thread_blocked, id=22300, stack(0x0000008a09500000,0x0000008a09600000)]
  0x000001beba4d9000 JavaThread "jar transforms Thread 7" [_thread_blocked, id=19596, stack(0x0000008a09600000,0x0000008a09700000)]
  0x000001beba4d9800 JavaThread "jar transforms Thread 8" [_thread_blocked, id=10732, stack(0x0000008a09700000,0x0000008a09800000)]
  0x000001beba4d4000 JavaThread "Thread-108" daemon [_thread_blocked, id=21896, stack(0x0000008a09800000,0x0000008a09900000)]
  0x000001beba4da800 JavaThread "Memory manager" [_thread_blocked, id=17628, stack(0x0000008a09900000,0x0000008a09a00000)]
  0x000001beba485800 JavaThread "Daemon Thread 2" [_thread_blocked, id=17412, stack(0x0000008a00a00000,0x0000008a00b00000)]
  0x000001beba486800 JavaThread "Handler for socket connection from /127.0.0.1:52594 to /127.0.0.1:63606" [_thread_in_native, id=7120, stack(0x0000008a00b00000,0x0000008a00c00000)]
  0x000001beba489800 JavaThread "Cancel handler" [_thread_blocked, id=18064, stack(0x0000008a00c00000,0x0000008a00d00000)]
  0x000001beba484000 JavaThread "Daemon worker Thread 2" [_thread_in_vm, id=3808, stack(0x0000008a01e00000,0x0000008a01f00000)]
  0x000001beba48a800 JavaThread "Asynchronous log dispatcher for DefaultDaemonConnection: socket connection from /127.0.0.1:52594 to /127.0.0.1:63606" [_thread_blocked, id=14876, stack(0x0000008a02700000,0x0000008a02800000)]
  0x000001beba48b800 JavaThread "Stdin handler" [_thread_blocked, id=22360, stack(0x0000008a02900000,0x0000008a02a00000)]
  0x000001beba48c000 JavaThread "Daemon client event forwarder" [_thread_blocked, id=1812, stack(0x0000008a02a00000,0x0000008a02b00000)]
  0x000001beb85dc000 JavaThread "C2 CompilerThread1" daemon [_thread_in_native, id=9832, stack(0x0000008a02b00000,0x0000008a02c00000)]
  0x000001beb85e0800 JavaThread "C2 CompilerThread2" daemon [_thread_in_native, id=22408, stack(0x0000008a02c00000,0x0000008a02d00000)]
  0x000001beba48d000 JavaThread "Cache worker for checksums cache (C:\Users\vyg0615\AndroidStudioProjects\FCMPushNotification\.gradle\7.4\checksums)" [_thread_blocked, id=19764, stack(0x0000008a02d00000,0x0000008a02e00000)]
  0x000001beba487000 JavaThread "Cache worker for cache directory md-rule (C:\Users\vyg0615\.gradle\caches\7.4\md-rule)" [_thread_blocked, id=3912, stack(0x0000008a02e00000,0x0000008a02f00000)]
  0x000001beba48d800 JavaThread "Cache worker for file hash cache (C:\Users\vyg0615\AndroidStudioProjects\FCMPushNotification\.gradle\7.4\fileHashes)" [_thread_blocked, id=22332, stack(0x0000008a03a00000,0x0000008a03b00000)]
  0x000001beba488000 JavaThread "Cache worker for cache directory md-supplier (C:\Users\vyg0615\.gradle\caches\7.4\md-supplier)" [_thread_blocked, id=11048, stack(0x0000008a03b00000,0x0000008a03c00000)]
  0x000001beba48e800 JavaThread "Cache worker for dependencies-accessors (C:\Users\vyg0615\AndroidStudioProjects\FCMPushNotification\.gradle\7.4\dependencies-accessors)" [_thread_blocked, id=14560, stack(0x0000008a04000000,0x0000008a04100000)]

Other Threads:
  0x000001beb2819800 VMThread "VM Thread" [stack: 0x0000008a01400000,0x0000008a01500000] [id=23328]
  0x000001beb335d800 WatcherThread [stack: 0x0000008a01f00000,0x0000008a02000000] [id=8228]
  0x000001be97b20800 GCTaskThread "GC Thread#0" [stack: 0x0000008a00f00000,0x0000008a01000000] [id=8548]
  0x000001beb3814000 GCTaskThread "GC Thread#1" [stack: 0x0000008a02100000,0x0000008a02200000] [id=15888]
  0x000001beb3911800 GCTaskThread "GC Thread#2" [stack: 0x0000008a02200000,0x0000008a02300000] [id=15020]
  0x000001beb4eb4000 GCTaskThread "GC Thread#3" [stack: 0x0000008a02300000,0x0000008a02400000] [id=10300]
  0x000001beb47c5800 GCTaskThread "GC Thread#4" [stack: 0x0000008a02400000,0x0000008a02500000] [id=20312]
  0x000001beb47c6000 GCTaskThread "GC Thread#5" [stack: 0x0000008a02500000,0x0000008a02600000] [id=4116]
  0x000001beb7712000 GCTaskThread "GC Thread#6" [stack: 0x0000008a03000000,0x0000008a03100000] [id=11216]
  0x000001beb8a9b800 GCTaskThread "GC Thread#7" [stack: 0x0000008a03100000,0x0000008a03200000] [id=15984]
  0x000001be97b51000 ConcurrentGCThread "G1 Main Marker" [stack: 0x0000008a01000000,0x0000008a01100000] [id=21924]
  0x000001be97b52800 ConcurrentGCThread "G1 Conc#0" [stack: 0x0000008a01100000,0x0000008a01200000] [id=17752]
  0x000001beb49a5000 ConcurrentGCThread "G1 Conc#1" [stack: 0x0000008a03200000,0x0000008a03300000] [id=23124]
  0x000001beb190e000 ConcurrentGCThread "G1 Refine#0" [stack: 0x0000008a01200000,0x0000008a01300000] [id=19488]
  0x000001beb48dc000 ConcurrentGCThread "G1 Refine#1" [stack: 0x0000008a03800000,0x0000008a03900000] [id=21636]
  0x000001beb48e2000 ConcurrentGCThread "G1 Refine#2" [stack: 0x0000008a03900000,0x0000008a03a00000] [id=18216]
  0x000001beb48e2800 ConcurrentGCThread "G1 Refine#3" [stack: 0x0000008a02f00000,0x0000008a03000000] [id=2648]
  0x000001beb190f800 ConcurrentGCThread "G1 Young RemSet Sampling" [stack: 0x0000008a01300000,0x0000008a01400000] [id=11864]

Threads with active compile tasks:
C2 CompilerThread05598747 13593   !   4       org.gradle.internal.service.DefaultServiceRegistry$ManagedObjectServiceProvider::getInstance (47 bytes)
C2 CompilerThread15598748 13633       4       java.io.ObjectOutputStream$HandleTable::assign (52 bytes)
C2 CompilerThread25598748 13634       4       org.gradle.internal.service.DefaultServiceRegistry$SingletonService::get (5 bytes)

VM state:not at safepoint (normal execution)

VM Mutex/Monitor currently owned by a thread: None

Heap address: 0x0000000080000000, size: 2048 MB, Compressed Oops mode: 32-bit
Narrow klass base: 0x0000000000000000, Narrow klass shift: 3
Compressed class space size: 1073741824 Address: 0x0000000100000000

Heap:
 garbage-first heap   total 258048K, used 138128K [0x0000000080000000, 0x0000000100000000)
  region size 1024K, 45 young (46080K), 8 survivors (8192K)
 Metaspace       used 96486K, capacity 98853K, committed 99024K, reserved 1134592K
  class space    used 12392K, capacity 13313K, committed 13440K, reserved 1048576K
Heap Regions: E=young(eden), S=young(survivor), O=old, HS=humongous(starts), HC=humongous(continues), CS=collection set, F=free, A=archive, TAMS=top-at-mark-start (previous, next)
|   0|0x0000000080000000, 0x0000000080100000, 0x0000000080100000|100%| O|  |TAMS 0x0000000080100000, 0x0000000080000000| Untracked 
|   1|0x0000000080100000, 0x0000000080200000, 0x0000000080200000|100%| O|  |TAMS 0x0000000080200000, 0x0000000080100000| Untracked 
|   2|0x0000000080200000, 0x0000000080300000, 0x0000000080300000|100%| O|  |TAMS 0x0000000080300000, 0x0000000080200000| Untracked 
|   3|0x0000000080300000, 0x0000000080400000, 0x0000000080400000|100%|HS|  |TAMS 0x0000000080400000, 0x0000000080300000| Complete 
|   4|0x0000000080400000, 0x0000000080500000, 0x0000000080500000|100%|HC|  |TAMS 0x0000000080500000, 0x0000000080400000| Complete 
|   5|0x0000000080500000, 0x0000000080600000, 0x0000000080600000|100%|HC|  |TAMS 0x0000000080600000, 0x0000000080500000| Complete 
|   6|0x0000000080600000, 0x0000000080700000, 0x0000000080700000|100%| O|  |TAMS 0x0000000080700000, 0x0000000080600000| Untracked 
|   7|0x0000000080700000, 0x00000000807ffff8, 0x0000000080800000| 99%| O|  |TAMS 0x00000000807ffff8, 0x0000000080700000| Untracked 
|   8|0x0000000080800000, 0x0000000080900000, 0x0000000080900000|100%| O|  |TAMS 0x0000000080900000, 0x0000000080800000| Untracked 
|   9|0x0000000080900000, 0x0000000080a00000, 0x0000000080a00000|100%| O|  |TAMS 0x0000000080a00000, 0x0000000080900000| Untracked 
|  10|0x0000000080a00000, 0x0000000080b00000, 0x0000000080b00000|100%| O|  |TAMS 0x0000000080b00000, 0x0000000080a00000| Untracked 
|  11|0x0000000080b00000, 0x0000000080c00000, 0x0000000080c00000|100%| O|  |TAMS 0x0000000080c00000, 0x0000000080b00000| Untracked 
|  12|0x0000000080c00000, 0x0000000080d00000, 0x0000000080d00000|100%| O|  |TAMS 0x0000000080d00000, 0x0000000080c00000| Untracked 
|  13|0x0000000080d00000, 0x0000000080e00000, 0x0000000080e00000|100%| O|  |TAMS 0x0000000080e00000, 0x0000000080d00000| Untracked 
|  14|0x0000000080e00000, 0x0000000080f00000, 0x0000000080f00000|100%| O|  |TAMS 0x0000000080f00000, 0x0000000080e00000| Untracked 
|  15|0x0000000080f00000, 0x0000000081000000, 0x0000000081000000|100%|HS|  |TAMS 0x0000000081000000, 0x0000000080f00000| Complete 
|  16|0x0000000081000000, 0x0000000081100000, 0x0000000081100000|100%|HS|  |TAMS 0x0000000081100000, 0x0000000081000000| Complete 
|  17|0x0000000081100000, 0x0000000081200000, 0x0000000081200000|100%|HS|  |TAMS 0x0000000081200000, 0x0000000081100000| Complete 
|  18|0x0000000081200000, 0x0000000081300000, 0x0000000081300000|100%| O|  |TAMS 0x0000000081300000, 0x0000000081200000| Untracked 
|  19|0x0000000081300000, 0x0000000081400000, 0x0000000081400000|100%| O|  |TAMS 0x0000000081400000, 0x0000000081300000| Untracked 
|  20|0x0000000081400000, 0x0000000081500000, 0x0000000081500000|100%| O|  |TAMS 0x0000000081500000, 0x0000000081400000| Untracked 
|  21|0x0000000081500000, 0x0000000081600000, 0x0000000081600000|100%| O|  |TAMS 0x0000000081600000, 0x0000000081500000| Untracked 
|  22|0x0000000081600000, 0x0000000081700000, 0x0000000081700000|100%|HS|  |TAMS 0x0000000081700000, 0x0000000081600000| Complete 
|  23|0x0000000081700000, 0x0000000081800000, 0x0000000081800000|100%|HC|  |TAMS 0x0000000081800000, 0x0000000081700000| Complete 
|  24|0x0000000081800000, 0x0000000081900000, 0x0000000081900000|100%|HC|  |TAMS 0x0000000081900000, 0x0000000081800000| Complete 
|  25|0x0000000081900000, 0x0000000081a00000, 0x0000000081a00000|100%|HC|  |TAMS 0x0000000081a00000, 0x0000000081900000| Complete 
|  26|0x0000000081a00000, 0x0000000081b00000, 0x0000000081b00000|100%| O|  |TAMS 0x0000000081b00000, 0x0000000081a00000| Untracked 
|  27|0x0000000081b00000, 0x0000000081c00000, 0x0000000081c00000|100%|HS|  |TAMS 0x0000000081c00000, 0x0000000081b00000| Complete 
|  28|0x0000000081c00000, 0x0000000081d00000, 0x0000000081d00000|100%|HC|  |TAMS 0x0000000081d00000, 0x0000000081c00000| Complete 
|  29|0x0000000081d00000, 0x0000000081e00000, 0x0000000081e00000|100%| O|  |TAMS 0x0000000081e00000, 0x0000000081d00000| Untracked 
|  30|0x0000000081e00000, 0x0000000081f00000, 0x0000000081f00000|100%| O|  |TAMS 0x0000000081f00000, 0x0000000081e00000| Untracked 
|  31|0x0000000081f00000, 0x0000000082000000, 0x0000000082000000|100%| O|  |TAMS 0x0000000082000000, 0x0000000081f00000| Untracked 
|  32|0x0000000082000000, 0x0000000082100000, 0x0000000082100000|100%| O|  |TAMS 0x0000000082100000, 0x0000000082000000| Untracked 
|  33|0x0000000082100000, 0x0000000082200000, 0x0000000082200000|100%| O|  |TAMS 0x0000000082200000, 0x0000000082100000| Untracked 
|  34|0x0000000082200000, 0x0000000082300000, 0x0000000082300000|100%| O|  |TAMS 0x0000000082300000, 0x0000000082200000| Untracked 
|  35|0x0000000082300000, 0x0000000082400000, 0x0000000082400000|100%| O|  |TAMS 0x0000000082400000, 0x0000000082300000| Untracked 
|  36|0x0000000082400000, 0x0000000082500000, 0x0000000082500000|100%| O|  |TAMS 0x0000000082500000, 0x0000000082400000| Untracked 
|  37|0x0000000082500000, 0x0000000082600000, 0x0000000082600000|100%| O|  |TAMS 0x0000000082600000, 0x0000000082500000| Untracked 
|  38|0x0000000082600000, 0x0000000082700000, 0x0000000082700000|100%| O|  |TAMS 0x0000000082700000, 0x0000000082600000| Untracked 
|  39|0x0000000082700000, 0x0000000082800000, 0x0000000082800000|100%| O|  |TAMS 0x0000000082800000, 0x0000000082700000| Untracked 
|  40|0x0000000082800000, 0x0000000082900000, 0x0000000082900000|100%| O|  |TAMS 0x0000000082900000, 0x0000000082800000| Untracked 
|  41|0x0000000082900000, 0x0000000082a00000, 0x0000000082a00000|100%| O|  |TAMS 0x0000000082a00000, 0x0000000082900000| Untracked 
|  42|0x0000000082a00000, 0x0000000082b00000, 0x0000000082b00000|100%| O|  |TAMS 0x0000000082b00000, 0x0000000082a00000| Untracked 
|  43|0x0000000082b00000, 0x0000000082c00000, 0x0000000082c00000|100%| O|  |TAMS 0x0000000082c00000, 0x0000000082b00000| Untracked 
|  44|0x0000000082c00000, 0x0000000082d00000, 0x0000000082d00000|100%| O|  |TAMS 0x0000000082d00000, 0x0000000082c00000| Untracked 
|  45|0x0000000082d00000, 0x0000000082e00000, 0x0000000082e00000|100%| O|  |TAMS 0x0000000082e00000, 0x0000000082d00000| Untracked 
|  46|0x0000000082e00000, 0x0000000082f00000, 0x0000000082f00000|100%| O|  |TAMS 0x0000000082f00000, 0x0000000082e00000| Untracked 
|  47|0x0000000082f00000, 0x0000000083000000, 0x0000000083000000|100%| O|  |TAMS 0x0000000082f50600, 0x0000000082f00000| Untracked 
|  48|0x0000000083000000, 0x0000000083100000, 0x0000000083100000|100%| O|  |TAMS 0x0000000083000000, 0x0000000083000000| Untracked 
|  49|0x0000000083100000, 0x0000000083200000, 0x0000000083200000|100%| O|  |TAMS 0x0000000083100000, 0x0000000083100000| Untracked 
|  50|0x0000000083200000, 0x0000000083300000, 0x0000000083300000|100%| O|  |TAMS 0x0000000083200000, 0x0000000083200000| Untracked 
|  51|0x0000000083300000, 0x0000000083400000, 0x0000000083400000|100%| O|  |TAMS 0x0000000083300000, 0x0000000083300000| Untracked 
|  52|0x0000000083400000, 0x0000000083500000, 0x0000000083500000|100%| O|  |TAMS 0x0000000083400000, 0x0000000083400000| Untracked 
|  53|0x0000000083500000, 0x0000000083600000, 0x0000000083600000|100%| O|  |TAMS 0x0000000083500000, 0x0000000083500000| Untracked 
|  54|0x0000000083600000, 0x0000000083700000, 0x0000000083700000|100%| O|  |TAMS 0x0000000083600000, 0x0000000083600000| Untracked 
|  55|0x0000000083700000, 0x0000000083800000, 0x0000000083800000|100%| O|  |TAMS 0x0000000083700000, 0x0000000083700000| Untracked 
|  56|0x0000000083800000, 0x0000000083900000, 0x0000000083900000|100%| O|  |TAMS 0x0000000083800000, 0x0000000083800000| Untracked 
|  57|0x0000000083900000, 0x0000000083a00000, 0x0000000083a00000|100%| O|  |TAMS 0x0000000083900000, 0x0000000083900000| Untracked 
|  58|0x0000000083a00000, 0x0000000083b00000, 0x0000000083b00000|100%| O|  |TAMS 0x0000000083a00000, 0x0000000083a00000| Untracked 
|  59|0x0000000083b00000, 0x0000000083c00000, 0x0000000083c00000|100%| O|  |TAMS 0x0000000083b00000, 0x0000000083b00000| Untracked 
|  60|0x0000000083c00000, 0x0000000083d00000, 0x0000000083d00000|100%| O|  |TAMS 0x0000000083c00000, 0x0000000083c00000| Untracked 
|  61|0x0000000083d00000, 0x0000000083e00000, 0x0000000083e00000|100%| O|  |TAMS 0x0000000083d00000, 0x0000000083d00000| Untracked 
|  62|0x0000000083e00000, 0x0000000083f00000, 0x0000000083f00000|100%| O|  |TAMS 0x0000000083e00000, 0x0000000083e00000| Untracked 
|  63|0x0000000083f00000, 0x0000000084000000, 0x0000000084000000|100%| O|  |TAMS 0x0000000083f00000, 0x0000000083f00000| Untracked 
|  64|0x0000000084000000, 0x0000000084100000, 0x0000000084100000|100%| O|  |TAMS 0x0000000084000000, 0x0000000084000000| Untracked 
|  65|0x0000000084100000, 0x0000000084200000, 0x0000000084200000|100%| O|  |TAMS 0x0000000084100000, 0x0000000084100000| Untracked 
|  66|0x0000000084200000, 0x0000000084300000, 0x0000000084300000|100%| O|  |TAMS 0x0000000084200000, 0x0000000084200000| Untracked 
|  67|0x0000000084300000, 0x0000000084400000, 0x0000000084400000|100%| O|  |TAMS 0x0000000084300000, 0x0000000084300000| Untracked 
|  68|0x0000000084400000, 0x0000000084500000, 0x0000000084500000|100%| O|  |TAMS 0x0000000084400000, 0x0000000084400000| Untracked 
|  69|0x0000000084500000, 0x0000000084600000, 0x0000000084600000|100%| O|  |TAMS 0x0000000084500000, 0x0000000084500000| Untracked 
|  70|0x0000000084600000, 0x0000000084700000, 0x0000000084700000|100%| O|  |TAMS 0x0000000084600000, 0x0000000084600000| Untracked 
|  71|0x0000000084700000, 0x0000000084800000, 0x0000000084800000|100%| O|  |TAMS 0x0000000084700000, 0x0000000084700000| Untracked 
|  72|0x0000000084800000, 0x0000000084900000, 0x0000000084900000|100%| O|  |TAMS 0x0000000084800000, 0x0000000084800000| Untracked 
|  73|0x0000000084900000, 0x0000000084a00000, 0x0000000084a00000|100%| O|  |TAMS 0x0000000084900000, 0x0000000084900000| Untracked 
|  74|0x0000000084a00000, 0x0000000084b00000, 0x0000000084b00000|100%| O|  |TAMS 0x0000000084a00000, 0x0000000084a00000| Untracked 
|  75|0x0000000084b00000, 0x0000000084c00000, 0x0000000084c00000|100%| O|  |TAMS 0x0000000084b00000, 0x0000000084b00000| Untracked 
|  76|0x0000000084c00000, 0x0000000084d00000, 0x0000000084d00000|100%| O|  |TAMS 0x0000000084c00000, 0x0000000084c00000| Untracked 
|  77|0x0000000084d00000, 0x0000000084e00000, 0x0000000084e00000|100%| O|  |TAMS 0x0000000084d00000, 0x0000000084d00000| Untracked 
|  78|0x0000000084e00000, 0x0000000084f00000, 0x0000000084f00000|100%| O|  |TAMS 0x0000000084e00000, 0x0000000084e00000| Untracked 
|  79|0x0000000084f00000, 0x0000000085000000, 0x0000000085000000|100%| O|  |TAMS 0x0000000084f00000, 0x0000000084f00000| Untracked 
|  80|0x0000000085000000, 0x0000000085100000, 0x0000000085100000|100%| O|  |TAMS 0x0000000085000000, 0x0000000085000000| Untracked 
|  81|0x0000000085100000, 0x0000000085200000, 0x0000000085200000|100%| O|  |TAMS 0x0000000085100000, 0x0000000085100000| Untracked 
|  82|0x0000000085200000, 0x0000000085300000, 0x0000000085300000|100%| O|  |TAMS 0x0000000085200000, 0x0000000085200000| Untracked 
|  83|0x0000000085300000, 0x0000000085400000, 0x0000000085400000|100%| O|  |TAMS 0x0000000085300000, 0x0000000085300000| Untracked 
|  84|0x0000000085400000, 0x0000000085500000, 0x0000000085500000|100%| O|  |TAMS 0x0000000085400000, 0x0000000085400000| Untracked 
|  85|0x0000000085500000, 0x0000000085600000, 0x0000000085600000|100%| O|  |TAMS 0x0000000085500000, 0x0000000085500000| Untracked 
|  86|0x0000000085600000, 0x0000000085700000, 0x0000000085700000|100%| O|  |TAMS 0x0000000085600000, 0x0000000085600000| Untracked 
|  87|0x0000000085700000, 0x0000000085800000, 0x0000000085800000|100%| O|  |TAMS 0x0000000085700000, 0x0000000085700000| Untracked 
|  88|0x0000000085800000, 0x0000000085900000, 0x0000000085900000|100%| O|  |TAMS 0x0000000085800000, 0x0000000085800000| Untracked 
|  89|0x0000000085900000, 0x0000000085a00000, 0x0000000085a00000|100%| O|  |TAMS 0x0000000085900000, 0x0000000085900000| Untracked 
|  90|0x0000000085a00000, 0x0000000085b00000, 0x0000000085b00000|100%| O|  |TAMS 0x0000000085a00000, 0x0000000085a00000| Untracked 
|  91|0x0000000085b00000, 0x0000000085b00000, 0x0000000085c00000|  0%| F|  |TAMS 0x0000000085b00000, 0x0000000085b00000| Untracked 
|  92|0x0000000085c00000, 0x0000000085c00000, 0x0000000085d00000|  0%| F|  |TAMS 0x0000000085c00000, 0x0000000085c00000| Untracked 
|  93|0x0000000085d00000, 0x0000000085d00000, 0x0000000085e00000|  0%| F|  |TAMS 0x0000000085d00000, 0x0000000085d00000| Untracked 
|  94|0x0000000085e00000, 0x0000000085e00000, 0x0000000085f00000|  0%| F|  |TAMS 0x0000000085e00000, 0x0000000085e00000| Untracked 
|  95|0x0000000085f00000, 0x0000000085f00000, 0x0000000086000000|  0%| F|  |TAMS 0x0000000085f00000, 0x0000000085f00000| Untracked 
|  96|0x0000000086000000, 0x0000000086000000, 0x0000000086100000|  0%| F|  |TAMS 0x0000000086000000, 0x0000000086000000| Untracked 
|  97|0x0000000086100000, 0x0000000086100000, 0x0000000086200000|  0%| F|  |TAMS 0x0000000086100000, 0x0000000086100000| Untracked 
|  98|0x0000000086200000, 0x0000000086200000, 0x0000000086300000|  0%| F|  |TAMS 0x0000000086200000, 0x0000000086200000| Untracked 
|  99|0x0000000086300000, 0x0000000086300000, 0x0000000086400000|  0%| F|  |TAMS 0x0000000086300000, 0x0000000086300000| Untracked 
| 100|0x0000000086400000, 0x0000000086400000, 0x0000000086500000|  0%| F|  |TAMS 0x0000000086400000, 0x0000000086400000| Untracked 
| 101|0x0000000086500000, 0x0000000086500000, 0x0000000086600000|  0%| F|  |TAMS 0x0000000086500000, 0x0000000086500000| Untracked 
| 102|0x0000000086600000, 0x0000000086600000, 0x0000000086700000|  0%| F|  |TAMS 0x0000000086600000, 0x0000000086600000| Untracked 
| 103|0x0000000086700000, 0x0000000086700000, 0x0000000086800000|  0%| F|  |TAMS 0x0000000086700000, 0x0000000086700000| Untracked 
| 104|0x0000000086800000, 0x0000000086800000, 0x0000000086900000|  0%| F|  |TAMS 0x0000000086800000, 0x0000000086800000| Untracked 
| 105|0x0000000086900000, 0x0000000086900000, 0x0000000086a00000|  0%| F|  |TAMS 0x0000000086900000, 0x0000000086900000| Untracked 
| 106|0x0000000086a00000, 0x0000000086a00000, 0x0000000086b00000|  0%| F|  |TAMS 0x0000000086a00000, 0x0000000086a00000| Untracked 
| 107|0x0000000086b00000, 0x0000000086b00000, 0x0000000086c00000|  0%| F|  |TAMS 0x0000000086b00000, 0x0000000086b00000| Untracked 
| 108|0x0000000086c00000, 0x0000000086c00000, 0x0000000086d00000|  0%| F|  |TAMS 0x0000000086c00000, 0x0000000086c00000| Untracked 
| 109|0x0000000086d00000, 0x0000000086d00000, 0x0000000086e00000|  0%| F|  |TAMS 0x0000000086d00000, 0x0000000086d00000| Untracked 
| 110|0x0000000086e00000, 0x0000000086e00000, 0x0000000086f00000|  0%| F|  |TAMS 0x0000000086e00000, 0x0000000086e00000| Untracked 
| 111|0x0000000086f00000, 0x0000000086f00000, 0x0000000087000000|  0%| F|  |TAMS 0x0000000086f00000, 0x0000000086f00000| Untracked 
| 112|0x0000000087000000, 0x0000000087000000, 0x0000000087100000|  0%| F|  |TAMS 0x0000000087000000, 0x0000000087000000| Untracked 
| 113|0x0000000087100000, 0x0000000087100000, 0x0000000087200000|  0%| F|  |TAMS 0x0000000087100000, 0x0000000087100000| Untracked 
| 114|0x0000000087200000, 0x0000000087200000, 0x0000000087300000|  0%| F|  |TAMS 0x0000000087200000, 0x0000000087200000| Untracked 
| 115|0x0000000087300000, 0x0000000087300000, 0x0000000087400000|  0%| F|  |TAMS 0x0000000087300000, 0x0000000087300000| Untracked 
| 116|0x0000000087400000, 0x0000000087400000, 0x0000000087500000|  0%| F|  |TAMS 0x0000000087400000, 0x0000000087400000| Untracked 
| 117|0x0000000087500000, 0x0000000087500000, 0x0000000087600000|  0%| F|  |TAMS 0x0000000087500000, 0x0000000087500000| Untracked 
| 118|0x0000000087600000, 0x0000000087600000, 0x0000000087700000|  0%| F|  |TAMS 0x0000000087600000, 0x0000000087600000| Untracked 
| 119|0x0000000087700000, 0x0000000087700000, 0x0000000087800000|  0%| F|  |TAMS 0x0000000087700000, 0x0000000087700000| Untracked 
| 120|0x0000000087800000, 0x0000000087800000, 0x0000000087900000|  0%| F|  |TAMS 0x0000000087800000, 0x0000000087800000| Untracked 
| 121|0x0000000087900000, 0x0000000087900000, 0x0000000087a00000|  0%| F|  |TAMS 0x0000000087900000, 0x0000000087900000| Untracked 
| 122|0x0000000087a00000, 0x0000000087a00000, 0x0000000087b00000|  0%| F|  |TAMS 0x0000000087a00000, 0x0000000087a00000| Untracked 
| 123|0x0000000087b00000, 0x0000000087b00000, 0x0000000087c00000|  0%| F|  |TAMS 0x0000000087b00000, 0x0000000087b00000| Untracked 
| 124|0x0000000087c00000, 0x0000000087c00000, 0x0000000087d00000|  0%| F|  |TAMS 0x0000000087c00000, 0x0000000087c00000| Untracked 
| 125|0x0000000087d00000, 0x0000000087d00000, 0x0000000087e00000|  0%| F|  |TAMS 0x0000000087d00000, 0x0000000087d00000| Untracked 
| 126|0x0000000087e00000, 0x0000000087e00000, 0x0000000087f00000|  0%| F|  |TAMS 0x0000000087e00000, 0x0000000087e00000| Untracked 
| 127|0x0000000087f00000, 0x0000000087f00000, 0x0000000088000000|  0%| F|  |TAMS 0x0000000087f00000, 0x0000000087f00000| Untracked 
| 128|0x0000000088000000, 0x0000000088000000, 0x0000000088100000|  0%| F|  |TAMS 0x0000000088000000, 0x0000000088000000| Untracked 
| 129|0x0000000088100000, 0x0000000088100000, 0x0000000088200000|  0%| F|  |TAMS 0x0000000088100000, 0x0000000088100000| Untracked 
| 130|0x0000000088200000, 0x0000000088200000, 0x0000000088300000|  0%| F|  |TAMS 0x0000000088200000, 0x0000000088200000| Untracked 
| 131|0x0000000088300000, 0x0000000088300000, 0x0000000088400000|  0%| F|  |TAMS 0x0000000088300000, 0x0000000088300000| Untracked 
| 132|0x0000000088400000, 0x00000000884e4260, 0x0000000088500000| 89%| S|CS|TAMS 0x0000000088400000, 0x0000000088400000| Complete 
| 133|0x0000000088500000, 0x0000000088500000, 0x0000000088600000|  0%| F|  |TAMS 0x0000000088500000, 0x0000000088500000| Untracked 
| 134|0x0000000088600000, 0x0000000088700000, 0x0000000088700000|100%| S|CS|TAMS 0x0000000088600000, 0x0000000088600000| Complete 
| 135|0x0000000088700000, 0x0000000088800000, 0x0000000088800000|100%| S|CS|TAMS 0x0000000088700000, 0x0000000088700000| Complete 
| 136|0x0000000088800000, 0x0000000088900000, 0x0000000088900000|100%| S|CS|TAMS 0x0000000088800000, 0x0000000088800000| Complete 
| 137|0x0000000088900000, 0x0000000088a00000, 0x0000000088a00000|100%| S|CS|TAMS 0x0000000088900000, 0x0000000088900000| Complete 
| 138|0x0000000088a00000, 0x0000000088b00000, 0x0000000088b00000|100%| S|CS|TAMS 0x0000000088a00000, 0x0000000088a00000| Complete 
| 139|0x0000000088b00000, 0x0000000088c00000, 0x0000000088c00000|100%| S|CS|TAMS 0x0000000088b00000, 0x0000000088b00000| Complete 
| 140|0x0000000088c00000, 0x0000000088d00000, 0x0000000088d00000|100%| S|CS|TAMS 0x0000000088c00000, 0x0000000088c00000| Complete 
| 141|0x0000000088d00000, 0x0000000088d00000, 0x0000000088e00000|  0%| F|  |TAMS 0x0000000088d00000, 0x0000000088d00000| Untracked 
| 142|0x0000000088e00000, 0x0000000088e00000, 0x0000000088f00000|  0%| F|  |TAMS 0x0000000088e00000, 0x0000000088e00000| Untracked 
| 143|0x0000000088f00000, 0x0000000088f00000, 0x0000000089000000|  0%| F|  |TAMS 0x0000000088f00000, 0x0000000088f00000| Untracked 
| 144|0x0000000089000000, 0x0000000089000000, 0x0000000089100000|  0%| F|  |TAMS 0x0000000089000000, 0x0000000089000000| Untracked 
| 145|0x0000000089100000, 0x0000000089100000, 0x0000000089200000|  0%| F|  |TAMS 0x0000000089100000, 0x0000000089100000| Untracked 
| 146|0x0000000089200000, 0x0000000089200000, 0x0000000089300000|  0%| F|  |TAMS 0x0000000089200000, 0x0000000089200000| Untracked 
| 147|0x0000000089300000, 0x0000000089300000, 0x0000000089400000|  0%| F|  |TAMS 0x0000000089300000, 0x0000000089300000| Untracked 
| 148|0x0000000089400000, 0x0000000089400000, 0x0000000089500000|  0%| F|  |TAMS 0x0000000089400000, 0x0000000089400000| Untracked 
| 149|0x0000000089500000, 0x0000000089500000, 0x0000000089600000|  0%| F|  |TAMS 0x0000000089500000, 0x0000000089500000| Untracked 
| 150|0x0000000089600000, 0x0000000089600000, 0x0000000089700000|  0%| F|  |TAMS 0x0000000089600000, 0x0000000089600000| Untracked 
| 151|0x0000000089700000, 0x0000000089700000, 0x0000000089800000|  0%| F|  |TAMS 0x0000000089700000, 0x0000000089700000| Untracked 
| 152|0x0000000089800000, 0x0000000089800000, 0x0000000089900000|  0%| F|  |TAMS 0x0000000089800000, 0x0000000089800000| Untracked 
| 153|0x0000000089900000, 0x0000000089900000, 0x0000000089a00000|  0%| F|  |TAMS 0x0000000089900000, 0x0000000089900000| Untracked 
| 154|0x0000000089a00000, 0x0000000089a00000, 0x0000000089b00000|  0%| F|  |TAMS 0x0000000089a00000, 0x0000000089a00000| Untracked 
| 155|0x0000000089b00000, 0x0000000089b00000, 0x0000000089c00000|  0%| F|  |TAMS 0x0000000089b00000, 0x0000000089b00000| Untracked 
| 156|0x0000000089c00000, 0x0000000089c00000, 0x0000000089d00000|  0%| F|  |TAMS 0x0000000089c00000, 0x0000000089c00000| Untracked 
| 157|0x0000000089d00000, 0x0000000089d00000, 0x0000000089e00000|  0%| F|  |TAMS 0x0000000089d00000, 0x0000000089d00000| Untracked 
| 158|0x0000000089e00000, 0x0000000089e00000, 0x0000000089f00000|  0%| F|  |TAMS 0x0000000089e00000, 0x0000000089e00000| Untracked 
| 159|0x0000000089f00000, 0x0000000089f00000, 0x000000008a000000|  0%| F|  |TAMS 0x0000000089f00000, 0x0000000089f00000| Untracked 
| 160|0x000000008a000000, 0x000000008a000000, 0x000000008a100000|  0%| F|  |TAMS 0x000000008a000000, 0x000000008a000000| Untracked 
| 161|0x000000008a100000, 0x000000008a100000, 0x000000008a200000|  0%| F|  |TAMS 0x000000008a100000, 0x000000008a100000| Untracked 
| 162|0x000000008a200000, 0x000000008a200000, 0x000000008a300000|  0%| F|  |TAMS 0x000000008a200000, 0x000000008a200000| Untracked 
| 163|0x000000008a300000, 0x000000008a300000, 0x000000008a400000|  0%| F|  |TAMS 0x000000008a300000, 0x000000008a300000| Untracked 
| 164|0x000000008a400000, 0x000000008a400000, 0x000000008a500000|  0%| F|  |TAMS 0x000000008a400000, 0x000000008a400000| Untracked 
| 165|0x000000008a500000, 0x000000008a500000, 0x000000008a600000|  0%| F|  |TAMS 0x000000008a500000, 0x000000008a500000| Untracked 
| 166|0x000000008a600000, 0x000000008a600000, 0x000000008a700000|  0%| F|  |TAMS 0x000000008a600000, 0x000000008a600000| Untracked 
| 167|0x000000008a700000, 0x000000008a700000, 0x000000008a800000|  0%| F|  |TAMS 0x000000008a700000, 0x000000008a700000| Untracked 
| 168|0x000000008a800000, 0x000000008a800000, 0x000000008a900000|  0%| F|  |TAMS 0x000000008a800000, 0x000000008a800000| Untracked 
| 169|0x000000008a900000, 0x000000008a900000, 0x000000008aa00000|  0%| F|  |TAMS 0x000000008a900000, 0x000000008a900000| Untracked 
| 170|0x000000008aa00000, 0x000000008aa00000, 0x000000008ab00000|  0%| F|  |TAMS 0x000000008aa00000, 0x000000008aa00000| Untracked 
| 171|0x000000008ab00000, 0x000000008ab00000, 0x000000008ac00000|  0%| F|  |TAMS 0x000000008ab00000, 0x000000008ab00000| Untracked 
| 172|0x000000008ac00000, 0x000000008ac00000, 0x000000008ad00000|  0%| F|  |TAMS 0x000000008ac00000, 0x000000008ac00000| Untracked 
| 173|0x000000008ad00000, 0x000000008ad00000, 0x000000008ae00000|  0%| F|  |TAMS 0x000000008ad00000, 0x000000008ad00000| Untracked 
| 174|0x000000008ae00000, 0x000000008ae00000, 0x000000008af00000|  0%| F|  |TAMS 0x000000008ae00000, 0x000000008ae00000| Untracked 
| 175|0x000000008af00000, 0x000000008af00000, 0x000000008b000000|  0%| F|  |TAMS 0x000000008af00000, 0x000000008af00000| Untracked 
| 176|0x000000008b000000, 0x000000008b000000, 0x000000008b100000|  0%| F|  |TAMS 0x000000008b000000, 0x000000008b000000| Untracked 
| 177|0x000000008b100000, 0x000000008b100000, 0x000000008b200000|  0%| F|  |TAMS 0x000000008b100000, 0x000000008b100000| Untracked 
| 178|0x000000008b200000, 0x000000008b200000, 0x000000008b300000|  0%| F|  |TAMS 0x000000008b200000, 0x000000008b200000| Untracked 
| 179|0x000000008b300000, 0x000000008b300000, 0x000000008b400000|  0%| F|  |TAMS 0x000000008b300000, 0x000000008b300000| Untracked 
| 180|0x000000008b400000, 0x000000008b400000, 0x000000008b500000|  0%| F|  |TAMS 0x000000008b400000, 0x000000008b400000| Untracked 
| 181|0x000000008b500000, 0x000000008b500000, 0x000000008b600000|  0%| F|  |TAMS 0x000000008b500000, 0x000000008b500000| Untracked 
| 182|0x000000008b600000, 0x000000008b600000, 0x000000008b700000|  0%| F|  |TAMS 0x000000008b600000, 0x000000008b600000| Untracked 
| 183|0x000000008b700000, 0x000000008b700000, 0x000000008b800000|  0%| F|  |TAMS 0x000000008b700000, 0x000000008b700000| Untracked 
| 184|0x000000008b800000, 0x000000008b800000, 0x000000008b900000|  0%| F|  |TAMS 0x000000008b800000, 0x000000008b800000| Untracked 
| 185|0x000000008b900000, 0x000000008b900000, 0x000000008ba00000|  0%| F|  |TAMS 0x000000008b900000, 0x000000008b900000| Untracked 
| 186|0x000000008ba00000, 0x000000008ba00000, 0x000000008bb00000|  0%| F|  |TAMS 0x000000008ba00000, 0x000000008ba00000| Untracked 
| 187|0x000000008bb00000, 0x000000008bb00000, 0x000000008bc00000|  0%| F|  |TAMS 0x000000008bb00000, 0x000000008bb00000| Untracked 
| 188|0x000000008bc00000, 0x000000008bc00000, 0x000000008bd00000|  0%| F|  |TAMS 0x000000008bc00000, 0x000000008bc00000| Untracked 
| 189|0x000000008bd00000, 0x000000008bd00000, 0x000000008be00000|  0%| F|  |TAMS 0x000000008bd00000, 0x000000008bd00000| Untracked 
| 190|0x000000008be00000, 0x000000008be00000, 0x000000008bf00000|  0%| F|  |TAMS 0x000000008be00000, 0x000000008be00000| Untracked 
| 191|0x000000008bf00000, 0x000000008bf00000, 0x000000008c000000|  0%| F|  |TAMS 0x000000008bf00000, 0x000000008bf00000| Untracked 
| 192|0x000000008c000000, 0x000000008c000000, 0x000000008c100000|  0%| F|  |TAMS 0x000000008c000000, 0x000000008c000000| Untracked 
| 193|0x000000008c100000, 0x000000008c100000, 0x000000008c200000|  0%| F|  |TAMS 0x000000008c100000, 0x000000008c100000| Untracked 
| 194|0x000000008c200000, 0x000000008c200000, 0x000000008c300000|  0%| F|  |TAMS 0x000000008c200000, 0x000000008c200000| Untracked 
| 195|0x000000008c300000, 0x000000008c300000, 0x000000008c400000|  0%| F|  |TAMS 0x000000008c300000, 0x000000008c300000| Untracked 
| 196|0x000000008c400000, 0x000000008c400000, 0x000000008c500000|  0%| F|  |TAMS 0x000000008c400000, 0x000000008c400000| Untracked 
| 197|0x000000008c500000, 0x000000008c500000, 0x000000008c600000|  0%| F|  |TAMS 0x000000008c500000, 0x000000008c500000| Untracked 
| 198|0x000000008c600000, 0x000000008c600000, 0x000000008c700000|  0%| F|  |TAMS 0x000000008c600000, 0x000000008c600000| Untracked 
| 199|0x000000008c700000, 0x000000008c700000, 0x000000008c800000|  0%| F|  |TAMS 0x000000008c700000, 0x000000008c700000| Untracked 
| 200|0x000000008c800000, 0x000000008c800000, 0x000000008c900000|  0%| F|  |TAMS 0x000000008c800000, 0x000000008c800000| Untracked 
| 201|0x000000008c900000, 0x000000008c900000, 0x000000008ca00000|  0%| F|  |TAMS 0x000000008c900000, 0x000000008c900000| Untracked 
| 202|0x000000008ca00000, 0x000000008ca00000, 0x000000008cb00000|  0%| F|  |TAMS 0x000000008ca00000, 0x000000008ca00000| Untracked 
| 203|0x000000008cb00000, 0x000000008cb00000, 0x000000008cc00000|  0%| F|  |TAMS 0x000000008cb00000, 0x000000008cb00000| Untracked 
| 204|0x000000008cc00000, 0x000000008cc00000, 0x000000008cd00000|  0%| F|  |TAMS 0x000000008cc00000, 0x000000008cc00000| Untracked 
| 205|0x000000008cd00000, 0x000000008cd00000, 0x000000008ce00000|  0%| F|  |TAMS 0x000000008cd00000, 0x000000008cd00000| Untracked 
| 206|0x000000008ce00000, 0x000000008ce00000, 0x000000008cf00000|  0%| F|  |TAMS 0x000000008ce00000, 0x000000008ce00000| Untracked 
| 207|0x000000008cf00000, 0x000000008cf00000, 0x000000008d000000|  0%| F|  |TAMS 0x000000008cf00000, 0x000000008cf00000| Untracked 
| 208|0x000000008d000000, 0x000000008d000000, 0x000000008d100000|  0%| F|  |TAMS 0x000000008d000000, 0x000000008d000000| Untracked 
| 209|0x000000008d100000, 0x000000008d100000, 0x000000008d200000|  0%| F|  |TAMS 0x000000008d100000, 0x000000008d100000| Untracked 
| 210|0x000000008d200000, 0x000000008d200000, 0x000000008d300000|  0%| F|  |TAMS 0x000000008d200000, 0x000000008d200000| Untracked 
| 211|0x000000008d300000, 0x000000008d300000, 0x000000008d400000|  0%| F|  |TAMS 0x000000008d300000, 0x000000008d300000| Untracked 
| 212|0x000000008d400000, 0x000000008d400000, 0x000000008d500000|  0%| F|  |TAMS 0x000000008d400000, 0x000000008d400000| Untracked 
| 213|0x000000008d500000, 0x000000008d500000, 0x000000008d600000|  0%| F|  |TAMS 0x000000008d500000, 0x000000008d500000| Untracked 
| 214|0x000000008d600000, 0x000000008d600000, 0x000000008d700000|  0%| F|  |TAMS 0x000000008d600000, 0x000000008d600000| Untracked 
| 215|0x000000008d700000, 0x000000008d7f9338, 0x000000008d800000| 97%| E|  |TAMS 0x000000008d700000, 0x000000008d700000| Complete 
| 216|0x000000008d800000, 0x000000008d900000, 0x000000008d900000|100%| E|CS|TAMS 0x000000008d800000, 0x000000008d800000| Complete 
| 217|0x000000008d900000, 0x000000008da00000, 0x000000008da00000|100%| E|CS|TAMS 0x000000008d900000, 0x000000008d900000| Complete 
| 218|0x000000008da00000, 0x000000008db00000, 0x000000008db00000|100%| E|CS|TAMS 0x000000008da00000, 0x000000008da00000| Complete 
| 219|0x000000008db00000, 0x000000008dc00000, 0x000000008dc00000|100%| E|CS|TAMS 0x000000008db00000, 0x000000008db00000| Complete 
| 220|0x000000008dc00000, 0x000000008dd00000, 0x000000008dd00000|100%| E|CS|TAMS 0x000000008dc00000, 0x000000008dc00000| Complete 
| 221|0x000000008dd00000, 0x000000008de00000, 0x000000008de00000|100%| E|CS|TAMS 0x000000008dd00000, 0x000000008dd00000| Complete 
| 222|0x000000008de00000, 0x000000008df00000, 0x000000008df00000|100%| E|CS|TAMS 0x000000008de00000, 0x000000008de00000| Complete 
| 223|0x000000008df00000, 0x000000008e000000, 0x000000008e000000|100%| E|CS|TAMS 0x000000008df00000, 0x000000008df00000| Complete 
| 224|0x000000008e000000, 0x000000008e100000, 0x000000008e100000|100%| E|CS|TAMS 0x000000008e000000, 0x000000008e000000| Complete 
| 225|0x000000008e100000, 0x000000008e200000, 0x000000008e200000|100%| E|CS|TAMS 0x000000008e100000, 0x000000008e100000| Complete 
| 226|0x000000008e200000, 0x000000008e300000, 0x000000008e300000|100%| E|CS|TAMS 0x000000008e200000, 0x000000008e200000| Complete 
| 227|0x000000008e300000, 0x000000008e400000, 0x000000008e400000|100%| E|CS|TAMS 0x000000008e300000, 0x000000008e300000| Complete 
| 228|0x000000008e400000, 0x000000008e500000, 0x000000008e500000|100%| E|CS|TAMS 0x000000008e400000, 0x000000008e400000| Complete 
| 229|0x000000008e500000, 0x000000008e600000, 0x000000008e600000|100%| E|CS|TAMS 0x000000008e500000, 0x000000008e500000| Complete 
| 230|0x000000008e600000, 0x000000008e700000, 0x000000008e700000|100%| E|CS|TAMS 0x000000008e600000, 0x000000008e600000| Complete 
| 231|0x000000008e700000, 0x000000008e800000, 0x000000008e800000|100%| E|CS|TAMS 0x000000008e700000, 0x000000008e700000| Complete 
| 232|0x000000008e800000, 0x000000008e900000, 0x000000008e900000|100%| E|CS|TAMS 0x000000008e800000, 0x000000008e800000| Complete 
| 233|0x000000008e900000, 0x000000008ea00000, 0x000000008ea00000|100%| E|CS|TAMS 0x000000008e900000, 0x000000008e900000| Complete 
| 234|0x000000008ea00000, 0x000000008eb00000, 0x000000008eb00000|100%| E|CS|TAMS 0x000000008ea00000, 0x000000008ea00000| Complete 
| 235|0x000000008eb00000, 0x000000008ec00000, 0x000000008ec00000|100%| E|CS|TAMS 0x000000008eb00000, 0x000000008eb00000| Complete 
| 236|0x000000008ec00000, 0x000000008ed00000, 0x000000008ed00000|100%| E|CS|TAMS 0x000000008ec00000, 0x000000008ec00000| Complete 
| 237|0x000000008ed00000, 0x000000008ee00000, 0x000000008ee00000|100%| E|CS|TAMS 0x000000008ed00000, 0x000000008ed00000| Complete 
| 238|0x000000008ee00000, 0x000000008ef00000, 0x000000008ef00000|100%| E|CS|TAMS 0x000000008ee00000, 0x000000008ee00000| Complete 
| 239|0x000000008ef00000, 0x000000008f000000, 0x000000008f000000|100%| E|CS|TAMS 0x000000008ef00000, 0x000000008ef00000| Complete 
| 240|0x000000008f000000, 0x000000008f100000, 0x000000008f100000|100%| E|CS|TAMS 0x000000008f000000, 0x000000008f000000| Complete 
| 241|0x000000008f100000, 0x000000008f200000, 0x000000008f200000|100%| E|CS|TAMS 0x000000008f100000, 0x000000008f100000| Complete 
| 242|0x000000008f200000, 0x000000008f300000, 0x000000008f300000|100%| E|CS|TAMS 0x000000008f200000, 0x000000008f200000| Complete 
| 243|0x000000008f300000, 0x000000008f400000, 0x000000008f400000|100%| E|CS|TAMS 0x000000008f300000, 0x000000008f300000| Complete 
| 244|0x000000008f400000, 0x000000008f500000, 0x000000008f500000|100%| E|CS|TAMS 0x000000008f400000, 0x000000008f400000| Complete 
| 245|0x000000008f500000, 0x000000008f600000, 0x000000008f600000|100%| E|CS|TAMS 0x000000008f500000, 0x000000008f500000| Complete 
| 246|0x000000008f600000, 0x000000008f700000, 0x000000008f700000|100%| E|CS|TAMS 0x000000008f600000, 0x000000008f600000| Complete 
| 247|0x000000008f700000, 0x000000008f800000, 0x000000008f800000|100%| E|CS|TAMS 0x000000008f700000, 0x000000008f700000| Complete 
| 248|0x000000008f800000, 0x000000008f900000, 0x000000008f900000|100%| E|CS|TAMS 0x000000008f800000, 0x000000008f800000| Complete 
| 249|0x000000008f900000, 0x000000008fa00000, 0x000000008fa00000|100%| E|CS|TAMS 0x000000008f900000, 0x000000008f900000| Complete 
| 250|0x000000008fa00000, 0x000000008fb00000, 0x000000008fb00000|100%| E|CS|TAMS 0x000000008fa00000, 0x000000008fa00000| Complete 
| 251|0x000000008fb00000, 0x000000008fc00000, 0x000000008fc00000|100%| E|CS|TAMS 0x000000008fb00000, 0x000000008fb00000| Complete 

Card table byte_map: [0x000001beaace0000,0x000001beab0e0000] _byte_map_base: 0x000001beaa8e0000

Marking Bits (Prev, Next): (CMBitMap*) 0x000001be97b484c0, (CMBitMap*) 0x000001be97b48488
 Prev Bits: [0x000001bead4e0000, 0x000001beaf4e0000)
 Next Bits: [0x000001beab4e0000, 0x000001bead4e0000)

Polling page: 0x000001be97260000

Metaspace:

Usage:
  Non-class:     83.54 MB capacity,    82.12 MB ( 98%) used,     1.13 MB (  1%) free+waste,   291.25 KB ( <1%) overhead. 
      Class:     13.00 MB capacity,    12.10 MB ( 93%) used,   790.47 KB (  6%) free+waste,   129.75 KB ( <1%) overhead. 
       Both:     96.54 MB capacity,    94.22 MB ( 98%) used,     1.90 MB (  2%) free+waste,   421.00 KB ( <1%) overhead. 

Virtual space:
  Non-class space:       84.00 MB reserved,      83.58 MB (>99%) committed 
      Class space:        1.00 GB reserved,      13.13 MB (  1%) committed 
             Both:        1.08 GB reserved,      96.70 MB (  9%) committed 

Chunk freelists:
   Non-Class:  44.00 KB
       Class:  0 bytes
        Both:  44.00 KB

MaxMetaspaceSize: 17179869184.00 GB
CompressedClassSpaceSize: 1.00 GB
Initial GC threshold: 20.80 MB
Current GC threshold: 98.67 MB
CDS: off

CodeHeap 'non-profiled nmethods': size=120000Kb used=11641Kb max_used=11641Kb free=108358Kb
 bounds [0x000001bea3070000, 0x000001bea3bd0000, 0x000001beaa5a0000]
CodeHeap 'profiled nmethods': size=120000Kb used=29954Kb max_used=29954Kb free=90046Kb
 bounds [0x000001be9bb40000, 0x000001be9d890000, 0x000001bea3070000]
CodeHeap 'non-nmethods': size=5760Kb used=2397Kb max_used=2450Kb free=3362Kb
 bounds [0x000001be9b5a0000, 0x000001be9b810000, 0x000001be9bb40000]
 total_blobs=14456 nmethods=13543 adapters=825
 compilation: enabled
              stopped_count=0, restarted_count=0
 full_count=0

Compilation events (20 events):
Event: 5598.577 Thread 0x000001beb288b800 13623       3       org.codehaus.groovy.reflection.CachedClass::coerceArgument (2 bytes)
Event: 5598.577 Thread 0x000001beb288b800 nmethod 13623 0x000001be9d879010 code [0x000001be9d8791c0, 0x000001be9d8792b8]
Event: 5598.578 Thread 0x000001beb288b800 13624       3       org.gradle.api.internal.DefaultDomainObjectCollection::<init> (16 bytes)
Event: 5598.578 Thread 0x000001beb288b800 nmethod 13624 0x000001be9d879390 code [0x000001be9d8795a0, 0x000001be9d879b08]
Event: 5598.579 Thread 0x000001beb288b800 13625       3       org.gradle.api.internal.DefaultDomainObjectCollection::addEagerAction (32 bytes)
Event: 5598.579 Thread 0x000001beb288b800 nmethod 13625 0x000001be9d879d10 code [0x000001be9d879f00, 0x000001be9d87a378]
Event: 5598.580 Thread 0x000001beb288b800 13627   !   3       org.codehaus.groovy.reflection.AccessPermissionChecker::checkAccessPermission (26 bytes)
Event: 5598.580 Thread 0x000001beb288b800 nmethod 13627 0x000001be9d87a510 code [0x000001be9d87a6e0, 0x000001be9d87a938]
Event: 5598.580 Thread 0x000001beb288b800 13628   !   3       org.codehaus.groovy.reflection.CachedMethod::invoke (84 bytes)
Event: 5598.581 Thread 0x000001beb288b800 nmethod 13628 0x000001be9d87aa90 code [0x000001be9d87adc0, 0x000001be9d87c1a8]
Event: 5598.581 Thread 0x000001beb288b800 13626       3       org.gradle.api.internal.collections.DefaultCollectionEventRegister::registerEagerAddAction (7 bytes)
Event: 5598.581 Thread 0x000001beb288b800 nmethod 13626 0x000001be9d87c990 code [0x000001be9d87cb60, 0x000001be9d87ce78]
Event: 5598.582 Thread 0x000001beb288b800 13629       3       org.gradle.internal.logging.progress.DefaultProgressLoggerFactory$ProgressLoggerImpl::started (191 bytes)
Event: 5598.582 Thread 0x000001beb288b800 nmethod 13629 0x000001be9d87d010 code [0x000001be9d87d2a0, 0x000001be9d87de68]
Event: 5598.583 Thread 0x000001beb85dc000 13630       4       java.util.concurrent.ThreadPoolExecutor::workerCountOf (5 bytes)
Event: 5598.583 Thread 0x000001beb85dc000 nmethod 13630 0x000001bea3bcdf10 code [0x000001bea3bce0a0, 0x000001bea3bce0f8]
Event: 5598.587 Thread 0x000001beb288b800 13631       3       org.gradle.internal.extensibility.ExtensibleDynamicObject::updateDelegates (149 bytes)
Event: 5598.587 Thread 0x000001beb288b800 nmethod 13631 0x000001be9d87e290 code [0x000001be9d87e500, 0x000001be9d87f658]
Event: 5598.589 Thread 0x000001beb85e0800 13632       4       org.gradle.internal.logging.progress.DefaultProgressLoggerFactory$ProgressLoggerImpl::assertNotStarted (63 bytes)
Event: 5598.589 Thread 0x000001beb85e0800 nmethod 13632 0x000001bea3bce210 code [0x000001bea3bce3a0, 0x000001bea3bce438]

GC Heap History (20 events):
Event: 10.124 GC heap before
{Heap before GC invocations=14 (full 0):
 garbage-first heap   total 258048K, used 195626K [0x0000000080000000, 0x0000000100000000)
  region size 1024K, 138 young (141312K), 3 survivors (3072K)
 Metaspace       used 64551K, capacity 66151K, committed 66384K, reserved 1107968K
  class space    used 8077K, capacity 8661K, committed 8704K, reserved 1048576K
}
Event: 10.130 GC heap after
{Heap after GC invocations=15 (full 0):
 garbage-first heap   total 258048K, used 57097K [0x0000000080000000, 0x0000000100000000)
  region size 1024K, 9 young (9216K), 9 survivors (9216K)
 Metaspace       used 64551K, capacity 66151K, committed 66384K, reserved 1107968K
  class space    used 8077K, capacity 8661K, committed 8704K, reserved 1048576K
}
Event: 11.067 GC heap before
{Heap before GC invocations=15 (full 0):
 garbage-first heap   total 258048K, used 195337K [0x0000000080000000, 0x0000000100000000)
  region size 1024K, 143 young (146432K), 9 survivors (9216K)
 Metaspace       used 69097K, capacity 70716K, committed 70864K, reserved 1112064K
  class space    used 8671K, capacity 9258K, committed 9344K, reserved 1048576K
}
Event: 11.075 GC heap after
{Heap after GC invocations=16 (full 0):
 garbage-first heap   total 258048K, used 61084K [0x0000000080000000, 0x0000000100000000)
  region size 1024K, 13 young (13312K), 13 survivors (13312K)
 Metaspace       used 69097K, capacity 70716K, committed 70864K, reserved 1112064K
  class space    used 8671K, capacity 9258K, committed 9344K, reserved 1048576K
}
Event: 11.809 GC heap before
{Heap before GC invocations=16 (full 0):
 garbage-first heap   total 258048K, used 199324K [0x0000000080000000, 0x0000000100000000)
  region size 1024K, 148 young (151552K), 13 survivors (13312K)
 Metaspace       used 74482K, capacity 76161K, committed 76368K, reserved 1116160K
  class space    used 9513K, capacity 10136K, committed 10240K, reserved 1048576K
}
Event: 11.817 GC heap after
{Heap after GC invocations=17 (full 0):
 garbage-first heap   total 258048K, used 65859K [0x0000000080000000, 0x0000000100000000)
  region size 1024K, 10 young (10240K), 10 survivors (10240K)
 Metaspace       used 74482K, capacity 76161K, committed 76368K, reserved 1116160K
  class space    used 9513K, capacity 10136K, committed 10240K, reserved 1048576K
}
Event: 12.758 GC heap before
{Heap before GC invocations=17 (full 0):
 garbage-first heap   total 258048K, used 202051K [0x0000000080000000, 0x0000000100000000)
  region size 1024K, 144 young (147456K), 10 survivors (10240K)
 Metaspace       used 79056K, capacity 80776K, committed 80848K, reserved 1120256K
  class space    used 10174K, capacity 10864K, committed 10880K, reserved 1048576K
}
Event: 12.767 GC heap after
{Heap after GC invocations=18 (full 0):
 garbage-first heap   total 258048K, used 70710K [0x0000000080000000, 0x0000000100000000)
  region size 1024K, 14 young (14336K), 14 survivors (14336K)
 Metaspace       used 79056K, capacity 80776K, committed 80848K, reserved 1120256K
  class space    used 10174K, capacity 10864K, committed 10880K, reserved 1048576K
}
Event: 13.665 GC heap before
{Heap before GC invocations=18 (full 0):
 garbage-first heap   total 258048K, used 206902K [0x0000000080000000, 0x0000000100000000)
  region size 1024K, 147 young (150528K), 14 survivors (14336K)
 Metaspace       used 84684K, capacity 86579K, committed 86864K, reserved 1124352K
  class space    used 10910K, capacity 11663K, committed 11776K, reserved 1048576K
}
Event: 13.677 GC heap after
{Heap after GC invocations=19 (full 0):
 garbage-first heap   total 258048K, used 76228K [0x0000000080000000, 0x0000000100000000)
  region size 1024K, 16 young (16384K), 16 survivors (16384K)
 Metaspace       used 84684K, capacity 86579K, committed 86864K, reserved 1124352K
  class space    used 10910K, capacity 11663K, committed 11776K, reserved 1048576K
}
Event: 15.533 GC heap before
{Heap before GC invocations=19 (full 0):
 garbage-first heap   total 258048K, used 207300K [0x0000000080000000, 0x0000000100000000)
  region size 1024K, 145 young (148480K), 16 survivors (16384K)
 Metaspace       used 88074K, capacity 90327K, committed 90576K, reserved 1128448K
  class space    used 11414K, capacity 12317K, committed 12416K, reserved 1048576K
}
Event: 15.549 GC heap after
{Heap after GC invocations=20 (full 0):
 garbage-first heap   total 258048K, used 83967K [0x0000000080000000, 0x0000000100000000)
  region size 1024K, 14 young (14336K), 14 survivors (14336K)
 Metaspace       used 88074K, capacity 90327K, committed 90576K, reserved 1128448K
  class space    used 11414K, capacity 12317K, committed 12416K, reserved 1048576K
}
Event: 16.802 GC heap before
{Heap before GC invocations=20 (full 0):
 garbage-first heap   total 258048K, used 208895K [0x0000000080000000, 0x0000000100000000)
  region size 1024K, 137 young (140288K), 14 survivors (14336K)
 Metaspace       used 89867K, capacity 92156K, committed 92240K, reserved 1128448K
  class space    used 11638K, capacity 12541K, committed 12544K, reserved 1048576K
}
Event: 16.813 GC heap after
{Heap after GC invocations=21 (full 0):
 garbage-first heap   total 258048K, used 90071K [0x0000000080000000, 0x0000000100000000)
  region size 1024K, 14 young (14336K), 14 survivors (14336K)
 Metaspace       used 89867K, capacity 92156K, committed 92240K, reserved 1128448K
  class space    used 11638K, capacity 12541K, committed 12544K, reserved 1048576K
}
Event: 17.312 GC heap before
{Heap before GC invocations=21 (full 0):
 garbage-first heap   total 258048K, used 210903K [0x0000000080000000, 0x0000000100000000)
  region size 1024K, 133 young (136192K), 14 survivors (14336K)
 Metaspace       used 94120K, capacity 96444K, committed 96592K, reserved 1132544K
  class space    used 12152K, capacity 13053K, committed 13056K, reserved 1048576K
}
Event: 17.322 GC heap after
{Heap after GC invocations=22 (full 0):
 garbage-first heap   total 258048K, used 93830K [0x0000000080000000, 0x0000000100000000)
  region size 1024K, 10 young (10240K), 10 survivors (10240K)
 Metaspace       used 94120K, capacity 96444K, committed 96592K, reserved 1132544K
  class space    used 12152K, capacity 13053K, committed 13056K, reserved 1048576K
}
Event: 18.564 GC heap before
{Heap before GC invocations=22 (full 0):
 garbage-first heap   total 258048K, used 213638K [0x0000000080000000, 0x0000000100000000)
  region size 1024K, 128 young (131072K), 10 survivors (10240K)
 Metaspace       used 95009K, capacity 97429K, committed 97488K, reserved 1134592K
  class space    used 12244K, capacity 13163K, committed 13184K, reserved 1048576K
}
Event: 18.575 GC heap after
{Heap after GC invocations=23 (full 0):
 garbage-first heap   total 258048K, used 100393K [0x0000000080000000, 0x0000000100000000)
  region size 1024K, 10 young (10240K), 10 survivors (10240K)
 Metaspace       used 95009K, capacity 97429K, committed 97488K, reserved 1134592K
  class space    used 12244K, capacity 13163K, committed 13184K, reserved 1048576K
}
Event: 3902.910 GC heap before
{Heap before GC invocations=23 (full 0):
 garbage-first heap   total 258048K, used 214057K [0x0000000080000000, 0x0000000100000000)
  region size 1024K, 121 young (123904K), 10 survivors (10240K)
 Metaspace       used 96445K, capacity 98835K, committed 98896K, reserved 1134592K
  class space    used 12390K, capacity 13308K, committed 13312K, reserved 1048576K
}
Event: 3902.918 GC heap after
{Heap after GC invocations=24 (full 0):
 garbage-first heap   total 258048K, used 101264K [0x0000000080000000, 0x0000000100000000)
  region size 1024K, 8 young (8192K), 8 survivors (8192K)
 Metaspace       used 96445K, capacity 98835K, committed 98896K, reserved 1134592K
  class space    used 12390K, capacity 13308K, committed 13312K, reserved 1048576K
}

Deoptimization events (20 events):
Event: 5598.580 Thread 0x000001beba484000 Uncommon trap: trap_request=0xffffffc6 fr.pc=0x000001bea3930fac relative=0x000000000000074c
Event: 5598.580 Thread 0x000001beba484000 Uncommon trap: reason=bimorphic_or_optimized_type_check action=maybe_recompile pc=0x000001bea3930fac method=org.gradle.internal.operations.DefaultBuildOperationListenerManager$ProgressShieldingBuildOperationListener.finished(Lorg/gradle/internal/operation
Event: 5598.580 Thread 0x000001beba484000 DEOPT PACKING pc=0x000001bea3930fac sp=0x0000008a01efa3f0
Event: 5598.580 Thread 0x000001beba484000 DEOPT UNPACKING pc=0x000001be9b5a85af sp=0x0000008a01efa3b8 mode 2
Event: 5598.581 Thread 0x000001beba484000 Uncommon trap: trap_request=0xffffffc6 fr.pc=0x000001bea3930fac relative=0x000000000000074c
Event: 5598.581 Thread 0x000001beba484000 Uncommon trap: reason=bimorphic_or_optimized_type_check action=maybe_recompile pc=0x000001bea3930fac method=org.gradle.internal.operations.DefaultBuildOperationListenerManager$ProgressShieldingBuildOperationListener.finished(Lorg/gradle/internal/operation
Event: 5598.581 Thread 0x000001beba484000 DEOPT PACKING pc=0x000001bea3930fac sp=0x0000008a01ef96b0
Event: 5598.581 Thread 0x000001beba484000 DEOPT UNPACKING pc=0x000001be9b5a85af sp=0x0000008a01ef9678 mode 2
Event: 5598.581 Thread 0x000001beba484000 Uncommon trap: trap_request=0xffffffde fr.pc=0x000001bea3bb01c4 relative=0x0000000000000244
Event: 5598.581 Thread 0x000001beba484000 Uncommon trap: reason=class_check action=maybe_recompile pc=0x000001bea3bb01c4 method=org.gradle.internal.logging.console.BuildLogLevelFilterRenderer.onOutput(Lorg/gradle/internal/logging/events/OutputEvent;)V @ 1 c2
Event: 5598.581 Thread 0x000001beba484000 DEOPT PACKING pc=0x000001bea3bb01c4 sp=0x0000008a01efa810
Event: 5598.581 Thread 0x000001beba484000 DEOPT UNPACKING pc=0x000001be9b5a85af sp=0x0000008a01efa7c8 mode 2
Event: 5598.581 Thread 0x000001beba484000 Uncommon trap: trap_request=0xffffffc6 fr.pc=0x000001bea3930fac relative=0x000000000000074c
Event: 5598.581 Thread 0x000001beba484000 Uncommon trap: reason=bimorphic_or_optimized_type_check action=maybe_recompile pc=0x000001bea3930fac method=org.gradle.internal.operations.DefaultBuildOperationListenerManager$ProgressShieldingBuildOperationListener.finished(Lorg/gradle/internal/operation
Event: 5598.581 Thread 0x000001beba484000 DEOPT PACKING pc=0x000001bea3930fac sp=0x0000008a01efabf0
Event: 5598.581 Thread 0x000001beba484000 DEOPT UNPACKING pc=0x000001be9b5a85af sp=0x0000008a01efabb8 mode 2
Event: 5598.590 Thread 0x000001beba484000 Uncommon trap: trap_request=0xffffff4d fr.pc=0x000001bea3a9f8c0 relative=0x00000000000000a0
Event: 5598.590 Thread 0x000001beba484000 Uncommon trap: reason=unstable_if action=reinterpret pc=0x000001bea3a9f8c0 method=org.gradle.tooling.internal.provider.runner.ProjectConfigurationTracker.started(Lorg/gradle/internal/operations/BuildOperationDescriptor;Lorg/gradle/internal/operations/Oper
Event: 5598.590 Thread 0x000001beba484000 DEOPT PACKING pc=0x000001bea3a9f8c0 sp=0x0000008a01eface0
Event: 5598.590 Thread 0x000001beba484000 DEOPT UNPACKING pc=0x000001be9b5a85af sp=0x0000008a01efac68 mode 2

Classes redefined (0 events):
No events

Internal exceptions (20 events):
Event: 14.444 Thread 0x000001bebac5b800 Exception <a 'java/lang/NoSuchMethodError'{0x000000008c724158}: 'java.lang.Object java.lang.invoke.DirectMethodHandle$Holder.invokeSpecialIFC(java.lang.Object, java.lang.Object, java.lang.Object)'> (0x000000008c724158) thrown at [./src/hotspot/share/interpreter/linkResolver.cpp, line 773]
Event: 14.723 Thread 0x000001beb2d16000 Implicit null exception at 0x000001bea38d4e83 to 0x000001bea38d5807
Event: 14.723 Thread 0x000001beb6564800 Implicit null exception at 0x000001bea38d4e83 to 0x000001bea38d5807
Event: 14.792 Thread 0x000001beb6560000 Implicit null exception at 0x000001bea38dda45 to 0x000001bea38de260
Event: 15.605 Thread 0x000001beba4e2000 Exception <a 'java/lang/NoSuchMethodError'{0x000000008f73e0d8}: 'void java.lang.invoke.DirectMethodHandle$Holder.invokeInterface(java.lang.Object, java.lang.Object, java.lang.Object, java.lang.Object)'> (0x000000008f73e0d8) thrown at [./src/hotspot/share/interpreter/linkResolver.cpp, line 773]
Event: 15.960 Thread 0x000001beba4e2000 Exception <a 'java/lang/NoSuchMethodError'{0x000000008d287ad0}: <clinit>> (0x000000008d287ad0) thrown at [./src/hotspot/share/prims/jni.cpp, line 1366]
Event: 15.960 Thread 0x000001beba4e2000 Exception <a 'java/lang/NoSuchMethodError'{0x000000008d2890d8}: <clinit>> (0x000000008d2890d8) thrown at [./src/hotspot/share/prims/jni.cpp, line 1366]
Event: 15.960 Thread 0x000001beba4e2000 Exception <a 'java/lang/NoSuchMethodError'{0x000000008d28bcc8}: <clinit>> (0x000000008d28bcc8) thrown at [./src/hotspot/share/prims/jni.cpp, line 1366]
Event: 15.962 Thread 0x000001beba4e2000 Exception <a 'java/lang/NoSuchMethodError'{0x000000008d2aa4f0}: <clinit>> (0x000000008d2aa4f0) thrown at [./src/hotspot/share/prims/jni.cpp, line 1366]
Event: 15.962 Thread 0x000001beba4e2000 Exception <a 'java/lang/NoSuchMethodError'{0x000000008d2ab728}: <clinit>> (0x000000008d2ab728) thrown at [./src/hotspot/share/prims/jni.cpp, line 1366]
Event: 16.632 Thread 0x000001beb6563000 Implicit null exception at 0x000001bea3585c34 to 0x000001bea3585c9a
Event: 17.420 Thread 0x000001beba4e2000 Implicit null exception at 0x000001bea32589ac to 0x000001bea32589de
Event: 18.713 Thread 0x000001beb7e8f000 Exception <a 'sun/nio/fs/WindowsException'{0x000000008ed44cd0}> (0x000000008ed44cd0) thrown at [./src/hotspot/share/prims/jni.cpp, line 616]
Event: 18.714 Thread 0x000001beb7e8f000 Exception <a 'sun/nio/fs/WindowsException'{0x000000008ed44d50}> (0x000000008ed44d50) thrown at [./src/hotspot/share/prims/jni.cpp, line 616]
Event: 18.716 Thread 0x000001beb7e8f000 Exception <a 'sun/nio/fs/WindowsException'{0x000000008ed7ce10}> (0x000000008ed7ce10) thrown at [./src/hotspot/share/prims/jni.cpp, line 616]
Event: 18.876 Thread 0x000001beb7e8f000 Implicit null exception at 0x000001bea394abaf to 0x000001bea394abfc
Event: 22.672 Thread 0x000001beb85f3800 Implicit null exception at 0x000001bea3658377 to 0x000001bea36589e4
Event: 22.672 Thread 0x000001beb85f3800 Implicit null exception at 0x000001bea361f2f4 to 0x000001bea361f964
Event: 5598.496 Thread 0x000001beba484000 Implicit null exception at 0x000001bea3a62d76 to 0x000001bea3a63388
Event: 5598.496 Thread 0x000001beba484000 Implicit null exception at 0x000001bea3bb6a2a to 0x000001bea3bbca60

Events (20 events):
Event: 5598.497 Executing VM operation: RevokeBias done
Event: 5598.500 Executing VM operation: RevokeBias
Event: 5598.500 Executing VM operation: RevokeBias done
Event: 5598.504 loading class org/gradle/internal/watch/vfs/impl/WatchingVirtualFileSystem
Event: 5598.504 loading class org/gradle/internal/watch/vfs/impl/WatchingVirtualFileSystem done
Event: 5598.506 Executing VM operation: RevokeBias
Event: 5598.506 Executing VM operation: RevokeBias done
Event: 5598.510 Executing VM operation: RevokeBias
Event: 5598.510 Executing VM operation: RevokeBias done
Event: 5598.512 Thread 0x000001beb85dc000 Thread added: 0x000001beb85dc000
Event: 5598.513 Thread 0x000001beb85e0800 Thread added: 0x000001beb85e0800
Event: 5598.533 Thread 0x000001beba48d000 Thread added: 0x000001beba48d000
Event: 5598.541 Thread 0x000001beba487000 Thread added: 0x000001beba487000
Event: 5598.546 Thread 0x000001beba48d800 Thread added: 0x000001beba48d800
Event: 5598.551 Thread 0x000001beba488000 Thread added: 0x000001beba488000
Event: 5598.571 Executing VM operation: RevokeBias
Event: 5598.571 Executing VM operation: RevokeBias done
Event: 5598.571 Executing VM operation: RevokeBias
Event: 5598.571 Executing VM operation: RevokeBias done
Event: 5598.583 Thread 0x000001beba48e800 Thread added: 0x000001beba48e800


Dynamic libraries:
0x00007ff681ff0000 - 0x00007ff681ffa000 	C:\Program Files\Android\Android Studio\jre\bin\java.exe
0x00007ff98f950000 - 0x00007ff98fb48000 	C:\Windows\SYSTEM32\ntdll.dll
0x00007ff98f820000 - 0x00007ff98f8dd000 	C:\Windows\System32\KERNEL32.DLL
0x00007ff98d170000 - 0x00007ff98d43e000 	C:\Windows\System32\KERNELBASE.dll
0x00007ff98d470000 - 0x00007ff98d570000 	C:\Windows\System32\ucrtbase.dll
0x00007ff9746f0000 - 0x00007ff974709000 	C:\Program Files\Android\Android Studio\jre\bin\jli.dll
0x00007ff98eaf0000 - 0x00007ff98ec90000 	C:\Windows\System32\USER32.dll
0x00007ff98d440000 - 0x00007ff98d462000 	C:\Windows\System32\win32u.dll
0x00007ff98f8e0000 - 0x00007ff98f90a000 	C:\Windows\System32\GDI32.dll
0x00007ff96c630000 - 0x00007ff96c8ca000 	C:\Windows\WinSxS\amd64_microsoft.windows.common-controls_6595b64144ccf1df_6.0.19041.1110_none_60b5254171f9507e\COMCTL32.dll
0x00007ff98d6a0000 - 0x00007ff98d7ab000 	C:\Windows\System32\gdi32full.dll
0x00007ff98f780000 - 0x00007ff98f81e000 	C:\Windows\System32\msvcrt.dll
0x00007ff98d910000 - 0x00007ff98d9ad000 	C:\Windows\System32\msvcp_win.dll
0x00007ff96a990000 - 0x00007ff96a9a7000 	C:\Program Files\Android\Android Studio\jre\bin\VCRUNTIME140.dll
0x00007ff98f0d0000 - 0x00007ff98f100000 	C:\Windows\System32\IMM32.DLL
0x00007ff9744b0000 - 0x00007ff9746b2000 	C:\Windows\system32\tmumh\20019\AddOn\8.53.0.1128\TmUmEvt64.dll
0x00007ff98eae0000 - 0x00007ff98eae8000 	C:\Windows\System32\PSAPI.DLL
0x00007ff98f100000 - 0x00007ff98f1ae000 	C:\Windows\System32\ADVAPI32.dll
0x00007ff98f380000 - 0x00007ff98f41c000 	C:\Windows\System32\sechost.dll
0x00007ff98e900000 - 0x00007ff98ea25000 	C:\Windows\System32\RPCRT4.dll
0x0000000052990000 - 0x0000000052b00000 	C:\Windows\system32\tmumh\20019\TmMon\2.8.0.1054\tmmon64.dll
0x00007ff945c60000 - 0x00007ff945cfd000 	C:\Program Files\Android\Android Studio\jre\bin\msvcp140.dll
0x00007ff942c70000 - 0x00007ff943772000 	C:\Program Files\Android\Android Studio\jre\bin\server\jvm.dll
0x00007ff96f220000 - 0x00007ff96f229000 	C:\Windows\SYSTEM32\WSOCK32.dll
0x00007ff98f6b0000 - 0x00007ff98f71b000 	C:\Windows\System32\WS2_32.dll
0x00007ff9700e0000 - 0x00007ff970107000 	C:\Windows\SYSTEM32\WINMM.dll
0x00007ff980a40000 - 0x00007ff980a4a000 	C:\Windows\SYSTEM32\VERSION.dll
0x00007ff98b910000 - 0x00007ff98b922000 	C:\Windows\SYSTEM32\kernel.appcore.dll
0x00007ff974710000 - 0x00007ff974721000 	C:\Program Files\Android\Android Studio\jre\bin\verify.dll
0x00007ff98b5f0000 - 0x00007ff98b7d4000 	C:\Windows\SYSTEM32\DBGHELP.DLL
0x00007ff970360000 - 0x00007ff97038c000 	C:\Windows\SYSTEM32\dbgcore.DLL
0x00007ff98d570000 - 0x00007ff98d5f2000 	C:\Windows\System32\bcryptPrimitives.dll
0x00007ff973f50000 - 0x00007ff973f79000 	C:\Program Files\Android\Android Studio\jre\bin\java.dll
0x00007ff986c10000 - 0x00007ff986c1b000 	C:\Program Files\Android\Android Studio\jre\bin\jimage.dll
0x00007ff9831c0000 - 0x00007ff9831cf000 	C:\Program Files\Android\Android Studio\jre\bin\instrument.dll
0x00007ff973f30000 - 0x00007ff973f48000 	C:\Program Files\Android\Android Studio\jre\bin\zip.dll
0x00007ff98e1b0000 - 0x00007ff98e8f4000 	C:\Windows\System32\SHELL32.dll
0x00007ff98aca0000 - 0x00007ff98b434000 	C:\Windows\SYSTEM32\windows.storage.dll
0x00007ff98ecf0000 - 0x00007ff98f044000 	C:\Windows\System32\combase.dll
0x00007ff98c9f0000 - 0x00007ff98ca20000 	C:\Windows\SYSTEM32\Wldp.dll
0x00007ff98f2d0000 - 0x00007ff98f37d000 	C:\Windows\System32\SHCORE.dll
0x00007ff98f720000 - 0x00007ff98f775000 	C:\Windows\System32\shlwapi.dll
0x00007ff98cfb0000 - 0x00007ff98cfcf000 	C:\Windows\SYSTEM32\profapi.dll
0x00007ff97a420000 - 0x00007ff97a42a000 	C:\Program Files\Android\Android Studio\jre\bin\management.dll
0x00007ff97a320000 - 0x00007ff97a32d000 	C:\Program Files\Android\Android Studio\jre\bin\management_ext.dll
0x00007ff973eb0000 - 0x00007ff973eca000 	C:\Program Files\Android\Android Studio\jre\bin\net.dll
0x00007ff985a80000 - 0x00007ff985b8a000 	C:\Windows\SYSTEM32\WINHTTP.dll
0x00007ff98c7d0000 - 0x00007ff98c83a000 	C:\Windows\system32\mswsock.dll
0x00007ff973d40000 - 0x00007ff973d54000 	C:\Program Files\Android\Android Studio\jre\bin\nio.dll
0x00007ff95a200000 - 0x00007ff95a217000 	C:\Windows\system32\napinsp.dll
0x00007ff95a1e0000 - 0x00007ff95a1fb000 	C:\Windows\system32\pnrpnsp.dll
0x00007ff95a1c0000 - 0x00007ff95a1d5000 	C:\Windows\system32\wshbth.dll
0x00007ff986b10000 - 0x00007ff986b2d000 	C:\Windows\system32\NLAapi.dll
0x00007ff98c490000 - 0x00007ff98c4cb000 	C:\Windows\SYSTEM32\IPHLPAPI.DLL
0x00007ff98c4e0000 - 0x00007ff98c5aa000 	C:\Windows\SYSTEM32\DNSAPI.dll
0x00007ff98f6a0000 - 0x00007ff98f6a8000 	C:\Windows\System32\NSI.dll
0x00007ff95a1a0000 - 0x00007ff95a1b2000 	C:\Windows\System32\winrnr.dll
0x00007ff984540000 - 0x00007ff98454a000 	C:\Windows\System32\rasadhlp.dll
0x00007ff985b90000 - 0x00007ff985c10000 	C:\Windows\System32\fwpuclnt.dll
0x00007ff98d670000 - 0x00007ff98d697000 	C:\Windows\System32\bcrypt.dll
0x00007ff9598c0000 - 0x00007ff9598e7000 	C:\Users\vyg0615\.gradle\native\e1d6ef7f7dcc3fd88c89a11ec53ec762bb8ba0a96d01ffa2cd45eb1d1d8dd5c5\windows-amd64\native-platform.dll
0x00007ff93c230000 - 0x00007ff93c374000 	C:\Users\vyg0615\.gradle\native\0d407fdbe67a94daf76414ababcb853783967236a71b16ec16e742cd7a986fd3\windows-amd64\native-platform-file-events.dll
0x00007ff98ca30000 - 0x00007ff98ca48000 	C:\Windows\SYSTEM32\CRYPTSP.dll
0x00007ff98c100000 - 0x00007ff98c134000 	C:\Windows\system32\rsaenh.dll
0x00007ff98cf70000 - 0x00007ff98cf9e000 	C:\Windows\SYSTEM32\USERENV.dll
0x00007ff98c960000 - 0x00007ff98c96c000 	C:\Windows\SYSTEM32\CRYPTBASE.dll
0x00007ff985380000 - 0x00007ff985397000 	C:\Windows\SYSTEM32\dhcpcsvc6.DLL
0x00007ff985360000 - 0x00007ff98537d000 	C:\Windows\SYSTEM32\dhcpcsvc.DLL

dbghelp: loaded successfully - version: 4.0.5 - missing functions: none
symbol engine: initialized successfully - sym options: 0x614 - pdb path: .;C:\Program Files\Android\Android Studio\jre\bin;C:\Windows\SYSTEM32;C:\Windows\WinSxS\amd64_microsoft.windows.common-controls_6595b64144ccf1df_6.0.19041.1110_none_60b5254171f9507e;C:\Windows\system32\tmumh\20019\AddOn\8.53.0.1128;C:\Windows\system32\tmumh\20019\TmMon\2.8.0.1054;C:\Program Files\Android\Android Studio\jre\bin\server;C:\Users\vyg0615\.gradle\native\e1d6ef7f7dcc3fd88c89a11ec53ec762bb8ba0a96d01ffa2cd45eb1d1d8dd5c5\windows-amd64;C:\Users\vyg0615\.gradle\native\0d407fdbe67a94daf76414ababcb853783967236a71b16ec16e742cd7a986fd3\windows-amd64

VM Arguments:
jvm_args: -javaagent:C:\Program Files\Android\Android Studio\plugins\android\resources\trace_agent.jar=C:\Users\vyg0615\AppData\Local\Temp\sync.trace.profile --add-opens=java.base/java.util=ALL-UNNAMED --add-opens=java.base/java.lang=ALL-UNNAMED --add-opens=java.base/java.lang.invoke=ALL-UNNAMED --add-opens=java.base/java.util=ALL-UNNAMED --add-opens=java.prefs/java.util.prefs=ALL-UNNAMED --add-opens=java.prefs/java.util.prefs=ALL-UNNAMED --add-opens=java.base/java.nio.charset=ALL-UNNAMED --add-opens=java.base/java.net=ALL-UNNAMED --add-opens=java.base/java.util.concurrent.atomic=ALL-UNNAMED -Xmx2048m -Dfile.encoding=UTF-8 -Duser.country=CO -Duser.language=es -Duser.variant 
java_command: org.gradle.launcher.daemon.bootstrap.GradleDaemon 7.4
java_class_path (initial): C:\Users\vyg0615\.gradle\wrapper\dists\gradle-7.4-bin\c0gwcg53nkjbqw7r0h0umtfvt\gradle-7.4\lib\gradle-launcher-7.4.jar
Launcher Type: SUN_STANDARD

[Global flags]
     intx CICompilerCount                          = 4                                         {product} {ergonomic}
     uint ConcGCThreads                            = 2                                         {product} {ergonomic}
     uint G1ConcRefinementThreads                  = 8                                         {product} {ergonomic}
   size_t G1HeapRegionSize                         = 1048576                                   {product} {ergonomic}
    uintx GCDrainStackTargetSize                   = 64                                        {product} {ergonomic}
   size_t InitialHeapSize                          = 264241152                                 {product} {ergonomic}
   size_t MarkStackSize                            = 4194304                                   {product} {ergonomic}
   size_t MaxHeapSize                              = 2147483648                                {product} {command line}
   size_t MaxNewSize                               = 1287651328                                {product} {ergonomic}
   size_t MinHeapDeltaBytes                        = 1048576                                   {product} {ergonomic}
    uintx NonNMethodCodeHeapSize                   = 5836300                                {pd product} {ergonomic}
    uintx NonProfiledCodeHeapSize                  = 122910970                              {pd product} {ergonomic}
    uintx ProfiledCodeHeapSize                     = 122910970                              {pd product} {ergonomic}
    uintx ReservedCodeCacheSize                    = 251658240                              {pd product} {ergonomic}
     bool SegmentedCodeCache                       = true                                      {product} {ergonomic}
     bool UseCompressedClassPointers               = true                                 {lp64_product} {ergonomic}
     bool UseCompressedOops                        = true                                 {lp64_product} {ergonomic}
     bool UseG1GC                                  = true                                      {product} {ergonomic}
     bool UseLargePagesIndividualAllocation        = false                                  {pd product} {ergonomic}

Logging:
Log output configuration:
 #0: stdout all=warning uptime,level,tags
 #1: stderr all=off uptime,level,tags

Environment Variables:
JAVA_HOME=C:\Program Files\Java\jdk1.8.0_05
PATH=C:\Python310\Scripts\;C:\Python310\;C:\Python39\Scripts\;C:\Python39\;C:\Windows\System32\WindowsPowerShell\v1.0\;C:\Program Files (x86)\Common Files\Oracle\Java\javapath;C:\Windows\system32;C:\Windows;C:\Windows\System32\Wbem;C:\Windows\System32\OpenSSH\;C:\Program Files\Java\jdk1.8.0_05\bin;C:\Program Files (x86)\IBM\Personal Communications\;C:\Program Files (x86)\IBM\Trace Facility\;C:\Program Files\Microsoft VS Code\bin;C:\Program Files\PuTTY\;C:\ProgramData\chocolatey\bin;C:\Program Files\Git\cmd;C:\Python39;C:\Users\Administrador\AppData\Local\Programs\Python\Python39\Scripts\;C:\Users\Administrador\AppData\Local\Programs\Python\Python39\;C:\apache-maven-3.8.2\bin;C:\Users\Administrador\AppData\Local\Microsoft\WindowsApps;C:\Users\Administrador\AppData\Roaming\npm;D:\apx-cli;;C:\Program Files\Docker\Docker\resources\bin;C:\ProgramData\DockerDesktop\version-bin;C:\Program Files\nodejs\;C:\Users\vyg0615\AppData\Local\Microsoft\WindowsApps;C:\Users\vyg0615\AppData\Roaming\npm
USERNAME=VYG0615
OS=Windows_NT
PROCESSOR_IDENTIFIER=Intel64 Family 6 Model 140 Stepping 1, GenuineIntel



---------------  S Y S T E M  ---------------

OS: Windows 10 , 64 bit Build 19041 (10.0.19041.1889)
OS uptime: 1 days 4:33 hours
Hyper-V role detected

CPU:total 8 (initial active 8) (4 cores per cpu, 2 threads per core) family 6 model 140 stepping 1 microcode 0xa4, cmov, cx8, fxsr, mmx, sse, sse2, sse3, ssse3, sse4.1, sse4.2, popcnt, avx, avx2, aes, clmul, erms, 3dnowpref, lzcnt, ht, tsc, tscinvbit, bmi1, bmi2, adx, evex, sha, fma

Memory: 4k page, system-wide physical 16064M (780M free)
TotalPageFile size 16064M (AvailPageFile size 4M)
current process WorkingSet (physical memory assigned to process): 188M, peak: 555M
current process commit charge ("private bytes"): 554M, peak: 594M

vm_info: OpenJDK 64-Bit Server VM (11.0.13+0-b1751.21-8125866) for windows-amd64 JRE (11.0.13+0-b1751.21-8125866), built on Feb  2 2022 03:00:22 by "builder" with MS VC++ 14.0 (VS2015)

END.
