#
# There is insufficient memory for the Java Runtime Environment to continue.
# Native memory allocation (malloc) failed to allocate 1048576 bytes for AllocateHeap
# Possible reasons:
#   The system is out of physical RAM or swap space
#   The process is running with CompressedOops enabled, and the Java Heap may be blocking the growth of the native heap
# Possible solutions:
#   Reduce memory load on the system
#   Increase physical memory or swap space
#   Check if swap backing store is full
#   Decrease Java heap size (-Xmx/-Xms)
#   Decrease number of Java threads
#   Decrease Java thread stack sizes (-Xss)
#   Set larger code cache with -XX:ReservedCodeCacheSize=
#   JVM is running with Unscaled Compressed Oops mode in which the Java heap is
#     placed in the first 4GB address space. The Java Heap base address is the
#     maximum limit for the native heap growth. Please use -XX:HeapBaseMinAddress
#     to set the Java Heap base and to place the Java Heap above 4GB virtual address.
# This output file may be truncated or incomplete.
#
#  Out of Memory Error (./src/hotspot/share/memory/allocation.cpp:46), pid=21784, tid=9780
#
# JRE version: OpenJDK Runtime Environment (11.0.13) (build 11.0.13+0-b1751.21-8125866)
# Java VM: OpenJDK 64-Bit Server VM (11.0.13+0-b1751.21-8125866, mixed mode, tiered, compressed oops, g1 gc, windows-amd64)
# No core dump will be written. Minidumps are not enabled by default on client versions of Windows
#

---------------  S U M M A R Y ------------

Command Line: -javaagent:C:\Program Files\Android\Android Studio\plugins\android\resources\trace_agent.jar=C:\Users\vyg0615\AppData\Local\Temp\sync.trace.profile --add-opens=java.base/java.util=ALL-UNNAMED --add-opens=java.base/java.lang=ALL-UNNAMED --add-opens=java.base/java.lang.invoke=ALL-UNNAMED --add-opens=java.base/java.util=ALL-UNNAMED --add-opens=java.prefs/java.util.prefs=ALL-UNNAMED --add-opens=java.prefs/java.util.prefs=ALL-UNNAMED --add-opens=java.base/java.nio.charset=ALL-UNNAMED --add-opens=java.base/java.net=ALL-UNNAMED --add-opens=java.base/java.util.concurrent.atomic=ALL-UNNAMED -Xmx2048m -Dfile.encoding=UTF-8 -Duser.country=CO -Duser.language=es -Duser.variant org.gradle.launcher.daemon.bootstrap.GradleDaemon 7.4

Host: 11th Gen Intel(R) Core(TM) i7-1165G7 @ 2.80GHz, 8 cores, 15G,  Windows 10 , 64 bit Build 19041 (10.0.19041.1889)
Time: Mon Dec 26 08:55:07 2022 Hora est. Pacífico, Sudamérica elapsed time: 43.459628 seconds (0d 0h 0m 43s)

---------------  T H R E A D  ---------------

Current thread (0x00000249820fe000):  VMThread "VM Thread" [stack: 0x00000070f8900000,0x00000070f8a00000] [id=9780]

Stack: [0x00000070f8900000,0x00000070f8a00000]
[error occurred during error reporting (printing stack bounds), id 0xc0000005, EXCEPTION_ACCESS_VIOLATION (0xc0000005) at pc=0x00000249eacf12e7]

Native frames: (J=compiled Java code, j=interpreted, Vv=VM code, C=native code)
V  [jvm.dll+0x6100fa]
V  [jvm.dll+0x747090]
V  [jvm.dll+0x7486ad]
V  [jvm.dll+0x748ce5]
V  [jvm.dll+0x748c9b]
V  [jvm.dll+0x60f224]
V  [jvm.dll+0x60f9b8]
C  [ntdll.dll+0xa229f]
C  [ntdll.dll+0x51454]
C  [ntdll.dll+0xa0dce]
C  0x00000249eacf12e7

VM_Operation (0x0000007081ffbcb0): CollectForMetadataAllocation, mode: safepoint, requested by thread 0x000002498bc88000


---------------  P R O C E S S  ---------------

Threads class SMR info:
_java_thread_list=0x000002498b989cf0, length=158, elements={
0x00000249e7256000, 0x0000024982102000, 0x000002498210b000, 0x00000249fef2b800,
0x00000249fef2d800, 0x0000024982164800, 0x0000024982165000, 0x0000024982170800,
0x0000024982171800, 0x00000249820da800, 0x0000024987c69800, 0x00000249857f4800,
0x0000024987537800, 0x000002498596b800, 0x0000024982bfd000, 0x00000249881e4000,
0x000002498783c000, 0x0000024984887800, 0x0000024985a6b800, 0x0000024986b56800,
0x0000024986b55000, 0x0000024986b57800, 0x0000024986b56000, 0x0000024987883800,
0x0000024987885000, 0x0000024987886000, 0x0000024987887000, 0x0000024987887800,
0x0000024987888800, 0x0000024987883000, 0x0000024987889800, 0x000002498788a000,
0x000002498788f000, 0x000002498788c800, 0x0000024987891800, 0x0000024987890000,
0x0000024987890800, 0x000002498788d800, 0x000002498788b800, 0x0000024985a5f000,
0x0000024985a5d800, 0x0000024985a5c000, 0x0000024985a5e000, 0x0000024985a5b000,
0x0000024985a62800, 0x0000024985a60000, 0x0000024985a60800, 0x0000024985a61800,
0x0000024985a5c800, 0x0000024985a67000, 0x0000024985a63000, 0x0000024985a69800,
0x0000024985a68000, 0x0000024985a64000, 0x0000024985a64800, 0x0000024985a65800,
0x0000024985a69000, 0x0000024985a66800, 0x000002498949c800, 0x000002498949d800,
0x00000249894a3000, 0x00000249894a4000, 0x000002498949e000, 0x00000249894a0800,
0x00000249894a5000, 0x00000249894a1800, 0x00000249894a0000, 0x000002498949f000,
0x00000249894a6800, 0x00000249894a5800, 0x00000249894a2800, 0x00000249894a7000,
0x00000249894a9000, 0x00000249894a8000, 0x00000249894a9800, 0x00000249894aa800,
0x00000249894ab800, 0x00000249864aa000, 0x00000249864a8800, 0x00000249864a9800,
0x00000249864ab000, 0x00000249864a8000, 0x00000249864ac000, 0x00000249864ac800,
0x00000249864a7000, 0x00000249864b0000, 0x00000249864b1000, 0x00000249864b1800,
0x00000249864b2800, 0x00000249864b3000, 0x00000249864ad800, 0x00000249864b4000,
0x00000249864ae800, 0x00000249864b5000, 0x00000249864af000, 0x00000249864b5800,
0x00000249856e2000, 0x00000249856e1800, 0x00000249856df800, 0x00000249856dc800,
0x00000249856e0800, 0x00000249856e3000, 0x00000249856dd800, 0x00000249856e4000,
0x00000249856de000, 0x00000249856e4800, 0x00000249856df000, 0x00000249856e5800,
0x00000249856e8000, 0x00000249856e7000, 0x00000249856e9800, 0x00000249856e6800,
0x00000249856e8800, 0x00000249856ea800, 0x00000249856eb000, 0x00000249863ca800,
0x00000249863c9000, 0x00000249863c7800, 0x00000249863c6800, 0x00000249863ca000,
0x00000249863c5000, 0x00000249863c8000, 0x00000249863c5800, 0x00000249863d2800,
0x00000249863cd000, 0x00000249863ce800, 0x00000249863cf800, 0x00000249863ce000,
0x00000249863d3800, 0x00000249863d0800, 0x00000249863d1000, 0x00000249863d2000,
0x000002498bc89000, 0x000002498bc8b800, 0x000002498bc8c000, 0x000002498bc8d000,
0x000002498bc8e000, 0x000002498bc8a000, 0x000002498bc88000, 0x000002498bc8e800,
0x000002498bc8a800, 0x0000024987f9c800, 0x0000024987fa0000, 0x0000024987fa0800,
0x0000024987fa2800, 0x0000024987fa4000, 0x0000024987f9e000, 0x0000024987fa6800,
0x0000024987fa5800, 0x0000024987fa9800, 0x0000024987faa800, 0x0000024987fa7000,
0x0000024987fa4800, 0x0000024987fab800, 0x0000024987fa8000, 0x0000024987fa9000,
0x0000024986217000, 0x0000024986219800
}

Java Threads: ( => current thread )
  0x00000249e7256000 JavaThread "main" [_thread_blocked, id=19392, stack(0x00000070f8300000,0x00000070f8400000)]
  0x0000024982102000 JavaThread "Reference Handler" daemon [_thread_blocked, id=13368, stack(0x00000070f8a00000,0x00000070f8b00000)]
  0x000002498210b000 JavaThread "Finalizer" daemon [_thread_blocked, id=21124, stack(0x00000070f8b00000,0x00000070f8c00000)]
  0x00000249fef2b800 JavaThread "Signal Dispatcher" daemon [_thread_blocked, id=22716, stack(0x00000070f8c00000,0x00000070f8d00000)]
  0x00000249fef2d800 JavaThread "Attach Listener" daemon [_thread_blocked, id=22824, stack(0x00000070f8d00000,0x00000070f8e00000)]
  0x0000024982164800 JavaThread "Service Thread" daemon [_thread_blocked, id=18308, stack(0x00000070f8e00000,0x00000070f8f00000)]
  0x0000024982165000 JavaThread "C2 CompilerThread0" daemon [_thread_blocked, id=6020, stack(0x00000070f8f00000,0x00000070f9000000)]
  0x0000024982170800 JavaThread "C1 CompilerThread0" daemon [_thread_blocked, id=23056, stack(0x00000070f9000000,0x00000070f9100000)]
  0x0000024982171800 JavaThread "Sweeper thread" daemon [_thread_blocked, id=23416, stack(0x00000070f9100000,0x00000070f9200000)]
  0x00000249820da800 JavaThread "Common-Cleaner" daemon [_thread_blocked, id=17920, stack(0x00000070f9200000,0x00000070f9300000)]
  0x0000024987c69800 JavaThread "Daemon health stats" [_thread_blocked, id=18896, stack(0x00000070f9b00000,0x00000070f9c00000)]
  0x00000249857f4800 JavaThread "Incoming local TCP Connector on port 59941" [_thread_in_native, id=19152, stack(0x00000070f9500000,0x00000070f9600000)]
  0x0000024987537800 JavaThread "Daemon periodic checks" [_thread_blocked, id=15320, stack(0x00000070f9d00000,0x00000070f9e00000)]
  0x000002498596b800 JavaThread "Daemon" [_thread_blocked, id=12112, stack(0x00000070f9e00000,0x00000070f9f00000)]
  0x0000024982bfd000 JavaThread "Handler for socket connection from /127.0.0.1:59941 to /127.0.0.1:59942" [_thread_in_native, id=21748, stack(0x00000070f9f00000,0x00000070fa000000)]
  0x00000249881e4000 JavaThread "Cancel handler" [_thread_blocked, id=2304, stack(0x00000070fa000000,0x00000070fa100000)]
  0x000002498783c000 JavaThread "Daemon worker" [_thread_blocked, id=23448, stack(0x00000070fa100000,0x00000070fa200000)]
  0x0000024984887800 JavaThread "Asynchronous log dispatcher for DefaultDaemonConnection: socket connection from /127.0.0.1:59941 to /127.0.0.1:59942" [_thread_blocked, id=21452, stack(0x00000070fa200000,0x00000070fa300000)]
  0x0000024985a6b800 JavaThread "Stdin handler" [_thread_blocked, id=19944, stack(0x00000070fa300000,0x00000070fa400000)]
  0x0000024986b56800 JavaThread "Daemon client event forwarder" [_thread_blocked, id=4476, stack(0x00000070fa400000,0x00000070fa500000)]
  0x0000024986b55000 JavaThread "Cache worker for journal cache (C:\Users\vyg0615\.gradle\caches\journal-1)" [_thread_blocked, id=18240, stack(0x00000070fa800000,0x00000070fa900000)]
  0x0000024986b57800 JavaThread "File lock request listener" [_thread_in_native, id=21404, stack(0x00000070fa900000,0x00000070faa00000)]
  0x0000024986b56000 JavaThread "Cache worker for file hash cache (C:\Users\vyg0615\.gradle\caches\7.4\fileHashes)" [_thread_blocked, id=16552, stack(0x00000070faa00000,0x00000070fab00000)]
  0x0000024987883800 JavaThread "File watcher server" daemon [_thread_blocked, id=3708, stack(0x00000070fab00000,0x00000070fac00000)]
  0x0000024987885000 JavaThread "File watcher consumer" daemon [_thread_blocked, id=13972, stack(0x00000070fac00000,0x00000070fad00000)]
  0x0000024987886000 JavaThread "Cache worker for checksums cache (C:\Users\vyg0615\AndroidStudioProjects\FCMPushNotification\.gradle\7.4\checksums)" [_thread_blocked, id=19808, stack(0x00000070fad00000,0x00000070fae00000)]
  0x0000024987887000 JavaThread "Cache worker for cache directory md-rule (C:\Users\vyg0615\.gradle\caches\7.4\md-rule)" [_thread_blocked, id=23932, stack(0x00000070fae00000,0x00000070faf00000)]
  0x0000024987887800 JavaThread "Cache worker for file hash cache (C:\Users\vyg0615\AndroidStudioProjects\FCMPushNotification\.gradle\7.4\fileHashes)" [_thread_blocked, id=21660, stack(0x00000070faf00000,0x00000070fb000000)]
  0x0000024987888800 JavaThread "Cache worker for cache directory md-supplier (C:\Users\vyg0615\.gradle\caches\7.4\md-supplier)" [_thread_blocked, id=22504, stack(0x00000070fb000000,0x00000070fb100000)]
  0x0000024987883000 JavaThread "Cache worker for execution history cache (C:\Users\vyg0615\.gradle\caches\7.4\executionHistory)" [_thread_blocked, id=22184, stack(0x00000070fb100000,0x00000070fb200000)]
  0x0000024987889800 JavaThread "jar transforms" [_thread_blocked, id=10192, stack(0x00000070fb200000,0x00000070fb300000)]
  0x000002498788a000 JavaThread "Cache worker for file content cache (C:\Users\vyg0615\.gradle\caches\7.4\fileContent)" [_thread_blocked, id=3232, stack(0x00000070fb300000,0x00000070fb400000)]
  0x000002498788f000 JavaThread "jar transforms Thread 2" [_thread_blocked, id=8028, stack(0x00000070fb400000,0x00000070fb500000)]
  0x000002498788c800 JavaThread "Cache worker for dependencies-accessors (C:\Users\vyg0615\AndroidStudioProjects\FCMPushNotification\.gradle\7.4\dependencies-accessors)" [_thread_blocked, id=2132, stack(0x00000070fb500000,0x00000070fb600000)]
  0x0000024987891800 JavaThread "jar transforms Thread 3" [_thread_blocked, id=12232, stack(0x00000070fb600000,0x00000070fb700000)]
  0x0000024987890000 JavaThread "Cache worker for Build Output Cleanup Cache (C:\Users\vyg0615\AndroidStudioProjects\FCMPushNotification\.gradle\buildOutputCleanup)" [_thread_blocked, id=17436, stack(0x00000070fb700000,0x00000070fb800000)]
  0x0000024987890800 JavaThread "Unconstrained build operations" [_thread_blocked, id=12064, stack(0x00000070f9c00000,0x00000070f9d00000)]
  0x000002498788d800 JavaThread "Unconstrained build operations Thread 2" [_thread_blocked, id=22436, stack(0x00000070fb800000,0x00000070fb900000)]
  0x000002498788b800 JavaThread "Unconstrained build operations Thread 3" [_thread_blocked, id=7652, stack(0x00000070fb900000,0x00000070fba00000)]
  0x0000024985a5f000 JavaThread "Unconstrained build operations Thread 4" [_thread_blocked, id=18620, stack(0x00000070fba00000,0x00000070fbb00000)]
  0x0000024985a5d800 JavaThread "Unconstrained build operations Thread 5" [_thread_blocked, id=16036, stack(0x00000070fbb00000,0x00000070fbc00000)]
  0x0000024985a5c000 JavaThread "Unconstrained build operations Thread 6" [_thread_blocked, id=24100, stack(0x00000070fbc00000,0x00000070fbd00000)]
  0x0000024985a5e000 JavaThread "Unconstrained build operations Thread 7" [_thread_blocked, id=20892, stack(0x00000070fbd00000,0x00000070fbe00000)]
  0x0000024985a5b000 JavaThread "Unconstrained build operations Thread 8" [_thread_blocked, id=17932, stack(0x00000070fbe00000,0x00000070fbf00000)]
  0x0000024985a62800 JavaThread "Unconstrained build operations Thread 9" [_thread_blocked, id=19492, stack(0x00000070fbf00000,0x00000070fc000000)]
  0x0000024985a60000 JavaThread "Unconstrained build operations Thread 10" [_thread_blocked, id=22860, stack(0x00000070fc000000,0x00000070fc100000)]
  0x0000024985a60800 JavaThread "Unconstrained build operations Thread 11" [_thread_blocked, id=3176, stack(0x00000070fc100000,0x00000070fc200000)]
  0x0000024985a61800 JavaThread "Unconstrained build operations Thread 12" [_thread_blocked, id=19876, stack(0x00000070fc200000,0x00000070fc300000)]
  0x0000024985a5c800 JavaThread "Unconstrained build operations Thread 13" [_thread_blocked, id=10748, stack(0x00000070fc300000,0x00000070fc400000)]
  0x0000024985a67000 JavaThread "Unconstrained build operations Thread 14" [_thread_blocked, id=19908, stack(0x00000070fc400000,0x00000070fc500000)]
  0x0000024985a63000 JavaThread "Unconstrained build operations Thread 15" [_thread_blocked, id=21624, stack(0x00000070fc500000,0x00000070fc600000)]
  0x0000024985a69800 JavaThread "Unconstrained build operations Thread 16" [_thread_blocked, id=3212, stack(0x00000070fc600000,0x00000070fc700000)]
  0x0000024985a68000 JavaThread "Unconstrained build operations Thread 17" [_thread_blocked, id=19056, stack(0x00000070fc700000,0x00000070fc800000)]
  0x0000024985a64000 JavaThread "Unconstrained build operations Thread 18" [_thread_blocked, id=18056, stack(0x00000070fc800000,0x00000070fc900000)]
  0x0000024985a64800 JavaThread "Unconstrained build operations Thread 19" [_thread_blocked, id=20484, stack(0x00000070fc900000,0x00000070fca00000)]
  0x0000024985a65800 JavaThread "Unconstrained build operations Thread 20" [_thread_blocked, id=12976, stack(0x00000070fca00000,0x00000070fcb00000)]
  0x0000024985a69000 JavaThread "Unconstrained build operations Thread 21" [_thread_blocked, id=14028, stack(0x00000070fcb00000,0x00000070fcc00000)]
  0x0000024985a66800 JavaThread "Unconstrained build operations Thread 22" [_thread_blocked, id=21196, stack(0x00000070fcc00000,0x00000070fcd00000)]
  0x000002498949c800 JavaThread "Unconstrained build operations Thread 23" [_thread_blocked, id=152, stack(0x00000070fcd00000,0x00000070fce00000)]
  0x000002498949d800 JavaThread "Unconstrained build operations Thread 24" [_thread_blocked, id=14424, stack(0x00000070fce00000,0x00000070fcf00000)]
  0x00000249894a3000 JavaThread "Unconstrained build operations Thread 25" [_thread_blocked, id=20596, stack(0x00000070fcf00000,0x00000070fd000000)]
  0x00000249894a4000 JavaThread "Unconstrained build operations Thread 26" [_thread_blocked, id=19268, stack(0x00000070fd000000,0x00000070fd100000)]
  0x000002498949e000 JavaThread "Unconstrained build operations Thread 27" [_thread_blocked, id=21428, stack(0x00000070fd100000,0x00000070fd200000)]
  0x00000249894a0800 JavaThread "Unconstrained build operations Thread 28" [_thread_blocked, id=24168, stack(0x00000070fd200000,0x00000070fd300000)]
  0x00000249894a5000 JavaThread "Unconstrained build operations Thread 29" [_thread_blocked, id=22648, stack(0x00000070fd300000,0x00000070fd400000)]
  0x00000249894a1800 JavaThread "Unconstrained build operations Thread 30" [_thread_blocked, id=19340, stack(0x00000070fd400000,0x00000070fd500000)]
  0x00000249894a0000 JavaThread "Unconstrained build operations Thread 31" [_thread_blocked, id=15424, stack(0x00000070fd500000,0x00000070fd600000)]
  0x000002498949f000 JavaThread "Unconstrained build operations Thread 32" [_thread_blocked, id=20432, stack(0x00000070fd600000,0x00000070fd700000)]
  0x00000249894a6800 JavaThread "Unconstrained build operations Thread 33" [_thread_blocked, id=23744, stack(0x00000070fd700000,0x00000070fd800000)]
  0x00000249894a5800 JavaThread "Unconstrained build operations Thread 34" [_thread_blocked, id=18756, stack(0x00000070fd800000,0x00000070fd900000)]
  0x00000249894a2800 JavaThread "Unconstrained build operations Thread 35" [_thread_blocked, id=15084, stack(0x00000070fd900000,0x00000070fda00000)]
  0x00000249894a7000 JavaThread "Unconstrained build operations Thread 36" [_thread_blocked, id=20124, stack(0x00000070fda00000,0x00000070fdb00000)]
  0x00000249894a9000 JavaThread "Unconstrained build operations Thread 37" [_thread_blocked, id=17132, stack(0x00000070fdb00000,0x00000070fdc00000)]
  0x00000249894a8000 JavaThread "Unconstrained build operations Thread 38" [_thread_blocked, id=20080, stack(0x00000070fdc00000,0x00000070fdd00000)]
  0x00000249894a9800 JavaThread "Unconstrained build operations Thread 39" [_thread_blocked, id=7024, stack(0x00000070fdd00000,0x00000070fde00000)]
  0x00000249894aa800 JavaThread "Unconstrained build operations Thread 40" [_thread_blocked, id=4604, stack(0x00000070fde00000,0x00000070fdf00000)]
  0x00000249894ab800 JavaThread "Unconstrained build operations Thread 41" [_thread_blocked, id=2272, stack(0x00000070fdf00000,0x00000070fe000000)]
  0x00000249864aa000 JavaThread "Unconstrained build operations Thread 42" [_thread_blocked, id=19420, stack(0x00000070fe000000,0x00000070fe100000)]
  0x00000249864a8800 JavaThread "Unconstrained build operations Thread 43" [_thread_blocked, id=13980, stack(0x00000070fe100000,0x00000070fe200000)]
  0x00000249864a9800 JavaThread "Unconstrained build operations Thread 44" [_thread_blocked, id=20120, stack(0x00000070fe200000,0x00000070fe300000)]
  0x00000249864ab000 JavaThread "Unconstrained build operations Thread 45" [_thread_blocked, id=7624, stack(0x00000070fe300000,0x00000070fe400000)]
  0x00000249864a8000 JavaThread "Unconstrained build operations Thread 46" [_thread_blocked, id=24232, stack(0x00000070fe400000,0x00000070fe500000)]
  0x00000249864ac000 JavaThread "Unconstrained build operations Thread 47" [_thread_blocked, id=9632, stack(0x00000070fe500000,0x00000070fe600000)]
  0x00000249864ac800 JavaThread "Unconstrained build operations Thread 48" [_thread_blocked, id=22844, stack(0x00000070fe600000,0x00000070fe700000)]
  0x00000249864a7000 JavaThread "Unconstrained build operations Thread 49" [_thread_blocked, id=21968, stack(0x00000070fe700000,0x00000070fe800000)]
  0x00000249864b0000 JavaThread "Unconstrained build operations Thread 50" [_thread_blocked, id=13436, stack(0x00000070fe800000,0x00000070fe900000)]
  0x00000249864b1000 JavaThread "Unconstrained build operations Thread 51" [_thread_blocked, id=21640, stack(0x00000070fe900000,0x00000070fea00000)]
  0x00000249864b1800 JavaThread "Unconstrained build operations Thread 52" [_thread_blocked, id=20228, stack(0x00000070fea00000,0x00000070feb00000)]
  0x00000249864b2800 JavaThread "Unconstrained build operations Thread 53" [_thread_blocked, id=12432, stack(0x00000070feb00000,0x00000070fec00000)]
  0x00000249864b3000 JavaThread "Unconstrained build operations Thread 54" [_thread_blocked, id=15756, stack(0x00000070fec00000,0x00000070fed00000)]
  0x00000249864ad800 JavaThread "Unconstrained build operations Thread 55" [_thread_blocked, id=23072, stack(0x00000070fed00000,0x00000070fee00000)]
  0x00000249864b4000 JavaThread "Unconstrained build operations Thread 56" [_thread_blocked, id=11848, stack(0x00000070fee00000,0x00000070fef00000)]
  0x00000249864ae800 JavaThread "Unconstrained build operations Thread 57" [_thread_blocked, id=12612, stack(0x00000070fef00000,0x00000070ff000000)]
  0x00000249864b5000 JavaThread "Unconstrained build operations Thread 58" [_thread_blocked, id=21280, stack(0x00000070ff000000,0x00000070ff100000)]
  0x00000249864af000 JavaThread "Unconstrained build operations Thread 59" [_thread_blocked, id=24268, stack(0x00000070ff100000,0x00000070ff200000)]
  0x00000249864b5800 JavaThread "Unconstrained build operations Thread 60" [_thread_blocked, id=22308, stack(0x00000070ff200000,0x00000070ff300000)]
  0x00000249856e2000 JavaThread "Unconstrained build operations Thread 61" [_thread_blocked, id=21520, stack(0x00000070ff300000,0x00000070ff400000)]
  0x00000249856e1800 JavaThread "Unconstrained build operations Thread 62" [_thread_blocked, id=7068, stack(0x00000070ff400000,0x00000070ff500000)]
  0x00000249856df800 JavaThread "Unconstrained build operations Thread 63" [_thread_blocked, id=20528, stack(0x00000070ff500000,0x00000070ff600000)]
  0x00000249856dc800 JavaThread "Unconstrained build operations Thread 64" [_thread_blocked, id=8076, stack(0x00000070ff600000,0x00000070ff700000)]
  0x00000249856e0800 JavaThread "Unconstrained build operations Thread 65" [_thread_blocked, id=976, stack(0x00000070ff700000,0x00000070ff800000)]
  0x00000249856e3000 JavaThread "Unconstrained build operations Thread 66" [_thread_blocked, id=18328, stack(0x00000070ff800000,0x00000070ff900000)]
  0x00000249856dd800 JavaThread "Unconstrained build operations Thread 67" [_thread_blocked, id=3664, stack(0x00000070ff900000,0x00000070ffa00000)]
  0x00000249856e4000 JavaThread "Unconstrained build operations Thread 68" [_thread_blocked, id=7000, stack(0x00000070ffa00000,0x00000070ffb00000)]
  0x00000249856de000 JavaThread "Unconstrained build operations Thread 69" [_thread_blocked, id=18344, stack(0x00000070ffb00000,0x00000070ffc00000)]
  0x00000249856e4800 JavaThread "Unconstrained build operations Thread 70" [_thread_blocked, id=19712, stack(0x00000070ffc00000,0x00000070ffd00000)]
  0x00000249856df000 JavaThread "Unconstrained build operations Thread 71" [_thread_blocked, id=1840, stack(0x00000070ffd00000,0x00000070ffe00000)]
  0x00000249856e5800 JavaThread "Unconstrained build operations Thread 72" [_thread_blocked, id=20252, stack(0x00000070ffe00000,0x00000070fff00000)]
  0x00000249856e8000 JavaThread "Unconstrained build operations Thread 73" [_thread_blocked, id=21248, stack(0x00000070fff00000,0x0000007100000000)]
  0x00000249856e7000 JavaThread "Unconstrained build operations Thread 74" [_thread_blocked, id=21604, stack(0x0000007080000000,0x0000007080100000)]
  0x00000249856e9800 JavaThread "Unconstrained build operations Thread 75" [_thread_blocked, id=6740, stack(0x0000007080100000,0x0000007080200000)]
  0x00000249856e6800 JavaThread "Unconstrained build operations Thread 76" [_thread_blocked, id=17944, stack(0x0000007080200000,0x0000007080300000)]
  0x00000249856e8800 JavaThread "Unconstrained build operations Thread 77" [_thread_blocked, id=23568, stack(0x0000007080300000,0x0000007080400000)]
  0x00000249856ea800 JavaThread "Unconstrained build operations Thread 78" [_thread_blocked, id=23988, stack(0x0000007080400000,0x0000007080500000)]
  0x00000249856eb000 JavaThread "Unconstrained build operations Thread 79" [_thread_blocked, id=11740, stack(0x0000007080500000,0x0000007080600000)]
  0x00000249863ca800 JavaThread "Unconstrained build operations Thread 80" [_thread_blocked, id=4960, stack(0x0000007080600000,0x0000007080700000)]
  0x00000249863c9000 JavaThread "jar transforms Thread 4" [_thread_blocked, id=19400, stack(0x0000007080800000,0x0000007080900000)]
  0x00000249863c7800 JavaThread "jar transforms Thread 5" [_thread_blocked, id=20580, stack(0x0000007080900000,0x0000007080a00000)]
  0x00000249863c6800 JavaThread "jar transforms Thread 6" [_thread_blocked, id=14572, stack(0x0000007080a00000,0x0000007080b00000)]
  0x00000249863ca000 JavaThread "jar transforms Thread 7" [_thread_blocked, id=23048, stack(0x0000007080b00000,0x0000007080c00000)]
  0x00000249863c5000 JavaThread "jar transforms Thread 8" [_thread_blocked, id=18724, stack(0x0000007080c00000,0x0000007080d00000)]
  0x00000249863c8000 JavaThread "Thread-108" daemon [_thread_blocked, id=18136, stack(0x0000007080e00000,0x0000007080f00000)]
  0x00000249863c5800 JavaThread "Memory manager" [_thread_blocked, id=24096, stack(0x0000007080f00000,0x0000007081000000)]
  0x00000249863d2800 JavaThread "build event listener" [_thread_blocked, id=17496, stack(0x0000007081000000,0x0000007081100000)]
  0x00000249863cd000 JavaThread "included builds" [_thread_blocked, id=23536, stack(0x0000007081100000,0x0000007081200000)]
  0x00000249863ce800 JavaThread "Execution worker for ':'" [_thread_blocked, id=19108, stack(0x0000007081200000,0x0000007081300000)]
  0x00000249863cf800 JavaThread "Execution worker for ':' Thread 2" [_thread_blocked, id=22776, stack(0x0000007081300000,0x0000007081400000)]
  0x00000249863ce000 JavaThread "Execution worker for ':' Thread 3" [_thread_blocked, id=22376, stack(0x0000007081400000,0x0000007081500000)]
  0x00000249863d3800 JavaThread "Execution worker for ':' Thread 4" [_thread_blocked, id=5580, stack(0x0000007081500000,0x0000007081600000)]
  0x00000249863d0800 JavaThread "Execution worker for ':' Thread 5" [_thread_blocked, id=23896, stack(0x0000007081600000,0x0000007081700000)]
  0x00000249863d1000 JavaThread "Execution worker for ':' Thread 6" [_thread_blocked, id=428, stack(0x0000007081700000,0x0000007081800000)]
  0x00000249863d2000 JavaThread "Execution worker for ':' Thread 7" [_thread_blocked, id=16024, stack(0x0000007081800000,0x0000007081900000)]
  0x000002498bc89000 JavaThread "Cache worker for execution history cache (C:\Users\vyg0615\AndroidStudioProjects\FCMPushNotification\.gradle\7.4\executionHistory)" [_thread_blocked, id=24400, stack(0x0000007081900000,0x0000007081a00000)]
  0x000002498bc8b800 JavaThread "WorkerExecutor Queue" [_thread_blocked, id=17788, stack(0x0000007081a00000,0x0000007081b00000)]
  0x000002498bc8c000 JavaThread "WorkerExecutor Queue Thread 2" [_thread_blocked, id=22832, stack(0x0000007081b00000,0x0000007081c00000)]
  0x000002498bc8d000 JavaThread "WorkerExecutor Queue Thread 3" [_thread_blocked, id=21700, stack(0x0000007081c00000,0x0000007081d00000)]
  0x000002498bc8e000 JavaThread "WorkerExecutor Queue Thread 4" [_thread_blocked, id=20084, stack(0x0000007081d00000,0x0000007081e00000)]
  0x000002498bc8a000 JavaThread "WorkerExecutor Queue Thread 5" [_thread_blocked, id=4372, stack(0x0000007081e00000,0x0000007081f00000)]
  0x000002498bc88000 JavaThread "WorkerExecutor Queue Thread 6" [_thread_blocked, id=8928, stack(0x0000007081f00000,0x0000007082000000)]
  0x000002498bc8e800 JavaThread "WorkerExecutor Queue Thread 7" [_thread_blocked, id=17860, stack(0x0000007082000000,0x0000007082100000)]
  0x000002498bc8a800 JavaThread "WorkerExecutor Queue Thread 8" [_thread_blocked, id=14368, stack(0x0000007082100000,0x0000007082200000)]
  0x0000024987f9c800 JavaThread "pool-3-thread-1" [_thread_blocked, id=20868, stack(0x0000007082200000,0x0000007082300000)]
  0x0000024987fa0000 JavaThread "stderr" [_thread_in_native, id=11356, stack(0x0000007082300000,0x0000007082400000)]
  0x0000024987fa0800 JavaThread "stdout" [_thread_in_native, id=11520, stack(0x0000007082400000,0x0000007082500000)]
  0x0000024987fa2800 JavaThread "RMI Scheduler(0)" daemon [_thread_blocked, id=22800, stack(0x0000007080700000,0x0000007080800000)]
  0x0000024987fa4000 JavaThread "RMI GC Daemon" daemon [_thread_blocked, id=12520, stack(0x0000007082700000,0x0000007082800000)]
  0x0000024987f9e000 JavaThread "RMI TCP Accept-0" daemon [_thread_in_native, id=16184, stack(0x0000007082800000,0x0000007082900000)]
  0x0000024987fa6800 JavaThread "RMI Reaper" [_thread_blocked, id=9096, stack(0x0000007082900000,0x0000007082a00000)]
  0x0000024987fa5800 JavaThread "RMI TCP Connection(1)-127.0.0.1" daemon [_thread_in_native, id=18492, stack(0x0000007082b00000,0x0000007082c00000)]
  0x0000024987fa9800 JavaThread "Cache worker for Java compile cache (C:\Users\vyg0615\.gradle\caches\7.4\javaCompile)" [_thread_blocked, id=19784, stack(0x0000007082a00000,0x0000007082b00000)]
  0x0000024987faa800 JavaThread "Build operations" [_thread_blocked, id=22216, stack(0x0000007082c00000,0x0000007082d00000)]
  0x0000024987fa7000 JavaThread "Build operations Thread 2" [_thread_blocked, id=21360, stack(0x0000007082d00000,0x0000007082e00000)]
  0x0000024987fa4800 JavaThread "Build operations Thread 3" [_thread_blocked, id=9252, stack(0x0000007082e00000,0x0000007082f00000)]
  0x0000024987fab800 JavaThread "Build operations Thread 4" [_thread_blocked, id=17004, stack(0x0000007082f00000,0x0000007083000000)]
  0x0000024987fa8000 JavaThread "Build operations Thread 5" [_thread_blocked, id=13196, stack(0x0000007083000000,0x0000007083100000)]
  0x0000024987fa9000 JavaThread "Build operations Thread 6" [_thread_blocked, id=10456, stack(0x0000007083100000,0x0000007083200000)]
  0x0000024986217000 JavaThread "Build operations Thread 7" [_thread_blocked, id=12352, stack(0x0000007083200000,0x0000007083300000)]
  0x0000024986219800 JavaThread "Build operations Thread 8" [_thread_blocked, id=22956, stack(0x0000007083300000,0x0000007083400000)]

Other Threads:
=>0x00000249820fe000 VMThread "VM Thread" [stack: 0x00000070f8900000,0x00000070f8a00000] [id=9780]
  0x0000024982e57800 WatcherThread [stack: 0x00000070f9400000,0x00000070f9500000] [id=4588]
  0x00000249e7270800 GCTaskThread "GC Thread#0" [stack: 0x00000070f8400000,0x00000070f8500000] [id=15992]
  0x000002498355e000 GCTaskThread "GC Thread#1" [stack: 0x00000070f9600000,0x00000070f9700000] [id=1736]
  0x0000024983a60800 GCTaskThread "GC Thread#2" [stack: 0x00000070f9700000,0x00000070f9800000] [id=21240]
  0x0000024984003000 GCTaskThread "GC Thread#3" [stack: 0x00000070f9800000,0x00000070f9900000] [id=23956]
  0x000002498346f000 GCTaskThread "GC Thread#4" [stack: 0x00000070f9900000,0x00000070f9a00000] [id=22768]
  0x00000249838a1800 GCTaskThread "GC Thread#5" [stack: 0x00000070f9a00000,0x00000070f9b00000] [id=20648]
  0x0000024987abc000 GCTaskThread "GC Thread#6" [stack: 0x00000070fa500000,0x00000070fa600000] [id=20948]
  0x0000024987adb000 GCTaskThread "GC Thread#7" [stack: 0x00000070fa600000,0x00000070fa700000] [id=23672]
  0x00000249e72a2800 ConcurrentGCThread "G1 Main Marker" [stack: 0x00000070f8500000,0x00000070f8600000] [id=23564]
  0x00000249e72a4800 ConcurrentGCThread "G1 Conc#0" [stack: 0x00000070f8600000,0x00000070f8700000] [id=22536]
  0x000002498802c800 ConcurrentGCThread "G1 Conc#1" [stack: 0x00000070fa700000,0x00000070fa800000] [id=17300]
  0x00000249fee6e000 ConcurrentGCThread "G1 Refine#0" [stack: 0x00000070f8700000,0x00000070f8800000] [id=19052]
  0x00000249fee71000 ConcurrentGCThread "G1 Young RemSet Sampling" [stack: 0x00000070f8800000,0x00000070f8900000] [id=22752]

Threads with active compile tasks:
C2 CompilerThread0  43546 15448       4       com.android.tools.tracer.agent.objectweb.asm.Type::getDescriptor (93 bytes)

VM state:at safepoint (normal execution)

VM Mutex/Monitor currently owned by a thread:  ([mutex/lock_event])
[0x00000249e7254470] Threads_lock - owner thread: 0x00000249820fe000
[0x00000249e7253f60] Heap_lock - owner thread: 0x000002498bc88000

Heap address: 0x0000000080000000, size: 2048 MB, Compressed Oops mode: 32-bit
Narrow klass base: 0x0000000000000000, Narrow klass shift: 3
Compressed class space size: 1073741824 Address: 0x0000000100000000

Heap:
 garbage-first heap   total 258048K, used 119576K [0x0000000080000000, 0x0000000100000000)
  region size 1024K, 15 young (15360K), 11 survivors (11264K)
 Metaspace       used 109213K, capacity 111911K, committed 112040K, reserved 1148928K
  class space    used 13934K, capacity 15040K, committed 15104K, reserved 1048576K
Heap Regions: E=young(eden), S=young(survivor), O=old, HS=humongous(starts), HC=humongous(continues), CS=collection set, F=free, A=archive, TAMS=top-at-mark-start (previous, next)
|   0|0x0000000080000000, 0x0000000080100000, 0x0000000080100000|100%| O|  |TAMS 0x0000000080100000, 0x0000000080100000| Untracked 
|   1|0x0000000080100000, 0x0000000080200000, 0x0000000080200000|100%| O|  |TAMS 0x0000000080200000, 0x0000000080200000| Untracked 
|   2|0x0000000080200000, 0x0000000080300000, 0x0000000080300000|100%| O|  |TAMS 0x0000000080300000, 0x0000000080300000| Untracked 
|   3|0x0000000080300000, 0x0000000080400000, 0x0000000080400000|100%|HS|  |TAMS 0x0000000080400000, 0x0000000080400000| Complete 
|   4|0x0000000080400000, 0x0000000080500000, 0x0000000080500000|100%|HC|  |TAMS 0x0000000080500000, 0x0000000080500000| Complete 
|   5|0x0000000080500000, 0x0000000080600000, 0x0000000080600000|100%|HC|  |TAMS 0x0000000080600000, 0x0000000080600000| Complete 
|   6|0x0000000080600000, 0x0000000080700000, 0x0000000080700000|100%| O|  |TAMS 0x0000000080700000, 0x0000000080700000| Untracked 
|   7|0x0000000080700000, 0x0000000080800000, 0x0000000080800000|100%| O|  |TAMS 0x0000000080800000, 0x0000000080800000| Untracked 
|   8|0x0000000080800000, 0x0000000080900000, 0x0000000080900000|100%| O|  |TAMS 0x0000000080900000, 0x0000000080900000| Untracked 
|   9|0x0000000080900000, 0x0000000080a00000, 0x0000000080a00000|100%| O|  |TAMS 0x0000000080a00000, 0x0000000080a00000| Untracked 
|  10|0x0000000080a00000, 0x0000000080b00000, 0x0000000080b00000|100%| O|  |TAMS 0x0000000080b00000, 0x0000000080b00000| Untracked 
|  11|0x0000000080b00000, 0x0000000080c00000, 0x0000000080c00000|100%| O|  |TAMS 0x0000000080c00000, 0x0000000080c00000| Untracked 
|  12|0x0000000080c00000, 0x0000000080d00000, 0x0000000080d00000|100%| O|  |TAMS 0x0000000080d00000, 0x0000000080d00000| Untracked 
|  13|0x0000000080d00000, 0x0000000080e00000, 0x0000000080e00000|100%| O|  |TAMS 0x0000000080e00000, 0x0000000080e00000| Untracked 
|  14|0x0000000080e00000, 0x0000000080f00000, 0x0000000080f00000|100%| O|  |TAMS 0x0000000080f00000, 0x0000000080f00000| Untracked 
|  15|0x0000000080f00000, 0x0000000081000000, 0x0000000081000000|100%| O|  |TAMS 0x0000000081000000, 0x0000000081000000| Untracked 
|  16|0x0000000081000000, 0x0000000081100000, 0x0000000081100000|100%|HS|  |TAMS 0x0000000081100000, 0x0000000081100000| Complete 
|  17|0x0000000081100000, 0x0000000081200000, 0x0000000081200000|100%|HS|  |TAMS 0x0000000081200000, 0x0000000081200000| Complete 
|  18|0x0000000081200000, 0x0000000081300000, 0x0000000081300000|100%|HS|  |TAMS 0x0000000081300000, 0x0000000081300000| Complete 
|  19|0x0000000081300000, 0x0000000081400000, 0x0000000081400000|100%| O|  |TAMS 0x0000000081400000, 0x0000000081400000| Untracked 
|  20|0x0000000081400000, 0x0000000081500000, 0x0000000081500000|100%| O|  |TAMS 0x0000000081500000, 0x0000000081500000| Untracked 
|  21|0x0000000081500000, 0x0000000081600000, 0x0000000081600000|100%| O|  |TAMS 0x0000000081600000, 0x0000000081600000| Untracked 
|  22|0x0000000081600000, 0x0000000081700000, 0x0000000081700000|100%|HS|  |TAMS 0x0000000081700000, 0x0000000081700000| Complete 
|  23|0x0000000081700000, 0x0000000081800000, 0x0000000081800000|100%|HC|  |TAMS 0x0000000081800000, 0x0000000081800000| Complete 
|  24|0x0000000081800000, 0x0000000081900000, 0x0000000081900000|100%|HC|  |TAMS 0x0000000081900000, 0x0000000081900000| Complete 
|  25|0x0000000081900000, 0x0000000081a00000, 0x0000000081a00000|100%|HC|  |TAMS 0x0000000081a00000, 0x0000000081a00000| Complete 
|  26|0x0000000081a00000, 0x0000000081b00000, 0x0000000081b00000|100%| O|  |TAMS 0x0000000081b00000, 0x0000000081b00000| Untracked 
|  27|0x0000000081b00000, 0x0000000081c00000, 0x0000000081c00000|100%|HS|  |TAMS 0x0000000081c00000, 0x0000000081c00000| Complete 
|  28|0x0000000081c00000, 0x0000000081d00000, 0x0000000081d00000|100%|HC|  |TAMS 0x0000000081d00000, 0x0000000081d00000| Complete 
|  29|0x0000000081d00000, 0x0000000081e00000, 0x0000000081e00000|100%| O|  |TAMS 0x0000000081e00000, 0x0000000081e00000| Untracked 
|  30|0x0000000081e00000, 0x0000000081f00000, 0x0000000081f00000|100%| O|  |TAMS 0x0000000081f00000, 0x0000000081f00000| Untracked 
|  31|0x0000000081f00000, 0x0000000082000000, 0x0000000082000000|100%| O|  |TAMS 0x0000000082000000, 0x0000000082000000| Untracked 
|  32|0x0000000082000000, 0x0000000082100000, 0x0000000082100000|100%| O|  |TAMS 0x0000000082100000, 0x0000000082100000| Untracked 
|  33|0x0000000082100000, 0x0000000082200000, 0x0000000082200000|100%| O|  |TAMS 0x0000000082200000, 0x0000000082200000| Untracked 
|  34|0x0000000082200000, 0x0000000082300000, 0x0000000082300000|100%| O|  |TAMS 0x0000000082300000, 0x0000000082300000| Untracked 
|  35|0x0000000082300000, 0x0000000082400000, 0x0000000082400000|100%| O|  |TAMS 0x0000000082400000, 0x0000000082400000| Untracked 
|  36|0x0000000082400000, 0x0000000082500000, 0x0000000082500000|100%| O|  |TAMS 0x0000000082500000, 0x0000000082500000| Untracked 
|  37|0x0000000082500000, 0x0000000082600000, 0x0000000082600000|100%| O|  |TAMS 0x0000000082600000, 0x0000000082600000| Untracked 
|  38|0x0000000082600000, 0x0000000082700000, 0x0000000082700000|100%| O|  |TAMS 0x0000000082700000, 0x0000000082700000| Untracked 
|  39|0x0000000082700000, 0x0000000082800000, 0x0000000082800000|100%| O|  |TAMS 0x0000000082800000, 0x0000000082800000| Untracked 
|  40|0x0000000082800000, 0x0000000082900000, 0x0000000082900000|100%| O|  |TAMS 0x0000000082900000, 0x0000000082900000| Untracked 
|  41|0x0000000082900000, 0x0000000082a00000, 0x0000000082a00000|100%| O|  |TAMS 0x0000000082a00000, 0x0000000082a00000| Untracked 
|  42|0x0000000082a00000, 0x0000000082b00000, 0x0000000082b00000|100%| O|  |TAMS 0x0000000082b00000, 0x0000000082b00000| Untracked 
|  43|0x0000000082b00000, 0x0000000082c00000, 0x0000000082c00000|100%| O|  |TAMS 0x0000000082c00000, 0x0000000082c00000| Untracked 
|  44|0x0000000082c00000, 0x0000000082d00000, 0x0000000082d00000|100%| O|  |TAMS 0x0000000082d00000, 0x0000000082d00000| Untracked 
|  45|0x0000000082d00000, 0x0000000082e00000, 0x0000000082e00000|100%| O|  |TAMS 0x0000000082e00000, 0x0000000082e00000| Untracked 
|  46|0x0000000082e00000, 0x0000000082f00000, 0x0000000082f00000|100%| O|  |TAMS 0x0000000082f00000, 0x0000000082f00000| Untracked 
|  47|0x0000000082f00000, 0x0000000083000000, 0x0000000083000000|100%| O|  |TAMS 0x0000000083000000, 0x0000000083000000| Untracked 
|  48|0x0000000083000000, 0x0000000083100000, 0x0000000083100000|100%| O|  |TAMS 0x00000000830c4a00, 0x0000000083100000| Untracked 
|  49|0x0000000083100000, 0x0000000083200000, 0x0000000083200000|100%| O|  |TAMS 0x0000000083100000, 0x0000000083200000| Untracked 
|  50|0x0000000083200000, 0x0000000083300000, 0x0000000083300000|100%| O|  |TAMS 0x0000000083200000, 0x0000000083300000| Untracked 
|  51|0x0000000083300000, 0x0000000083400000, 0x0000000083400000|100%| O|  |TAMS 0x0000000083300000, 0x0000000083400000| Untracked 
|  52|0x0000000083400000, 0x0000000083500000, 0x0000000083500000|100%| O|  |TAMS 0x0000000083400000, 0x0000000083500000| Untracked 
|  53|0x0000000083500000, 0x0000000083600000, 0x0000000083600000|100%| O|  |TAMS 0x0000000083500000, 0x0000000083600000| Untracked 
|  54|0x0000000083600000, 0x0000000083700000, 0x0000000083700000|100%| O|  |TAMS 0x0000000083600000, 0x0000000083700000| Untracked 
|  55|0x0000000083700000, 0x0000000083800000, 0x0000000083800000|100%| O|  |TAMS 0x0000000083700000, 0x0000000083800000| Untracked 
|  56|0x0000000083800000, 0x0000000083900000, 0x0000000083900000|100%| O|  |TAMS 0x0000000083800000, 0x0000000083900000| Untracked 
|  57|0x0000000083900000, 0x0000000083a00000, 0x0000000083a00000|100%| O|  |TAMS 0x0000000083900000, 0x0000000083a00000| Untracked 
|  58|0x0000000083a00000, 0x0000000083b00000, 0x0000000083b00000|100%| O|  |TAMS 0x0000000083a00000, 0x0000000083b00000| Untracked 
|  59|0x0000000083b00000, 0x0000000083c00000, 0x0000000083c00000|100%| O|  |TAMS 0x0000000083b00000, 0x0000000083c00000| Untracked 
|  60|0x0000000083c00000, 0x0000000083d00000, 0x0000000083d00000|100%| O|  |TAMS 0x0000000083c00000, 0x0000000083d00000| Untracked 
|  61|0x0000000083d00000, 0x0000000083e00000, 0x0000000083e00000|100%| O|  |TAMS 0x0000000083d00000, 0x0000000083e00000| Untracked 
|  62|0x0000000083e00000, 0x0000000083f00000, 0x0000000083f00000|100%| O|  |TAMS 0x0000000083e00000, 0x0000000083f00000| Untracked 
|  63|0x0000000083f00000, 0x0000000084000000, 0x0000000084000000|100%| O|  |TAMS 0x0000000083f00000, 0x0000000084000000| Untracked 
|  64|0x0000000084000000, 0x0000000084100000, 0x0000000084100000|100%| O|  |TAMS 0x0000000084000000, 0x0000000084100000| Untracked 
|  65|0x0000000084100000, 0x0000000084200000, 0x0000000084200000|100%| O|  |TAMS 0x0000000084100000, 0x0000000084200000| Untracked 
|  66|0x0000000084200000, 0x0000000084300000, 0x0000000084300000|100%| O|  |TAMS 0x0000000084200000, 0x0000000084300000| Untracked 
|  67|0x0000000084300000, 0x0000000084400000, 0x0000000084400000|100%| O|  |TAMS 0x0000000084300000, 0x0000000084400000| Untracked 
|  68|0x0000000084400000, 0x0000000084500000, 0x0000000084500000|100%| O|  |TAMS 0x0000000084400000, 0x0000000084500000| Untracked 
|  69|0x0000000084500000, 0x0000000084600000, 0x0000000084600000|100%| O|  |TAMS 0x0000000084500000, 0x0000000084600000| Untracked 
|  70|0x0000000084600000, 0x0000000084700000, 0x0000000084700000|100%| O|  |TAMS 0x0000000084600000, 0x0000000084700000| Untracked 
|  71|0x0000000084700000, 0x0000000084800000, 0x0000000084800000|100%| O|  |TAMS 0x0000000084700000, 0x0000000084800000| Untracked 
|  72|0x0000000084800000, 0x0000000084900000, 0x0000000084900000|100%| O|  |TAMS 0x0000000084800000, 0x0000000084900000| Untracked 
|  73|0x0000000084900000, 0x0000000084a00000, 0x0000000084a00000|100%| O|  |TAMS 0x0000000084900000, 0x0000000084a00000| Untracked 
|  74|0x0000000084a00000, 0x0000000084b00000, 0x0000000084b00000|100%| O|  |TAMS 0x0000000084a00000, 0x0000000084b00000| Untracked 
|  75|0x0000000084b00000, 0x0000000084c00000, 0x0000000084c00000|100%| O|  |TAMS 0x0000000084b00000, 0x0000000084c00000| Untracked 
|  76|0x0000000084c00000, 0x0000000084d00000, 0x0000000084d00000|100%| O|  |TAMS 0x0000000084c00000, 0x0000000084d00000| Untracked 
|  77|0x0000000084d00000, 0x0000000084e00000, 0x0000000084e00000|100%| O|  |TAMS 0x0000000084d00000, 0x0000000084e00000| Untracked 
|  78|0x0000000084e00000, 0x0000000084f00000, 0x0000000084f00000|100%| O|  |TAMS 0x0000000084e00000, 0x0000000084f00000| Untracked 
|  79|0x0000000084f00000, 0x0000000085000000, 0x0000000085000000|100%| O|  |TAMS 0x0000000084f00000, 0x0000000085000000| Untracked 
|  80|0x0000000085000000, 0x0000000085100000, 0x0000000085100000|100%| O|  |TAMS 0x0000000085000000, 0x0000000085100000| Untracked 
|  81|0x0000000085100000, 0x0000000085200000, 0x0000000085200000|100%| O|  |TAMS 0x0000000085100000, 0x0000000085200000| Untracked 
|  82|0x0000000085200000, 0x0000000085300000, 0x0000000085300000|100%| O|  |TAMS 0x0000000085200000, 0x0000000085300000| Untracked 
|  83|0x0000000085300000, 0x0000000085400000, 0x0000000085400000|100%| O|  |TAMS 0x0000000085300000, 0x0000000085400000| Untracked 
|  84|0x0000000085400000, 0x0000000085500000, 0x0000000085500000|100%| O|  |TAMS 0x0000000085400000, 0x0000000085500000| Untracked 
|  85|0x0000000085500000, 0x0000000085600000, 0x0000000085600000|100%| O|  |TAMS 0x0000000085500000, 0x0000000085600000| Untracked 
|  86|0x0000000085600000, 0x0000000085700000, 0x0000000085700000|100%| O|  |TAMS 0x0000000085600000, 0x0000000085700000| Untracked 
|  87|0x0000000085700000, 0x0000000085800000, 0x0000000085800000|100%| O|  |TAMS 0x0000000085700000, 0x0000000085800000| Untracked 
|  88|0x0000000085800000, 0x0000000085900000, 0x0000000085900000|100%| O|  |TAMS 0x0000000085800000, 0x0000000085900000| Untracked 
|  89|0x0000000085900000, 0x0000000085a00000, 0x0000000085a00000|100%| O|  |TAMS 0x0000000085900000, 0x0000000085a00000| Untracked 
|  90|0x0000000085a00000, 0x0000000085b00000, 0x0000000085b00000|100%| O|  |TAMS 0x0000000085a00000, 0x0000000085b00000| Untracked 
|  91|0x0000000085b00000, 0x0000000085b00000, 0x0000000085c00000|  0%| F|  |TAMS 0x0000000085b00000, 0x0000000085b00000| Untracked 
|  92|0x0000000085c00000, 0x0000000085c00000, 0x0000000085d00000|  0%| F|  |TAMS 0x0000000085c00000, 0x0000000085c00000| Untracked 
|  93|0x0000000085d00000, 0x0000000085e00000, 0x0000000085e00000|100%| O|  |TAMS 0x0000000085d00000, 0x0000000085e00000| Untracked 
|  94|0x0000000085e00000, 0x0000000085f00000, 0x0000000085f00000|100%| O|  |TAMS 0x0000000085e00000, 0x0000000085f00000| Untracked 
|  95|0x0000000085f00000, 0x0000000086000000, 0x0000000086000000|100%| O|  |TAMS 0x0000000085f00000, 0x0000000086000000| Untracked 
|  96|0x0000000086000000, 0x0000000086091000, 0x0000000086100000| 56%| O|  |TAMS 0x0000000086000000, 0x0000000086091000| Untracked 
|  97|0x0000000086100000, 0x0000000086100000, 0x0000000086200000|  0%| F|  |TAMS 0x0000000086100000, 0x0000000086100000| Untracked 
|  98|0x0000000086200000, 0x0000000086200000, 0x0000000086300000|  0%| F|  |TAMS 0x0000000086200000, 0x0000000086200000| Untracked 
|  99|0x0000000086300000, 0x0000000086300000, 0x0000000086400000|  0%| F|  |TAMS 0x0000000086300000, 0x0000000086300000| Untracked 
| 100|0x0000000086400000, 0x0000000086400000, 0x0000000086500000|  0%| F|  |TAMS 0x0000000086400000, 0x0000000086400000| Untracked 
| 101|0x0000000086500000, 0x0000000086600000, 0x0000000086600000|100%| O|  |TAMS 0x0000000086500000, 0x0000000086600000| Untracked 
| 102|0x0000000086600000, 0x0000000086600000, 0x0000000086700000|  0%| F|  |TAMS 0x0000000086600000, 0x0000000086600000| Untracked 
| 103|0x0000000086700000, 0x0000000086700000, 0x0000000086800000|  0%| F|  |TAMS 0x0000000086700000, 0x0000000086700000| Untracked 
| 104|0x0000000086800000, 0x0000000086800000, 0x0000000086900000|  0%| F|  |TAMS 0x0000000086800000, 0x0000000086800000| Untracked 
| 105|0x0000000086900000, 0x0000000086900000, 0x0000000086a00000|  0%| F|  |TAMS 0x0000000086900000, 0x0000000086900000| Untracked 
| 106|0x0000000086a00000, 0x0000000086a00000, 0x0000000086b00000|  0%| F|  |TAMS 0x0000000086a00000, 0x0000000086a00000| Untracked 
| 107|0x0000000086b00000, 0x0000000086b00000, 0x0000000086c00000|  0%| F|  |TAMS 0x0000000086b00000, 0x0000000086b00000| Untracked 
| 108|0x0000000086c00000, 0x0000000086d00000, 0x0000000086d00000|100%| O|  |TAMS 0x0000000086c00000, 0x0000000086d00000| Untracked 
| 109|0x0000000086d00000, 0x0000000086e00000, 0x0000000086e00000|100%| O|  |TAMS 0x0000000086d00000, 0x0000000086e00000| Untracked 
| 110|0x0000000086e00000, 0x0000000086f00000, 0x0000000086f00000|100%| O|  |TAMS 0x0000000086e00000, 0x0000000086f00000| Untracked 
| 111|0x0000000086f00000, 0x0000000087000000, 0x0000000087000000|100%| O|  |TAMS 0x0000000086f00000, 0x0000000087000000| Untracked 
| 112|0x0000000087000000, 0x0000000087100000, 0x0000000087100000|100%| O|  |TAMS 0x0000000087000000, 0x0000000087100000| Untracked 
| 113|0x0000000087100000, 0x0000000087200000, 0x0000000087200000|100%| O|  |TAMS 0x0000000087100000, 0x0000000087200000| Untracked 
| 114|0x0000000087200000, 0x0000000087300000, 0x0000000087300000|100%| O|  |TAMS 0x0000000087200000, 0x0000000087300000| Untracked 
| 115|0x0000000087300000, 0x0000000087400000, 0x0000000087400000|100%| O|  |TAMS 0x0000000087300000, 0x0000000087400000| Untracked 
| 116|0x0000000087400000, 0x0000000087400000, 0x0000000087500000|  0%| F|  |TAMS 0x0000000087400000, 0x0000000087400000| Untracked 
| 117|0x0000000087500000, 0x0000000087500000, 0x0000000087600000|  0%| F|  |TAMS 0x0000000087500000, 0x0000000087500000| Untracked 
| 118|0x0000000087600000, 0x0000000087600000, 0x0000000087700000|  0%| F|  |TAMS 0x0000000087600000, 0x0000000087600000| Untracked 
| 119|0x0000000087700000, 0x0000000087700000, 0x0000000087800000|  0%| F|  |TAMS 0x0000000087700000, 0x0000000087700000| Untracked 
| 120|0x0000000087800000, 0x0000000087800000, 0x0000000087900000|  0%| F|  |TAMS 0x0000000087800000, 0x0000000087800000| Untracked 
| 121|0x0000000087900000, 0x0000000087900000, 0x0000000087a00000|  0%| F|  |TAMS 0x0000000087900000, 0x0000000087900000| Untracked 
| 122|0x0000000087a00000, 0x0000000087a00000, 0x0000000087b00000|  0%| F|  |TAMS 0x0000000087a00000, 0x0000000087a00000| Untracked 
| 123|0x0000000087b00000, 0x0000000087b00000, 0x0000000087c00000|  0%| F|  |TAMS 0x0000000087b00000, 0x0000000087b00000| Untracked 
| 124|0x0000000087c00000, 0x0000000087c00000, 0x0000000087d00000|  0%| F|  |TAMS 0x0000000087c00000, 0x0000000087c00000| Untracked 
| 125|0x0000000087d00000, 0x0000000087d00000, 0x0000000087e00000|  0%| F|  |TAMS 0x0000000087d00000, 0x0000000087d00000| Untracked 
| 126|0x0000000087e00000, 0x0000000087e00000, 0x0000000087f00000|  0%| F|  |TAMS 0x0000000087e00000, 0x0000000087e00000| Untracked 
| 127|0x0000000087f00000, 0x0000000087f00000, 0x0000000088000000|  0%| F|  |TAMS 0x0000000087f00000, 0x0000000087f00000| Untracked 
| 128|0x0000000088000000, 0x0000000088000000, 0x0000000088100000|  0%| F|  |TAMS 0x0000000088000000, 0x0000000088000000| Untracked 
| 129|0x0000000088100000, 0x0000000088100000, 0x0000000088200000|  0%| F|  |TAMS 0x0000000088100000, 0x0000000088100000| Untracked 
| 130|0x0000000088200000, 0x0000000088200000, 0x0000000088300000|  0%| F|  |TAMS 0x0000000088200000, 0x0000000088200000| Untracked 
| 131|0x0000000088300000, 0x0000000088300000, 0x0000000088400000|  0%| F|  |TAMS 0x0000000088300000, 0x0000000088300000| Untracked 
| 132|0x0000000088400000, 0x0000000088400000, 0x0000000088500000|  0%| F|  |TAMS 0x0000000088400000, 0x0000000088400000| Untracked 
| 133|0x0000000088500000, 0x0000000088500000, 0x0000000088600000|  0%| F|  |TAMS 0x0000000088500000, 0x0000000088500000| Untracked 
| 134|0x0000000088600000, 0x0000000088600000, 0x0000000088700000|  0%| F|  |TAMS 0x0000000088600000, 0x0000000088600000| Untracked 
| 135|0x0000000088700000, 0x0000000088700000, 0x0000000088800000|  0%| F|  |TAMS 0x0000000088700000, 0x0000000088700000| Untracked 
| 136|0x0000000088800000, 0x0000000088800000, 0x0000000088900000|  0%| F|  |TAMS 0x0000000088800000, 0x0000000088800000| Untracked 
| 137|0x0000000088900000, 0x0000000088900000, 0x0000000088a00000|  0%| F|  |TAMS 0x0000000088900000, 0x0000000088900000| Untracked 
| 138|0x0000000088a00000, 0x0000000088a00000, 0x0000000088b00000|  0%| F|  |TAMS 0x0000000088a00000, 0x0000000088a00000| Untracked 
| 139|0x0000000088b00000, 0x0000000088b00000, 0x0000000088c00000|  0%| F|  |TAMS 0x0000000088b00000, 0x0000000088b00000| Untracked 
| 140|0x0000000088c00000, 0x0000000088c00000, 0x0000000088d00000|  0%| F|  |TAMS 0x0000000088c00000, 0x0000000088c00000| Untracked 
| 141|0x0000000088d00000, 0x0000000088d00000, 0x0000000088e00000|  0%| F|  |TAMS 0x0000000088d00000, 0x0000000088d00000| Untracked 
| 142|0x0000000088e00000, 0x0000000088e00000, 0x0000000088f00000|  0%| F|  |TAMS 0x0000000088e00000, 0x0000000088e00000| Untracked 
| 143|0x0000000088f00000, 0x0000000088f00000, 0x0000000089000000|  0%| F|  |TAMS 0x0000000088f00000, 0x0000000088f00000| Untracked 
| 144|0x0000000089000000, 0x0000000089000000, 0x0000000089100000|  0%| F|  |TAMS 0x0000000089000000, 0x0000000089000000| Untracked 
| 145|0x0000000089100000, 0x0000000089100000, 0x0000000089200000|  0%| F|  |TAMS 0x0000000089100000, 0x0000000089100000| Untracked 
| 146|0x0000000089200000, 0x0000000089200000, 0x0000000089300000|  0%| F|  |TAMS 0x0000000089200000, 0x0000000089200000| Untracked 
| 147|0x0000000089300000, 0x0000000089300000, 0x0000000089400000|  0%| F|  |TAMS 0x0000000089300000, 0x0000000089300000| Untracked 
| 148|0x0000000089400000, 0x0000000089400000, 0x0000000089500000|  0%| F|  |TAMS 0x0000000089400000, 0x0000000089400000| Untracked 
| 149|0x0000000089500000, 0x0000000089500000, 0x0000000089600000|  0%| F|  |TAMS 0x0000000089500000, 0x0000000089500000| Untracked 
| 150|0x0000000089600000, 0x0000000089600000, 0x0000000089700000|  0%| F|  |TAMS 0x0000000089600000, 0x0000000089600000| Untracked 
| 151|0x0000000089700000, 0x0000000089700000, 0x0000000089800000|  0%| F|  |TAMS 0x0000000089700000, 0x0000000089700000| Untracked 
| 152|0x0000000089800000, 0x0000000089800000, 0x0000000089900000|  0%| F|  |TAMS 0x0000000089800000, 0x0000000089800000| Untracked 
| 153|0x0000000089900000, 0x0000000089900000, 0x0000000089a00000|  0%| F|  |TAMS 0x0000000089900000, 0x0000000089900000| Untracked 
| 154|0x0000000089a00000, 0x0000000089a00000, 0x0000000089b00000|  0%| F|  |TAMS 0x0000000089a00000, 0x0000000089a00000| Untracked 
| 155|0x0000000089b00000, 0x0000000089b00000, 0x0000000089c00000|  0%| F|  |TAMS 0x0000000089b00000, 0x0000000089b00000| Untracked 
| 156|0x0000000089c00000, 0x0000000089c35278, 0x0000000089d00000| 20%| S|CS|TAMS 0x0000000089c00000, 0x0000000089c00000| Complete 
| 157|0x0000000089d00000, 0x0000000089e00000, 0x0000000089e00000|100%| S|CS|TAMS 0x0000000089d00000, 0x0000000089d00000| Complete 
| 158|0x0000000089e00000, 0x0000000089f00000, 0x0000000089f00000|100%| S|CS|TAMS 0x0000000089e00000, 0x0000000089e00000| Complete 
| 159|0x0000000089f00000, 0x000000008a000000, 0x000000008a000000|100%| S|CS|TAMS 0x0000000089f00000, 0x0000000089f00000| Complete 
| 160|0x000000008a000000, 0x000000008a100000, 0x000000008a100000|100%| S|CS|TAMS 0x000000008a000000, 0x000000008a000000| Complete 
| 161|0x000000008a100000, 0x000000008a200000, 0x000000008a200000|100%| S|CS|TAMS 0x000000008a100000, 0x000000008a100000| Complete 
| 162|0x000000008a200000, 0x000000008a300000, 0x000000008a300000|100%| S|CS|TAMS 0x000000008a200000, 0x000000008a200000| Complete 
| 163|0x000000008a300000, 0x000000008a400000, 0x000000008a400000|100%| S|CS|TAMS 0x000000008a300000, 0x000000008a300000| Complete 
| 164|0x000000008a400000, 0x000000008a500000, 0x000000008a500000|100%| S|CS|TAMS 0x000000008a400000, 0x000000008a400000| Complete 
| 165|0x000000008a500000, 0x000000008a600000, 0x000000008a600000|100%| S|CS|TAMS 0x000000008a500000, 0x000000008a500000| Complete 
| 166|0x000000008a600000, 0x000000008a700000, 0x000000008a700000|100%| S|CS|TAMS 0x000000008a600000, 0x000000008a600000| Complete 
| 167|0x000000008a700000, 0x000000008a700000, 0x000000008a800000|  0%| F|  |TAMS 0x000000008a700000, 0x000000008a700000| Untracked 
| 168|0x000000008a800000, 0x000000008a800000, 0x000000008a900000|  0%| F|  |TAMS 0x000000008a800000, 0x000000008a800000| Untracked 
| 169|0x000000008a900000, 0x000000008a900000, 0x000000008aa00000|  0%| F|  |TAMS 0x000000008a900000, 0x000000008a900000| Untracked 
| 170|0x000000008aa00000, 0x000000008aa00000, 0x000000008ab00000|  0%| F|  |TAMS 0x000000008aa00000, 0x000000008aa00000| Untracked 
| 171|0x000000008ab00000, 0x000000008ab00000, 0x000000008ac00000|  0%| F|  |TAMS 0x000000008ab00000, 0x000000008ab00000| Untracked 
| 172|0x000000008ac00000, 0x000000008ac00000, 0x000000008ad00000|  0%| F|  |TAMS 0x000000008ac00000, 0x000000008ac00000| Untracked 
| 173|0x000000008ad00000, 0x000000008ad00000, 0x000000008ae00000|  0%| F|  |TAMS 0x000000008ad00000, 0x000000008ad00000| Untracked 
| 174|0x000000008ae00000, 0x000000008ae00000, 0x000000008af00000|  0%| F|  |TAMS 0x000000008ae00000, 0x000000008ae00000| Untracked 
| 175|0x000000008af00000, 0x000000008af00000, 0x000000008b000000|  0%| F|  |TAMS 0x000000008af00000, 0x000000008af00000| Untracked 
| 176|0x000000008b000000, 0x000000008b000000, 0x000000008b100000|  0%| F|  |TAMS 0x000000008b000000, 0x000000008b000000| Untracked 
| 177|0x000000008b100000, 0x000000008b100000, 0x000000008b200000|  0%| F|  |TAMS 0x000000008b100000, 0x000000008b100000| Untracked 
| 178|0x000000008b200000, 0x000000008b200000, 0x000000008b300000|  0%| F|  |TAMS 0x000000008b200000, 0x000000008b200000| Untracked 
| 179|0x000000008b300000, 0x000000008b300000, 0x000000008b400000|  0%| F|  |TAMS 0x000000008b300000, 0x000000008b300000| Untracked 
| 180|0x000000008b400000, 0x000000008b400000, 0x000000008b500000|  0%| F|  |TAMS 0x000000008b400000, 0x000000008b400000| Untracked 
| 181|0x000000008b500000, 0x000000008b500000, 0x000000008b600000|  0%| F|  |TAMS 0x000000008b500000, 0x000000008b500000| Untracked 
| 182|0x000000008b600000, 0x000000008b600000, 0x000000008b700000|  0%| F|  |TAMS 0x000000008b600000, 0x000000008b600000| Untracked 
| 183|0x000000008b700000, 0x000000008b700000, 0x000000008b800000|  0%| F|  |TAMS 0x000000008b700000, 0x000000008b700000| Untracked 
| 184|0x000000008b800000, 0x000000008b800000, 0x000000008b900000|  0%| F|  |TAMS 0x000000008b800000, 0x000000008b800000| Untracked 
| 185|0x000000008b900000, 0x000000008b900000, 0x000000008ba00000|  0%| F|  |TAMS 0x000000008b900000, 0x000000008b900000| Untracked 
| 186|0x000000008ba00000, 0x000000008ba00000, 0x000000008bb00000|  0%| F|  |TAMS 0x000000008ba00000, 0x000000008ba00000| Untracked 
| 187|0x000000008bb00000, 0x000000008bb00000, 0x000000008bc00000|  0%| F|  |TAMS 0x000000008bb00000, 0x000000008bb00000| Untracked 
| 188|0x000000008bc00000, 0x000000008bc00000, 0x000000008bd00000|  0%| F|  |TAMS 0x000000008bc00000, 0x000000008bc00000| Untracked 
| 189|0x000000008bd00000, 0x000000008bd00000, 0x000000008be00000|  0%| F|  |TAMS 0x000000008bd00000, 0x000000008bd00000| Untracked 
| 190|0x000000008be00000, 0x000000008be00000, 0x000000008bf00000|  0%| F|  |TAMS 0x000000008be00000, 0x000000008be00000| Untracked 
| 191|0x000000008bf00000, 0x000000008bf00000, 0x000000008c000000|  0%| F|  |TAMS 0x000000008bf00000, 0x000000008bf00000| Untracked 
| 192|0x000000008c000000, 0x000000008c000000, 0x000000008c100000|  0%| F|  |TAMS 0x000000008c000000, 0x000000008c000000| Untracked 
| 193|0x000000008c100000, 0x000000008c100000, 0x000000008c200000|  0%| F|  |TAMS 0x000000008c100000, 0x000000008c100000| Untracked 
| 194|0x000000008c200000, 0x000000008c200000, 0x000000008c300000|  0%| F|  |TAMS 0x000000008c200000, 0x000000008c200000| Untracked 
| 195|0x000000008c300000, 0x000000008c300000, 0x000000008c400000|  0%| F|  |TAMS 0x000000008c300000, 0x000000008c300000| Untracked 
| 196|0x000000008c400000, 0x000000008c400000, 0x000000008c500000|  0%| F|  |TAMS 0x000000008c400000, 0x000000008c400000| Untracked 
| 197|0x000000008c500000, 0x000000008c500000, 0x000000008c600000|  0%| F|  |TAMS 0x000000008c500000, 0x000000008c500000| Untracked 
| 198|0x000000008c600000, 0x000000008c600000, 0x000000008c700000|  0%| F|  |TAMS 0x000000008c600000, 0x000000008c600000| Untracked 
| 199|0x000000008c700000, 0x000000008c700000, 0x000000008c800000|  0%| F|  |TAMS 0x000000008c700000, 0x000000008c700000| Untracked 
| 200|0x000000008c800000, 0x000000008c800000, 0x000000008c900000|  0%| F|  |TAMS 0x000000008c800000, 0x000000008c800000| Untracked 
| 201|0x000000008c900000, 0x000000008c900000, 0x000000008ca00000|  0%| F|  |TAMS 0x000000008c900000, 0x000000008c900000| Untracked 
| 202|0x000000008ca00000, 0x000000008ca00000, 0x000000008cb00000|  0%| F|  |TAMS 0x000000008ca00000, 0x000000008ca00000| Untracked 
| 203|0x000000008cb00000, 0x000000008cb00000, 0x000000008cc00000|  0%| F|  |TAMS 0x000000008cb00000, 0x000000008cb00000| Untracked 
| 204|0x000000008cc00000, 0x000000008cc00000, 0x000000008cd00000|  0%| F|  |TAMS 0x000000008cc00000, 0x000000008cc00000| Untracked 
| 205|0x000000008cd00000, 0x000000008cd00000, 0x000000008ce00000|  0%| F|  |TAMS 0x000000008cd00000, 0x000000008cd00000| Untracked 
| 206|0x000000008ce00000, 0x000000008ce00000, 0x000000008cf00000|  0%| F|  |TAMS 0x000000008ce00000, 0x000000008ce00000| Untracked 
| 207|0x000000008cf00000, 0x000000008cf00000, 0x000000008d000000|  0%| F|  |TAMS 0x000000008cf00000, 0x000000008cf00000| Untracked 
| 208|0x000000008d000000, 0x000000008d000000, 0x000000008d100000|  0%| F|  |TAMS 0x000000008d000000, 0x000000008d000000| Untracked 
| 209|0x000000008d100000, 0x000000008d100000, 0x000000008d200000|  0%| F|  |TAMS 0x000000008d100000, 0x000000008d100000| Untracked 
| 210|0x000000008d200000, 0x000000008d200000, 0x000000008d300000|  0%| F|  |TAMS 0x000000008d200000, 0x000000008d200000| Untracked 
| 211|0x000000008d300000, 0x000000008d300000, 0x000000008d400000|  0%| F|  |TAMS 0x000000008d300000, 0x000000008d300000| Untracked 
| 212|0x000000008d400000, 0x000000008d400000, 0x000000008d500000|  0%| F|  |TAMS 0x000000008d400000, 0x000000008d400000| Untracked 
| 213|0x000000008d500000, 0x000000008d500000, 0x000000008d600000|  0%| F|  |TAMS 0x000000008d500000, 0x000000008d500000| Untracked 
| 214|0x000000008d600000, 0x000000008d600000, 0x000000008d700000|  0%| F|  |TAMS 0x000000008d600000, 0x000000008d600000| Untracked 
| 215|0x000000008d700000, 0x000000008d700000, 0x000000008d800000|  0%| F|  |TAMS 0x000000008d700000, 0x000000008d700000| Untracked 
| 216|0x000000008d800000, 0x000000008d800000, 0x000000008d900000|  0%| F|  |TAMS 0x000000008d800000, 0x000000008d800000| Untracked 
| 217|0x000000008d900000, 0x000000008d900000, 0x000000008da00000|  0%| F|  |TAMS 0x000000008d900000, 0x000000008d900000| Untracked 
| 218|0x000000008da00000, 0x000000008da00000, 0x000000008db00000|  0%| F|  |TAMS 0x000000008da00000, 0x000000008da00000| Untracked 
| 219|0x000000008db00000, 0x000000008db00000, 0x000000008dc00000|  0%| F|  |TAMS 0x000000008db00000, 0x000000008db00000| Untracked 
| 220|0x000000008dc00000, 0x000000008dc00000, 0x000000008dd00000|  0%| F|  |TAMS 0x000000008dc00000, 0x000000008dc00000| Untracked 
| 221|0x000000008dd00000, 0x000000008dd00000, 0x000000008de00000|  0%| F|  |TAMS 0x000000008dd00000, 0x000000008dd00000| Untracked 
| 222|0x000000008de00000, 0x000000008de00000, 0x000000008df00000|  0%| F|  |TAMS 0x000000008de00000, 0x000000008de00000| Untracked 
| 223|0x000000008df00000, 0x000000008df00000, 0x000000008e000000|  0%| F|  |TAMS 0x000000008df00000, 0x000000008df00000| Untracked 
| 224|0x000000008e000000, 0x000000008e000000, 0x000000008e100000|  0%| F|  |TAMS 0x000000008e000000, 0x000000008e000000| Untracked 
| 225|0x000000008e100000, 0x000000008e100000, 0x000000008e200000|  0%| F|  |TAMS 0x000000008e100000, 0x000000008e100000| Untracked 
| 226|0x000000008e200000, 0x000000008e200000, 0x000000008e300000|  0%| F|  |TAMS 0x000000008e200000, 0x000000008e200000| Untracked 
| 227|0x000000008e300000, 0x000000008e300000, 0x000000008e400000|  0%| F|  |TAMS 0x000000008e300000, 0x000000008e300000| Untracked 
| 228|0x000000008e400000, 0x000000008e400000, 0x000000008e500000|  0%| F|  |TAMS 0x000000008e400000, 0x000000008e400000| Untracked 
| 229|0x000000008e500000, 0x000000008e500000, 0x000000008e600000|  0%| F|  |TAMS 0x000000008e500000, 0x000000008e500000| Untracked 
| 230|0x000000008e600000, 0x000000008e600000, 0x000000008e700000|  0%| F|  |TAMS 0x000000008e600000, 0x000000008e600000| Untracked 
| 231|0x000000008e700000, 0x000000008e700000, 0x000000008e800000|  0%| F|  |TAMS 0x000000008e700000, 0x000000008e700000| Untracked 
| 232|0x000000008e800000, 0x000000008e800000, 0x000000008e900000|  0%| F|  |TAMS 0x000000008e800000, 0x000000008e800000| Untracked 
| 233|0x000000008e900000, 0x000000008e900000, 0x000000008ea00000|  0%| F|  |TAMS 0x000000008e900000, 0x000000008e900000| Untracked 
| 234|0x000000008ea00000, 0x000000008ea00000, 0x000000008eb00000|  0%| F|  |TAMS 0x000000008ea00000, 0x000000008ea00000| Untracked 
| 235|0x000000008eb00000, 0x000000008eb00000, 0x000000008ec00000|  0%| F|  |TAMS 0x000000008eb00000, 0x000000008eb00000| Untracked 
| 236|0x000000008ec00000, 0x000000008ec00000, 0x000000008ed00000|  0%| F|  |TAMS 0x000000008ec00000, 0x000000008ec00000| Untracked 
| 237|0x000000008ed00000, 0x000000008ed00000, 0x000000008ee00000|  0%| F|  |TAMS 0x000000008ed00000, 0x000000008ed00000| Untracked 
| 238|0x000000008ee00000, 0x000000008ee00000, 0x000000008ef00000|  0%| F|  |TAMS 0x000000008ee00000, 0x000000008ee00000| Untracked 
| 239|0x000000008ef00000, 0x000000008ef00000, 0x000000008f000000|  0%| F|  |TAMS 0x000000008ef00000, 0x000000008ef00000| Untracked 
| 240|0x000000008f000000, 0x000000008f000000, 0x000000008f100000|  0%| F|  |TAMS 0x000000008f000000, 0x000000008f000000| Untracked 
| 241|0x000000008f100000, 0x000000008f100000, 0x000000008f200000|  0%| F|  |TAMS 0x000000008f100000, 0x000000008f100000| Untracked 
| 242|0x000000008f200000, 0x000000008f200000, 0x000000008f300000|  0%| F|  |TAMS 0x000000008f200000, 0x000000008f200000| Untracked 
| 243|0x000000008f300000, 0x000000008f300000, 0x000000008f400000|  0%| F|  |TAMS 0x000000008f300000, 0x000000008f300000| Untracked 
| 244|0x000000008f400000, 0x000000008f400000, 0x000000008f500000|  0%| F|  |TAMS 0x000000008f400000, 0x000000008f400000| Untracked 
| 245|0x000000008f500000, 0x000000008f500000, 0x000000008f600000|  0%| F|  |TAMS 0x000000008f500000, 0x000000008f500000| Untracked 
| 246|0x000000008f600000, 0x000000008f600000, 0x000000008f700000|  0%| F|  |TAMS 0x000000008f600000, 0x000000008f600000| Untracked 
| 247|0x000000008f700000, 0x000000008f700000, 0x000000008f800000|  0%| F|  |TAMS 0x000000008f700000, 0x000000008f700000| Untracked 
| 248|0x000000008f800000, 0x000000008f8f8470, 0x000000008f900000| 96%| E|  |TAMS 0x000000008f800000, 0x000000008f800000| Complete 
| 249|0x000000008f900000, 0x000000008fa00000, 0x000000008fa00000|100%| E|CS|TAMS 0x000000008f900000, 0x000000008f900000| Complete 
| 250|0x000000008fa00000, 0x000000008fb00000, 0x000000008fb00000|100%| E|CS|TAMS 0x000000008fa00000, 0x000000008fa00000| Complete 
| 251|0x000000008fb00000, 0x000000008fc00000, 0x000000008fc00000|100%| E|CS|TAMS 0x000000008fb00000, 0x000000008fb00000| Complete 

Card table byte_map: [0x00000249fa420000,0x00000249fa820000] _byte_map_base: 0x00000249fa020000

Marking Bits (Prev, Next): (CMBitMap*) 0x00000249e7299708, (CMBitMap*) 0x00000249e7299740
 Prev Bits: [0x00000249fac20000, 0x00000249fcc20000)
 Next Bits: [0x00000249fcc20000, 0x00000249fec20000)

Polling page: 0x00000249e69b0000

Metaspace:

Usage:
  Non-class:     94.60 MB capacity,    93.05 MB ( 98%) used,     1.21 MB (  1%) free+waste,   349.00 KB ( <1%) overhead. 
      Class:     14.69 MB capacity,    13.61 MB ( 93%) used,   947.85 KB (  6%) free+waste,   158.13 KB (  1%) overhead. 
       Both:    109.29 MB capacity,   106.65 MB ( 98%) used,     2.14 MB (  2%) free+waste,   507.13 KB ( <1%) overhead. 

Virtual space:
  Non-class space:       98.00 MB reserved,      94.66 MB ( 97%) committed 
      Class space:        1.00 GB reserved,      14.75 MB (  1%) committed 
             Both:        1.10 GB reserved,     109.41 MB ( 10%) committed 

Chunk freelists:
   Non-Class:  65.00 KB
       Class:  0 bytes
        Both:  65.00 KB

MaxMetaspaceSize: 17179869184.00 GB
CompressedClassSpaceSize: 1.00 GB
Initial GC threshold: 20.80 MB
Current GC threshold: 109.74 MB
CDS: off

CodeHeap 'non-profiled nmethods': size=120000Kb used=11994Kb max_used=11994Kb free=108005Kb
 bounds [0x00000249f27c0000, 0x00000249f3380000, 0x00000249f9cf0000]
CodeHeap 'profiled nmethods': size=120000Kb used=32901Kb max_used=32901Kb free=87098Kb
 bounds [0x00000249eb290000, 0x00000249ed2c0000, 0x00000249f27c0000]
CodeHeap 'non-nmethods': size=5760Kb used=2462Kb max_used=2483Kb free=3297Kb
 bounds [0x00000249eacf0000, 0x00000249eaf70000, 0x00000249eb290000]
 total_blobs=15788 nmethods=14796 adapters=904
 compilation: enabled
              stopped_count=0, restarted_count=0
 full_count=0

Compilation events (20 events):
Event: 43.430 Thread 0x0000024982170800 15573       3       java.util.Properties::<init> (32 bytes)
Event: 43.431 Thread 0x0000024982170800 nmethod 15573 0x00000249ed2aaf90 code [0x00000249ed2ab1a0, 0x00000249ed2ab5c8]
Event: 43.433 Thread 0x0000024982170800 15575       3       org.gradle.internal.classpath.Instrumented::convertToString (22 bytes)
Event: 43.433 Thread 0x0000024982170800 nmethod 15575 0x00000249ed2ab790 code [0x00000249ed2ab960, 0x00000249ed2abe28]
Event: 43.434 Thread 0x0000024982170800 15576       3       org.gradle.internal.classpath.AccessTrackingProperties$$Lambda$1482/0x0000000100ea4840::accept (10 bytes)
Event: 43.434 Thread 0x0000024982170800 nmethod 15576 0x00000249ed2abf10 code [0x00000249ed2ac0c0, 0x00000249ed2ac1e8]
Event: 43.434 Thread 0x0000024982170800 15579       3       org.gradle.internal.classpath.Instrumented$$Lambda$1468/0x0000000100ea0840::accept (16 bytes)
Event: 43.434 Thread 0x0000024982170800 nmethod 15579 0x00000249ed2ac310 code [0x00000249ed2ac540, 0x00000249ed2acf08]
Event: 43.434 Thread 0x0000024982170800 15577       3       org.gradle.internal.classpath.AccessTrackingProperties::reportKeyAndValue (36 bytes)
Event: 43.434 Thread 0x0000024982170800 nmethod 15577 0x00000249ed2ad190 code [0x00000249ed2ad380, 0x00000249ed2ad988]
Event: 43.434 Thread 0x0000024982170800 15578       3       com.android.tools.r8.internal.bi$a$$Lambda$1478/0x0000000100ea3840::accept (12 bytes)
Event: 43.435 Thread 0x0000024982170800 nmethod 15578 0x00000249ed2ada90 code [0x00000249ed2adce0, 0x00000249ed2ae538]
Event: 43.435 Thread 0x0000024982170800 15580       3       org.gradle.internal.classpath.Instrumented::lambda$systemProperties$0 (13 bytes)
Event: 43.435 Thread 0x0000024982170800 nmethod 15580 0x00000249ed2ae890 code [0x00000249ed2aeaa0, 0x00000249ed2af228]
Event: 43.435 Thread 0x0000024982170800 15581       3       com.android.tools.r8.internal.bi$a::a (27 bytes)
Event: 43.436 Thread 0x0000024982170800 nmethod 15581 0x00000249ed2af490 code [0x00000249ed2af760, 0x00000249ed2b0528]
Event: 43.445 Thread 0x0000024982170800 15582       1       com.android.tools.r8.ProgramResource$ByteResource::getKind (5 bytes)
Event: 43.445 Thread 0x0000024982170800 nmethod 15582 0x00000249f3376290 code [0x00000249f3376440, 0x00000249f33764f8]
Event: 43.453 Thread 0x0000024982170800 15583   !   3       com.google.common.collect.MapMakerInternalMap$Segment::get (58 bytes)
Event: 43.454 Thread 0x0000024982170800 nmethod 15583 0x00000249ed2b0a90 code [0x00000249ed2b0d60, 0x00000249ed2b2048]

GC Heap History (20 events):
Event: 19.443 GC heap before
{Heap before GC invocations=18 (full 0):
 garbage-first heap   total 258048K, used 210580K [0x0000000080000000, 0x0000000100000000)
  region size 1024K, 149 young (152576K), 10 survivors (10240K)
 Metaspace       used 80202K, capacity 81988K, committed 82256K, reserved 1120256K
  class space    used 10299K, capacity 10981K, committed 11008K, reserved 1048576K
}
Event: 19.455 GC heap after
{Heap after GC invocations=19 (full 0):
 garbage-first heap   total 258048K, used 73602K [0x0000000080000000, 0x0000000100000000)
  region size 1024K, 16 young (16384K), 16 survivors (16384K)
 Metaspace       used 80202K, capacity 81988K, committed 82256K, reserved 1120256K
  class space    used 10299K, capacity 10981K, committed 11008K, reserved 1048576K
}
Event: 20.491 GC heap before
{Heap before GC invocations=19 (full 0):
 garbage-first heap   total 258048K, used 211842K [0x0000000080000000, 0x0000000100000000)
  region size 1024K, 151 young (154624K), 16 survivors (16384K)
 Metaspace       used 86287K, capacity 88259K, committed 88400K, reserved 1126400K
  class space    used 11223K, capacity 11987K, committed 12032K, reserved 1048576K
}
Event: 20.506 GC heap after
{Heap after GC invocations=20 (full 0):
 garbage-first heap   total 258048K, used 78675K [0x0000000080000000, 0x0000000100000000)
  region size 1024K, 15 young (15360K), 15 survivors (15360K)
 Metaspace       used 86287K, capacity 88259K, committed 88400K, reserved 1126400K
  class space    used 11223K, capacity 11987K, committed 12032K, reserved 1048576K
}
Event: 22.293 GC heap before
{Heap before GC invocations=20 (full 0):
 garbage-first heap   total 258048K, used 214867K [0x0000000080000000, 0x0000000100000000)
  region size 1024K, 146 young (149504K), 15 survivors (15360K)
 Metaspace       used 89160K, capacity 91377K, committed 91728K, reserved 1128448K
  class space    used 11509K, capacity 12430K, committed 12544K, reserved 1048576K
}
Event: 22.313 GC heap after
{Heap after GC invocations=21 (full 0):
 garbage-first heap   total 258048K, used 93513K [0x0000000080000000, 0x0000000100000000)
  region size 1024K, 18 young (18432K), 18 survivors (18432K)
 Metaspace       used 89160K, capacity 91377K, committed 91728K, reserved 1128448K
  class space    used 11509K, capacity 12430K, committed 12544K, reserved 1048576K
}
Event: 23.464 GC heap before
{Heap before GC invocations=21 (full 0):
 garbage-first heap   total 258048K, used 225609K [0x0000000080000000, 0x0000000100000000)
  region size 1024K, 131 young (134144K), 18 survivors (18432K)
 Metaspace       used 92863K, capacity 95103K, committed 95440K, reserved 1132544K
  class space    used 11903K, capacity 12822K, committed 12928K, reserved 1048576K
}
Event: 23.475 GC heap after
{Heap after GC invocations=22 (full 0):
 garbage-first heap   total 258048K, used 87805K [0x0000000080000000, 0x0000000100000000)
  region size 1024K, 3 young (3072K), 3 survivors (3072K)
 Metaspace       used 92863K, capacity 95103K, committed 95440K, reserved 1132544K
  class space    used 11903K, capacity 12822K, committed 12928K, reserved 1048576K
}
Event: 24.768 GC heap before
{Heap before GC invocations=22 (full 0):
 garbage-first heap   total 258048K, used 210685K [0x0000000080000000, 0x0000000100000000)
  region size 1024K, 123 young (125952K), 3 survivors (3072K)
 Metaspace       used 96200K, capacity 98504K, committed 98640K, reserved 1134592K
  class space    used 12303K, capacity 13223K, committed 13312K, reserved 1048576K
}
Event: 24.774 GC heap after
{Heap after GC invocations=23 (full 0):
 garbage-first heap   total 258048K, used 88636K [0x0000000080000000, 0x0000000100000000)
  region size 1024K, 4 young (4096K), 4 survivors (4096K)
 Metaspace       used 96200K, capacity 98504K, committed 98640K, reserved 1134592K
  class space    used 12303K, capacity 13223K, committed 13312K, reserved 1048576K
}
Event: 25.778 GC heap before
{Heap before GC invocations=23 (full 0):
 garbage-first heap   total 258048K, used 212540K [0x0000000080000000, 0x0000000100000000)
  region size 1024K, 126 young (129024K), 4 survivors (4096K)
 Metaspace       used 98517K, capacity 100827K, committed 100944K, reserved 1136640K
  class space    used 12557K, capacity 13453K, committed 13568K, reserved 1048576K
}
Event: 25.787 GC heap after
{Heap after GC invocations=24 (full 0):
 garbage-first heap   total 258048K, used 93669K [0x0000000080000000, 0x0000000100000000)
  region size 1024K, 9 young (9216K), 9 survivors (9216K)
 Metaspace       used 98517K, capacity 100827K, committed 100944K, reserved 1136640K
  class space    used 12557K, capacity 13453K, committed 13568K, reserved 1048576K
}
Event: 29.724 GC heap before
{Heap before GC invocations=24 (full 0):
 garbage-first heap   total 258048K, used 212453K [0x0000000080000000, 0x0000000100000000)
  region size 1024K, 126 young (129024K), 9 survivors (9216K)
 Metaspace       used 99711K, capacity 102074K, committed 102352K, reserved 1138688K
  class space    used 12664K, capacity 13586K, committed 13696K, reserved 1048576K
}
Event: 29.737 GC heap after
{Heap after GC invocations=25 (full 0):
 garbage-first heap   total 258048K, used 103564K [0x0000000080000000, 0x0000000100000000)
  region size 1024K, 16 young (16384K), 16 survivors (16384K)
 Metaspace       used 99711K, capacity 102074K, committed 102352K, reserved 1138688K
  class space    used 12664K, capacity 13586K, committed 13696K, reserved 1048576K
}
Event: 31.121 GC heap before
{Heap before GC invocations=25 (full 0):
 garbage-first heap   total 258048K, used 210060K [0x0000000080000000, 0x0000000100000000)
  region size 1024K, 121 young (123904K), 16 survivors (16384K)
 Metaspace       used 102575K, capacity 104887K, committed 105168K, reserved 1140736K
  class space    used 13004K, capacity 13924K, committed 13952K, reserved 1048576K
}
Event: 31.130 GC heap after
{Heap after GC invocations=26 (full 0):
 garbage-first heap   total 258048K, used 107352K [0x0000000080000000, 0x0000000100000000)
  region size 1024K, 6 young (6144K), 6 survivors (6144K)
 Metaspace       used 102575K, capacity 104887K, committed 105168K, reserved 1140736K
  class space    used 13004K, capacity 13924K, committed 13952K, reserved 1048576K
}
Event: 42.823 GC heap before
{Heap before GC invocations=26 (full 0):
 garbage-first heap   total 258048K, used 210776K [0x0000000080000000, 0x0000000100000000)
  region size 1024K, 108 young (110592K), 6 survivors (6144K)
 Metaspace       used 105926K, capacity 108453K, committed 108624K, reserved 1142784K
  class space    used 13477K, capacity 14498K, committed 14592K, reserved 1048576K
}
Event: 42.832 GC heap after
{Heap after GC invocations=27 (full 0):
 garbage-first heap   total 258048K, used 111259K [0x0000000080000000, 0x0000000100000000)
  region size 1024K, 10 young (10240K), 10 survivors (10240K)
 Metaspace       used 105926K, capacity 108453K, committed 108624K, reserved 1142784K
  class space    used 13477K, capacity 14498K, committed 14592K, reserved 1048576K
}
Event: 43.409 GC heap before
{Heap before GC invocations=27 (full 0):
 garbage-first heap   total 258048K, used 198299K [0x0000000080000000, 0x0000000100000000)
  region size 1024K, 95 young (97280K), 10 survivors (10240K)
 Metaspace       used 108953K, capacity 111669K, committed 111708K, reserved 1146880K
  class space    used 13893K, capacity 14976K, committed 14976K, reserved 1048576K
}
Event: 43.429 GC heap after
{Heap after GC invocations=28 (full 0):
 garbage-first heap   total 258048K, used 116504K [0x0000000080000000, 0x0000000100000000)
  region size 1024K, 11 young (11264K), 11 survivors (11264K)
 Metaspace       used 108953K, capacity 111669K, committed 111708K, reserved 1146880K
  class space    used 13893K, capacity 14976K, committed 14976K, reserved 1048576K
}

Deoptimization events (20 events):
Event: 43.354 Thread 0x000002498bc88000 Uncommon trap: trap_request=0xffffff4d fr.pc=0x00000249f2988cc8 relative=0x0000000000000328
Event: 43.354 Thread 0x000002498bc8e000 DEOPT PACKING pc=0x00000249f2988cc8 sp=0x0000007081dfd5b0
Event: 43.354 Thread 0x000002498bc8b800 Uncommon trap: trap_request=0xffffff4d fr.pc=0x00000249f2996b2c relative=0x000000000000038c
Event: 43.354 Thread 0x000002498bc8e000 DEOPT UNPACKING pc=0x00000249eacf85af sp=0x0000007081dfd3e8 mode 2
Event: 43.354 Thread 0x000002498bc8e800 DEOPT PACKING pc=0x00000249f2988cc8 sp=0x00000070820fd460
Event: 43.354 Thread 0x000002498bc8e800 DEOPT UNPACKING pc=0x00000249eacf85af sp=0x00000070820fd298 mode 2
Event: 43.354 Thread 0x000002498bc88000 Uncommon trap: reason=unstable_if action=reinterpret pc=0x00000249f2988cc8 method=java.util.stream.StreamOpFlag.getMask(I)I @ 1 c2
Event: 43.354 Thread 0x000002498bc8b800 Uncommon trap: reason=unstable_if action=reinterpret pc=0x00000249f2996b2c method=java.util.stream.StreamOpFlag.getMask(I)I @ 1 c2
Event: 43.354 Thread 0x000002498bc88000 DEOPT PACKING pc=0x00000249f2988cc8 sp=0x0000007081ffceb0
Event: 43.354 Thread 0x000002498bc8b800 DEOPT PACKING pc=0x00000249f2996b2c sp=0x0000007081afcfc0
Event: 43.354 Thread 0x000002498bc88000 DEOPT UNPACKING pc=0x00000249eacf85af sp=0x0000007081ffcce8 mode 2
Event: 43.354 Thread 0x000002498bc8b800 DEOPT UNPACKING pc=0x00000249eacf85af sp=0x0000007081afceb0 mode 2
Event: 43.368 Thread 0x000002498bc8e000 Uncommon trap: trap_request=0xffffff4d fr.pc=0x00000249f280b438 relative=0x0000000000002a18
Event: 43.368 Thread 0x000002498bc8e000 Uncommon trap: reason=unstable_if action=reinterpret pc=0x00000249f280b438 method=com.android.tools.tracer.agent.objectweb.asm.SymbolTable.addConstantNameAndType(Ljava/lang/String;Ljava/lang/String;)I @ 54 c2
Event: 43.368 Thread 0x000002498bc8e000 DEOPT PACKING pc=0x00000249f280b438 sp=0x0000007081dfa030
Event: 43.368 Thread 0x000002498bc8e000 DEOPT UNPACKING pc=0x00000249eacf85af sp=0x0000007081df9f98 mode 2
Event: 43.406 Thread 0x000002498bc8e000 Uncommon trap: trap_request=0xffffff4d fr.pc=0x00000249f2fb7f60 relative=0x0000000000000200
Event: 43.406 Thread 0x000002498bc8e000 Uncommon trap: reason=unstable_if action=reinterpret pc=0x00000249f2fb7f60 method=com.google.common.collect.MapMakerInternalMap$Segment.getEntry(Ljava/lang/Object;I)Lcom/google/common/collect/MapMakerInternalMap$InternalEntry; @ 63 c2
Event: 43.406 Thread 0x000002498bc8e000 DEOPT PACKING pc=0x00000249f2fb7f60 sp=0x0000007081dfcd40
Event: 43.406 Thread 0x000002498bc8e000 DEOPT UNPACKING pc=0x00000249eacf85af sp=0x0000007081dfccf8 mode 2

Classes redefined (0 events):
No events

Internal exceptions (20 events):
Event: 32.275 Thread 0x000002498bc8b800 Exception <a 'java/lang/NoSuchMethodError'{0x000000008d6fc6d8}: 'java.lang.Object java.lang.invoke.DirectMethodHandle$Holder.invokeStatic(java.lang.Object, java.lang.Object, java.lang.Object, java.lang.Object, java.lang.Object, java.lang.Object, java.lang.Object, java.lang.Object, int, int, java.lang.Object, java.lang.Object)'> (0x000000008d6fc6d8) thrown at [./src/hotspot/share/interpreter/linkResolver.cpp, line 773]
Event: 32.283 Thread 0x000002498bc8b800 Exception <a 'java/lang/NoSuchMethodError'{0x000000008d58d010}: <clinit>> (0x000000008d58d010) thrown at [./src/hotspot/share/prims/jni.cpp, line 1366]
Event: 32.286 Thread 0x000002498bc8b800 Exception <a 'java/lang/NoSuchMethodError'{0x000000008d5c0410}: <clinit>> (0x000000008d5c0410) thrown at [./src/hotspot/share/prims/jni.cpp, line 1366]
Event: 32.297 Thread 0x0000024987fa3000 Exception <a 'java/lang/InterruptedException'{0x000000008d5d9e20}> (0x000000008d5d9e20) thrown at [./src/hotspot/share/runtime/objectMonitor.cpp, line 1635]
Event: 32.297 Thread 0x0000024987fa3000 Exception <a 'java/lang/NoSuchMethodError'{0x000000008d5e5328}: 'java.lang.Object java.lang.invoke.DirectMethodHandle$Holder.invokeStatic(java.lang.Object, java.lang.Object, int, java.lang.Object, long)'> (0x000000008d5e5328) thrown at [./src/hotspot/share/interpreter/linkResolver.cpp, line 773]
Event: 32.316 Thread 0x000002498bc8b800 Exception <a 'java/lang/NoSuchMethodError'{0x000000008d3424c0}: <clinit>> (0x000000008d3424c0) thrown at [./src/hotspot/share/prims/jni.cpp, line 1366]
Event: 32.316 Thread 0x000002498bc8b800 Exception <a 'java/lang/NoSuchMethodError'{0x000000008d352b08}: <clinit>> (0x000000008d352b08) thrown at [./src/hotspot/share/prims/jni.cpp, line 1366]
Event: 32.317 Thread 0x000002498bc8b800 Exception <a 'java/lang/NoSuchMethodError'{0x000000008d3640a8}: <clinit>> (0x000000008d3640a8) thrown at [./src/hotspot/share/prims/jni.cpp, line 1366]
Event: 32.324 Thread 0x000002498bc8b800 Exception <a 'java/lang/NoSuchMethodError'{0x000000008d38d100}: <clinit>> (0x000000008d38d100) thrown at [./src/hotspot/share/prims/jni.cpp, line 1366]
Event: 32.349 Thread 0x000002498bc8b800 Exception <a 'java/lang/NoSuchMethodError'{0x000000008d0a0750}: <clinit>> (0x000000008d0a0750) thrown at [./src/hotspot/share/prims/jni.cpp, line 1366]
Event: 32.450 Thread 0x0000024987fa5800 Exception <a 'java/lang/NoSuchMethodError'{0x000000008cecccf8}: 'java.lang.Object java.lang.invoke.DirectMethodHandle$Holder.invokeStatic(java.lang.Object, java.lang.Object, java.lang.Object, java.lang.Object, java.lang.Object, java.lang.Object, java.lang.Object, java.lang.Object, java.lang.Object, java.lang.Object, java.lang.Object, java.lang.Object, java.lang.Object, int)'> (0x000000008cecccf8) thrown at [./src/hotspot/share/interpreter/linkResolver.cpp, line 773]
Event: 32.454 Thread 0x0000024987fa5800 Exception <a 'java/lang/NoSuchMethodError'{0x000000008cee9df8}: 'java.lang.Object java.lang.invoke.DirectMethodHandle$Holder.invokeStatic(java.lang.Object, java.lang.Object, java.lang.Object, java.lang.Object, java.lang.Object, java.lang.Object, java.lang.Object, java.lang.Object, java.lang.Object, java.lang.Object, java.lang.Object, java.lang.Object, java.lang.Object, int, int)'> (0x000000008cee9df8) thrown at [./src/hotspot/share/interpreter/linkResolver.cpp, line 773]
Event: 42.964 Thread 0x0000024986b56800 Exception <a 'java/lang/NoSuchMethodError'{0x000000008eb64ac0}: <clinit>> (0x000000008eb64ac0) thrown at [./src/hotspot/share/prims/jni.cpp, line 1366]
Event: 43.141 Thread 0x00000249863d1000 Exception <a 'sun/nio/fs/WindowsException'{0x000000008d420918}> (0x000000008d420918) thrown at [./src/hotspot/share/prims/jni.cpp, line 616]
Event: 43.155 Thread 0x00000249863d1000 Exception <a 'java/lang/NoSuchMethodError'{0x000000008d35a2c8}: <clinit>> (0x000000008d35a2c8) thrown at [./src/hotspot/share/prims/jni.cpp, line 1366]
Event: 43.302 Thread 0x000002498bc8b800 Exception <a 'java/lang/NoSuchMethodError'{0x000000008b7f4808}: 'java.lang.Object java.lang.invoke.DirectMethodHandle$Holder.newInvokeSpecial(java.lang.Object, int)'> (0x000000008b7f4808) thrown at [./src/hotspot/share/interpreter/linkResolver.cpp, line 773]
Event: 43.302 Thread 0x000002498bc8e800 Exception <a 'java/lang/NoSuchMethodError'{0x000000008b7be340}: 'java.lang.Object java.lang.invoke.DirectMethodHandle$Holder.newInvokeSpecial(java.lang.Object, int)'> (0x000000008b7be340) thrown at [./src/hotspot/share/interpreter/linkResolver.cpp, line 773]
Event: 43.302 Thread 0x000002498bc88000 Exception <a 'java/lang/NoSuchMethodError'{0x000000008b6070b0}: 'java.lang.Object java.lang.invoke.DirectMethodHandle$Holder.newInvokeSpecial(java.lang.Object, int)'> (0x000000008b6070b0) thrown at [./src/hotspot/share/interpreter/linkResolver.cpp, line 773]
Event: 43.302 Thread 0x000002498bc8e000 Exception <a 'java/lang/NoSuchMethodError'{0x000000008b7ecb40}: 'java.lang.Object java.lang.invoke.DirectMethodHandle$Holder.newInvokeSpecial(java.lang.Object, int)'> (0x000000008b7ecb40) thrown at [./src/hotspot/share/interpreter/linkResolver.cpp, line 773]
Event: 43.455 Thread 0x000002498bc88000 Exception <a 'java/lang/NoSuchMethodError'{0x000000008f8dc448}: 'java.lang.Object java.lang.invoke.DirectMethodHandle$Holder.invokeStaticInit(java.lang.Object, java.lang.Object, java.lang.Object, java.lang.Object, java.lang.Object, java.lang.Object, java.lang.Object, java.lang.Object, java.lang.Object, java.lang.Object, java.lang.Object, java.lang.Object, java.lang.Object, java.lang.Object, java.lang.Object, java.lang.Object, java.lang.Object, java.lang.Object, int, java.lang.Object, java.lang.Object)'> (0

Events (20 events):
Event: 43.454 loading class com/android/tools/r8/graph/W0$a done
Event: 43.454 loading class com/android/tools/r8/synthesis/u
Event: 43.454 loading class com/android/tools/r8/synthesis/u done
Event: 43.455 loading class com/android/tools/r8/graph/b1
Event: 43.455 loading class com/android/tools/r8/graph/b1 done
Event: 43.455 loading class com/android/tools/r8/graph/b1
Event: 43.455 loading class com/android/tools/r8/graph/b1 done
Event: 43.455 loading class com/android/tools/r8/graph/q
Event: 43.455 loading class com/android/tools/r8/graph/q done
Event: 43.455 loading class com/android/tools/r8/graph/q
Event: 43.455 loading class com/android/tools/r8/graph/q done
Event: 43.456 loading class com/android/tools/r8/graph/I
Event: 43.456 loading class com/android/tools/r8/graph/I done
Event: 43.456 loading class com/android/tools/r8/graph/b1
Event: 43.456 loading class com/android/tools/r8/graph/b1 done
Event: 43.456 loading class com/android/tools/r8/graph/b1
Event: 43.456 loading class com/android/tools/r8/graph/b1 done
Event: 43.456 loading class com/android/tools/r8/graph/q
Event: 43.456 loading class com/android/tools/r8/graph/q done
Event: 43.457 Executing VM operation: CollectForMetadataAllocation


Dynamic libraries:
0x00007ff6a8c00000 - 0x00007ff6a8c0a000 	C:\Program Files\Android\Android Studio\jre\bin\java.exe
0x00007ffa31f90000 - 0x00007ffa32188000 	C:\Windows\SYSTEM32\ntdll.dll
0x00007ffa31530000 - 0x00007ffa315ed000 	C:\Windows\System32\KERNEL32.DLL
0x00007ffa2f910000 - 0x00007ffa2fbde000 	C:\Windows\System32\KERNELBASE.dll
0x00007ffa2f6b0000 - 0x00007ffa2f7b0000 	C:\Windows\System32\ucrtbase.dll
0x00007ffa2a0c0000 - 0x00007ffa2a0d9000 	C:\Program Files\Android\Android Studio\jre\bin\jli.dll
0x00007ffa2c890000 - 0x00007ffa2c8a7000 	C:\Program Files\Android\Android Studio\jre\bin\VCRUNTIME140.dll
0x00007ffa30050000 - 0x00007ffa301f0000 	C:\Windows\System32\USER32.dll
0x00007ffa2f7b0000 - 0x00007ffa2f7d2000 	C:\Windows\System32\win32u.dll
0x00007ffa31f20000 - 0x00007ffa31f4a000 	C:\Windows\System32\GDI32.dll
0x00007ffa2fd40000 - 0x00007ffa2fe4b000 	C:\Windows\System32\gdi32full.dll
0x00007ffa10420000 - 0x00007ffa106ba000 	C:\Windows\WinSxS\amd64_microsoft.windows.common-controls_6595b64144ccf1df_6.0.19041.1110_none_60b5254171f9507e\COMCTL32.dll
0x00007ffa2f7e0000 - 0x00007ffa2f87d000 	C:\Windows\System32\msvcp_win.dll
0x00007ffa30200000 - 0x00007ffa3029e000 	C:\Windows\System32\msvcrt.dll
0x00007ffa31be0000 - 0x00007ffa31c10000 	C:\Windows\System32\IMM32.DLL
0x00007ffa17cd0000 - 0x00007ffa17ed2000 	C:\Windows\system32\tmumh\20019\AddOn\8.53.0.1128\TmUmEvt64.dll
0x00007ffa301f0000 - 0x00007ffa301f8000 	C:\Windows\System32\PSAPI.DLL
0x00007ffa315f0000 - 0x00007ffa3169e000 	C:\Windows\System32\ADVAPI32.dll
0x00007ffa31b40000 - 0x00007ffa31bdc000 	C:\Windows\System32\sechost.dll
0x00007ffa302a0000 - 0x00007ffa303c5000 	C:\Windows\System32\RPCRT4.dll
0x000000006c920000 - 0x000000006ca90000 	C:\Windows\system32\tmumh\20019\TmMon\2.8.0.1054\tmmon64.dll
0x00007ff9fc5e0000 - 0x00007ff9fc67d000 	C:\Program Files\Android\Android Studio\jre\bin\msvcp140.dll
0x00007ff9cf940000 - 0x00007ff9d0442000 	C:\Program Files\Android\Android Studio\jre\bin\server\jvm.dll
0x00007ffa12d50000 - 0x00007ffa12d59000 	C:\Windows\SYSTEM32\WSOCK32.dll
0x00007ffa31a60000 - 0x00007ffa31acb000 	C:\Windows\System32\WS2_32.dll
0x00007ffa124b0000 - 0x00007ffa124d7000 	C:\Windows\SYSTEM32\WINMM.dll
0x00007ffa230b0000 - 0x00007ffa230ba000 	C:\Windows\SYSTEM32\VERSION.dll
0x00007ffa2e050000 - 0x00007ffa2e062000 	C:\Windows\SYSTEM32\kernel.appcore.dll
0x00007ffa2c940000 - 0x00007ffa2c951000 	C:\Program Files\Android\Android Studio\jre\bin\verify.dll
0x00007ffa2d460000 - 0x00007ffa2d644000 	C:\Windows\SYSTEM32\DBGHELP.DLL
0x00007ffa12770000 - 0x00007ffa1279c000 	C:\Windows\SYSTEM32\dbgcore.DLL
0x00007ffa2f880000 - 0x00007ffa2f902000 	C:\Windows\System32\bcryptPrimitives.dll
0x00007ffa2a0e0000 - 0x00007ffa2a109000 	C:\Program Files\Android\Android Studio\jre\bin\java.dll
0x00007ffa2c930000 - 0x00007ffa2c93b000 	C:\Program Files\Android\Android Studio\jre\bin\jimage.dll
0x00007ffa2a130000 - 0x00007ffa2a13f000 	C:\Program Files\Android\Android Studio\jre\bin\instrument.dll
0x00007ffa2a0a0000 - 0x00007ffa2a0b8000 	C:\Program Files\Android\Android Studio\jre\bin\zip.dll
0x00007ffa308a0000 - 0x00007ffa30fe4000 	C:\Windows\System32\SHELL32.dll
0x00007ffa2d870000 - 0x00007ffa2e004000 	C:\Windows\SYSTEM32\windows.storage.dll
0x00007ffa311d0000 - 0x00007ffa31524000 	C:\Windows\System32\combase.dll
0x00007ffa2efc0000 - 0x00007ffa2eff0000 	C:\Windows\SYSTEM32\Wldp.dll
0x00007ffa31120000 - 0x00007ffa311cd000 	C:\Windows\System32\SHCORE.dll
0x00007ffa303d0000 - 0x00007ffa30425000 	C:\Windows\System32\shlwapi.dll
0x00007ffa2f5f0000 - 0x00007ffa2f60f000 	C:\Windows\SYSTEM32\profapi.dll
0x00007ffa2a070000 - 0x00007ffa2a07a000 	C:\Program Files\Android\Android Studio\jre\bin\management.dll
0x00007ffa16470000 - 0x00007ffa1647d000 	C:\Program Files\Android\Android Studio\jre\bin\management_ext.dll
0x00007ffa2a080000 - 0x00007ffa2a09a000 	C:\Program Files\Android\Android Studio\jre\bin\net.dll
0x00007ffa28d10000 - 0x00007ffa28e1a000 	C:\Windows\SYSTEM32\WINHTTP.dll
0x00007ffa2eda0000 - 0x00007ffa2ee0a000 	C:\Windows\system32\mswsock.dll
0x00007ffa16530000 - 0x00007ffa16544000 	C:\Program Files\Android\Android Studio\jre\bin\nio.dll
0x00007ff9fc130000 - 0x00007ff9fc147000 	C:\Windows\system32\napinsp.dll
0x00007ff9fc110000 - 0x00007ff9fc12b000 	C:\Windows\system32\pnrpnsp.dll
0x00007ff9fc0f0000 - 0x00007ff9fc105000 	C:\Windows\system32\wshbth.dll
0x00007ffa29fd0000 - 0x00007ffa29fed000 	C:\Windows\system32\NLAapi.dll
0x00007ffa2eab0000 - 0x00007ffa2eaeb000 	C:\Windows\SYSTEM32\IPHLPAPI.DLL
0x00007ffa2eaf0000 - 0x00007ffa2ebba000 	C:\Windows\SYSTEM32\DNSAPI.dll
0x00007ffa31ad0000 - 0x00007ffa31ad8000 	C:\Windows\System32\NSI.dll
0x00007ff9fc0d0000 - 0x00007ff9fc0e2000 	C:\Windows\System32\winrnr.dll
0x00007ffa26400000 - 0x00007ffa2640a000 	C:\Windows\System32\rasadhlp.dll
0x00007ffa27c50000 - 0x00007ffa27cd0000 	C:\Windows\System32\fwpuclnt.dll
0x00007ffa2ff50000 - 0x00007ffa2ff77000 	C:\Windows\System32\bcrypt.dll
0x00007ffa0b6f0000 - 0x00007ffa0b717000 	C:\Users\vyg0615\.gradle\native\e1d6ef7f7dcc3fd88c89a11ec53ec762bb8ba0a96d01ffa2cd45eb1d1d8dd5c5\windows-amd64\native-platform.dll
0x00007ff9fb790000 - 0x00007ff9fb8d4000 	C:\Users\vyg0615\.gradle\native\0d407fdbe67a94daf76414ababcb853783967236a71b16ec16e742cd7a986fd3\windows-amd64\native-platform-file-events.dll
0x00007ffa2f070000 - 0x00007ffa2f088000 	C:\Windows\SYSTEM32\CRYPTSP.dll
0x00007ffa2e6e0000 - 0x00007ffa2e714000 	C:\Windows\system32\rsaenh.dll
0x00007ffa2f570000 - 0x00007ffa2f59e000 	C:\Windows\SYSTEM32\USERENV.dll
0x00007ffa2ef30000 - 0x00007ffa2ef3c000 	C:\Windows\SYSTEM32\CRYPTBASE.dll
0x00007ffa279b0000 - 0x00007ffa279c7000 	C:\Windows\SYSTEM32\dhcpcsvc6.DLL
0x00007ffa27990000 - 0x00007ffa279ad000 	C:\Windows\SYSTEM32\dhcpcsvc.DLL
0x00007ffa2d830000 - 0x00007ffa2d863000 	C:\Windows\SYSTEM32\ntmarta.dll
0x00007ffa24dd0000 - 0x00007ffa24dee000 	C:\Users\vyg0615\AppData\Local\Temp\native-platform18206092234221323963dir\native-platform.dll
0x00007ffa2a110000 - 0x00007ffa2a118000 	C:\Program Files\Android\Android Studio\jre\bin\rmi.dll

dbghelp: loaded successfully - version: 4.0.5 - missing functions: none
symbol engine: initialized successfully - sym options: 0x614 - pdb path: .;C:\Program Files\Android\Android Studio\jre\bin;C:\Windows\SYSTEM32;C:\Windows\WinSxS\amd64_microsoft.windows.common-controls_6595b64144ccf1df_6.0.19041.1110_none_60b5254171f9507e;C:\Windows\system32\tmumh\20019\AddOn\8.53.0.1128;C:\Windows\system32\tmumh\20019\TmMon\2.8.0.1054;C:\Program Files\Android\Android Studio\jre\bin\server;C:\Users\vyg0615\.gradle\native\e1d6ef7f7dcc3fd88c89a11ec53ec762bb8ba0a96d01ffa2cd45eb1d1d8dd5c5\windows-amd64;C:\Users\vyg0615\.gradle\native\0d407fdbe67a94daf76414ababcb853783967236a71b16ec16e742cd7a986fd3\windows-amd64;C:\Users\vyg0615\AppData\Local\Temp\native-platform18206092234221323963dir

VM Arguments:
jvm_args: -javaagent:C:\Program Files\Android\Android Studio\plugins\android\resources\trace_agent.jar=C:\Users\vyg0615\AppData\Local\Temp\sync.trace.profile --add-opens=java.base/java.util=ALL-UNNAMED --add-opens=java.base/java.lang=ALL-UNNAMED --add-opens=java.base/java.lang.invoke=ALL-UNNAMED --add-opens=java.base/java.util=ALL-UNNAMED --add-opens=java.prefs/java.util.prefs=ALL-UNNAMED --add-opens=java.prefs/java.util.prefs=ALL-UNNAMED --add-opens=java.base/java.nio.charset=ALL-UNNAMED --add-opens=java.base/java.net=ALL-UNNAMED --add-opens=java.base/java.util.concurrent.atomic=ALL-UNNAMED -Xmx2048m -Dfile.encoding=UTF-8 -Duser.country=CO -Duser.language=es -Duser.variant 
java_command: org.gradle.launcher.daemon.bootstrap.GradleDaemon 7.4
java_class_path (initial): C:\Users\vyg0615\.gradle\wrapper\dists\gradle-7.4-bin\c0gwcg53nkjbqw7r0h0umtfvt\gradle-7.4\lib\gradle-launcher-7.4.jar
Launcher Type: SUN_STANDARD

[Global flags]
     intx CICompilerCount                          = 4                                         {product} {ergonomic}
     uint ConcGCThreads                            = 2                                         {product} {ergonomic}
     uint G1ConcRefinementThreads                  = 8                                         {product} {ergonomic}
   size_t G1HeapRegionSize                         = 1048576                                   {product} {ergonomic}
    uintx GCDrainStackTargetSize                   = 64                                        {product} {ergonomic}
   size_t InitialHeapSize                          = 264241152                                 {product} {ergonomic}
   size_t MarkStackSize                            = 4194304                                   {product} {ergonomic}
   size_t MaxHeapSize                              = 2147483648                                {product} {command line}
   size_t MaxNewSize                               = 1287651328                                {product} {ergonomic}
   size_t MinHeapDeltaBytes                        = 1048576                                   {product} {ergonomic}
    uintx NonNMethodCodeHeapSize                   = 5836300                                {pd product} {ergonomic}
    uintx NonProfiledCodeHeapSize                  = 122910970                              {pd product} {ergonomic}
    uintx ProfiledCodeHeapSize                     = 122910970                              {pd product} {ergonomic}
    uintx ReservedCodeCacheSize                    = 251658240                              {pd product} {ergonomic}
     bool SegmentedCodeCache                       = true                                      {product} {ergonomic}
     bool UseCompressedClassPointers               = true                                 {lp64_product} {ergonomic}
     bool UseCompressedOops                        = true                                 {lp64_product} {ergonomic}
     bool UseG1GC                                  = true                                      {product} {ergonomic}
     bool UseLargePagesIndividualAllocation        = false                                  {pd product} {ergonomic}

Logging:
Log output configuration:
 #0: stdout all=warning uptime,level,tags
 #1: stderr all=off uptime,level,tags

Environment Variables:
JAVA_HOME=C:\Program Files\Java\jdk1.8.0_05
PATH=C:\Python310\Scripts\;C:\Python310\;C:\Python39\Scripts\;C:\Python39\;C:\Windows\System32\WindowsPowerShell\v1.0\;C:\Program Files (x86)\Common Files\Oracle\Java\javapath;C:\Windows\system32;C:\Windows;C:\Windows\System32\Wbem;C:\Windows\System32\OpenSSH\;C:\Program Files\Java\jdk1.8.0_05\bin;C:\Program Files (x86)\IBM\Personal Communications\;C:\Program Files (x86)\IBM\Trace Facility\;C:\Program Files\Microsoft VS Code\bin;C:\Program Files\PuTTY\;C:\ProgramData\chocolatey\bin;C:\Program Files\Git\cmd;C:\Python39;C:\Users\Administrador\AppData\Local\Programs\Python\Python39\Scripts\;C:\Users\Administrador\AppData\Local\Programs\Python\Python39\;C:\apache-maven-3.8.2\bin;C:\Users\Administrador\AppData\Local\Microsoft\WindowsApps;C:\Users\Administrador\AppData\Roaming\npm;D:\apx-cli;;C:\Program Files\Docker\Docker\resources\bin;C:\ProgramData\DockerDesktop\version-bin;C:\Program Files\nodejs\;C:\Users\vyg0615\AppData\Local\Microsoft\WindowsApps;C:\Users\vyg0615\AppData\Roaming\npm
USERNAME=VYG0615
OS=Windows_NT
PROCESSOR_IDENTIFIER=Intel64 Family 6 Model 140 Stepping 1, GenuineIntel



---------------  S Y S T E M  ---------------

OS: Windows 10 , 64 bit Build 19041 (10.0.19041.1889)
OS uptime: 3 days 11:51 hours
Hyper-V role detected

CPU:total 8 (initial active 8) (4 cores per cpu, 2 threads per core) family 6 model 140 stepping 1 microcode 0xa4, cmov, cx8, fxsr, mmx, sse, sse2, sse3, ssse3, sse4.1, sse4.2, popcnt, avx, avx2, aes, clmul, erms, 3dnowpref, lzcnt, ht, tsc, tscinvbit, bmi1, bmi2, adx, evex, sha, fma

Memory: 4k page, system-wide physical 16064M (317M free)
TotalPageFile size 16064M (AvailPageFile size 3M)
current process WorkingSet (physical memory assigned to process): 564M, peak: 588M
current process commit charge ("private bytes"): 607M, peak: 630M

vm_info: OpenJDK 64-Bit Server VM (11.0.13+0-b1751.21-8125866) for windows-amd64 JRE (11.0.13+0-b1751.21-8125866), built on Feb  2 2022 03:00:22 by "builder" with MS VC++ 14.0 (VS2015)

END.
