#
# There is insufficient memory for the Java Runtime Environment to continue.
# Native memory allocation (mmap) failed to map 264241152 bytes for Failed to commit area from 0x0000000704e00000 to 0x0000000714a00000 of length 264241152.
# Possible reasons:
#   The system is out of physical RAM or swap space
#   The process is running with CompressedOops enabled, and the Java Heap may be blocking the growth of the native heap
# Possible solutions:
#   Reduce memory load on the system
#   Increase physical memory or swap space
#   Check if swap backing store is full
#   Decrease Java heap size (-Xmx/-Xms)
#   Decrease number of Java threads
#   Decrease Java thread stack sizes (-Xss)
#   Set larger code cache with -XX:ReservedCodeCacheSize=
# This output file may be truncated or incomplete.
#
#  Out of Memory Error (./src/hotspot/os/windows/os_windows.cpp:3619), pid=23720, tid=23064
#
# JRE version:  (11.0.13) (build )
# Java VM: OpenJDK 64-Bit Server VM (11.0.13+0-b1751.21-8125866, mixed mode, sharing, tiered, compressed oops, g1 gc, windows-amd64)
# No core dump will be written. Minidumps are not enabled by default on client versions of Windows
#

---------------  S U M M A R Y ------------

Command Line: org.jetbrains.kotlin.cli.jvm.K2JVMCompiler @C:\Users\vyg0615\AndroidStudioProjects\FCMPushNotification\app\build\20221216_8499819636726501608.compiler.options

Host: 11th Gen Intel(R) Core(TM) i7-1165G7 @ 2.80GHz, 8 cores, 15G,  Windows 10 , 64 bit Build 19041 (10.0.19041.1889)
Time: Fri Dec 16 16:10:00 2022 Hora est. Pacífico, Sudamérica elapsed time: 0.030710 seconds (0d 0h 0m 0s)

---------------  T H R E A D  ---------------

Current thread (0x00000182cd472000):  JavaThread "Unknown thread" [_thread_in_vm, id=23064, stack(0x0000004ac8300000,0x0000004ac8400000)]

Stack: [0x0000004ac8300000,0x0000004ac8400000]
Native frames: (J=compiled Java code, j=interpreted, Vv=VM code, C=native code)
V  [jvm.dll+0x6100fa]
V  [jvm.dll+0x747090]
V  [jvm.dll+0x7486ad]
V  [jvm.dll+0x748d83]
V  [jvm.dll+0x24ab48]
V  [jvm.dll+0x60d164]
V  [jvm.dll+0x601e75]
V  [jvm.dll+0x308bdb]
V  [jvm.dll+0x308b4a]
V  [jvm.dll+0x308a22]
V  [jvm.dll+0x30d986]
V  [jvm.dll+0x357093]
V  [jvm.dll+0x357796]
V  [jvm.dll+0x357193]
V  [jvm.dll+0x2e3448]
V  [jvm.dll+0x2e45f7]
V  [jvm.dll+0x7242e7]
V  [jvm.dll+0x725adc]
V  [jvm.dll+0x364629]
V  [jvm.dll+0x707cee]
V  [jvm.dll+0x3d2633]
V  [jvm.dll+0x3d4a21]
C  [jli.dll+0x536b]
C  [ucrtbase.dll+0x21bb2]
C  [KERNEL32.DLL+0x17034]
C  [ntdll.dll+0x52651]


---------------  P R O C E S S  ---------------

Threads class SMR info:
_java_thread_list=0x00000182caaf7530, length=0, elements={
}

Java Threads: ( => current thread )

Other Threads:
  0x00000182cd48b000 GCTaskThread "GC Thread#0" [stack: 0x0000004ac8400000,0x0000004ac8500000] [id=20528]
  0x00000182cd4cd800 ConcurrentGCThread "G1 Main Marker" [stack: 0x0000004ac8500000,0x0000004ac8600000] [id=19656]
  0x00000182e98ba000 ConcurrentGCThread "G1 Conc#0" [stack: 0x0000004ac8600000,0x0000004ac8700000] [id=24376]

[error occurred during error reporting (printing all threads), id 0xc0000005, EXCEPTION_ACCESS_VIOLATION (0xc0000005) at pc=0x00007fff38243dd7]

VM state:not at safepoint (not fully initialized)

VM Mutex/Monitor currently owned by a thread:  ([mutex/lock_event])
[0x00000182cd46e880] Heap_lock - owner thread: 0x00000182cd472000

Heap address: 0x0000000704e00000, size: 4018 MB, Compressed Oops mode: Non-zero based: 0x0000000704e00000
Narrow klass base: 0x0000000000000000, Narrow klass shift: 0

GC Heap History (0 events):
No events

Deoptimization events (0 events):
No events

Classes redefined (0 events):
No events

Internal exceptions (0 events):
No events

Events (1 events):
Event: 0.017 Loaded shared library C:\Program Files\Android\Android Studio\jre\bin\zip.dll


Dynamic libraries:
0x00007ff719fe0000 - 0x00007ff719fea000 	C:\Program Files\Android\Android Studio\jre\bin\java.exe
0x00007fff930d0000 - 0x00007fff932c8000 	C:\Windows\SYSTEM32\ntdll.dll
0x00007fff921b0000 - 0x00007fff9226d000 	C:\Windows\System32\KERNEL32.DLL
0x00007fff90c40000 - 0x00007fff90f0e000 	C:\Windows\System32\KERNELBASE.dll
0x00007fff909e0000 - 0x00007fff90ae0000 	C:\Windows\System32\ucrtbase.dll
0x00007fff8a390000 - 0x00007fff8a3a7000 	C:\Program Files\Android\Android Studio\jre\bin\VCRUNTIME140.dll
0x00007fff76840000 - 0x00007fff76859000 	C:\Program Files\Android\Android Studio\jre\bin\jli.dll
0x00007fff913b0000 - 0x00007fff91550000 	C:\Windows\System32\USER32.dll
0x00007fff910d0000 - 0x00007fff910f2000 	C:\Windows\System32\win32u.dll
0x00007fff92270000 - 0x00007fff9229a000 	C:\Windows\System32\GDI32.dll
0x00007fff907f0000 - 0x00007fff908fb000 	C:\Windows\System32\gdi32full.dll
0x00007fff70a90000 - 0x00007fff70d2a000 	C:\Windows\WinSxS\amd64_microsoft.windows.common-controls_6595b64144ccf1df_6.0.19041.1110_none_60b5254171f9507e\COMCTL32.dll
0x00007fff91030000 - 0x00007fff910cd000 	C:\Windows\System32\msvcp_win.dll
0x00007fff927f0000 - 0x00007fff9288e000 	C:\Windows\System32\msvcrt.dll
0x00007fff919f0000 - 0x00007fff91a20000 	C:\Windows\System32\IMM32.DLL
0x00007fff77f80000 - 0x00007fff78182000 	C:\Windows\system32\tmumh\20019\AddOn\8.53.0.1128\TmUmEvt64.dll
0x00007fff920d0000 - 0x00007fff920d8000 	C:\Windows\System32\PSAPI.DLL
0x00007fff92fe0000 - 0x00007fff9308e000 	C:\Windows\System32\ADVAPI32.dll
0x00007fff91730000 - 0x00007fff917cc000 	C:\Windows\System32\sechost.dll
0x00007fff917d0000 - 0x00007fff918f5000 	C:\Windows\System32\RPCRT4.dll
0x0000000052b70000 - 0x0000000052ce0000 	C:\Windows\system32\tmumh\20019\TmMon\2.8.0.1054\tmmon64.dll
0x00007fff59440000 - 0x00007fff594dd000 	C:\Program Files\Android\Android Studio\jre\bin\msvcp140.dll
0x00007fff37f50000 - 0x00007fff38a52000 	C:\Program Files\Android\Android Studio\jre\bin\server\jvm.dll
0x00007fff6e470000 - 0x00007fff6e479000 	C:\Windows\SYSTEM32\WSOCK32.dll
0x00007fff91a20000 - 0x00007fff91a8b000 	C:\Windows\System32\WS2_32.dll
0x00007fff72910000 - 0x00007fff72937000 	C:\Windows\SYSTEM32\WINMM.dll
0x00007fff843b0000 - 0x00007fff843ba000 	C:\Windows\SYSTEM32\VERSION.dll
0x00007fff8f160000 - 0x00007fff8f172000 	C:\Windows\SYSTEM32\kernel.appcore.dll
0x00007fff87830000 - 0x00007fff87841000 	C:\Program Files\Android\Android Studio\jre\bin\verify.dll
0x00007fff8e5c0000 - 0x00007fff8e7a4000 	C:\Windows\SYSTEM32\DBGHELP.DLL
0x00007fff73700000 - 0x00007fff7372c000 	C:\Windows\SYSTEM32\dbgcore.DLL
0x00007fff90950000 - 0x00007fff909d2000 	C:\Windows\System32\bcryptPrimitives.dll
0x00007fff77f10000 - 0x00007fff77f39000 	C:\Program Files\Android\Android Studio\jre\bin\java.dll
0x00007fff88230000 - 0x00007fff8823b000 	C:\Program Files\Android\Android Studio\jre\bin\jimage.dll
0x00007fff866b0000 - 0x00007fff866c8000 	C:\Program Files\Android\Android Studio\jre\bin\zip.dll

dbghelp: loaded successfully - version: 4.0.5 - missing functions: none
symbol engine: initialized successfully - sym options: 0x614 - pdb path: .;C:\Program Files\Android\Android Studio\jre\bin;C:\Windows\SYSTEM32;C:\Windows\WinSxS\amd64_microsoft.windows.common-controls_6595b64144ccf1df_6.0.19041.1110_none_60b5254171f9507e;C:\Windows\system32\tmumh\20019\AddOn\8.53.0.1128;C:\Windows\system32\tmumh\20019\TmMon\2.8.0.1054;C:\Program Files\Android\Android Studio\jre\bin\server

VM Arguments:
java_command: org.jetbrains.kotlin.cli.jvm.K2JVMCompiler @C:\Users\vyg0615\AndroidStudioProjects\FCMPushNotification\app\build\20221216_8499819636726501608.compiler.options
java_class_path (initial): C:\Users\vyg0615\.gradle\caches\modules-2\files-2.1\org.jetbrains.kotlin\kotlin-compiler-embeddable\1.7.20\8db18559a581dd2c36ddfd5046af145650f5b126\kotlin-compiler-embeddable-1.7.20.jar;C:\Users\vyg0615\.gradle\caches\modules-2\files-2.1\org.jetbrains.kotlin\kotlin-reflect\1.7.20\12b2501e33bb6373e8e347c86d85481863629381\kotlin-reflect-1.7.20.jar;C:\Users\vyg0615\.gradle\caches\modules-2\files-2.1\org.jetbrains.kotlin\kotlin-stdlib\1.7.20\726594ea9ba2beb2ee113647fefa9a10f9fabe52\kotlin-stdlib-1.7.20.jar;C:\Users\vyg0615\.gradle\caches\modules-2\files-2.1\org.jetbrains.kotlin\kotlin-script-runtime\1.7.20\bcd1cc6f865e632550357fcc59f5ffd532615a8\kotlin-script-runtime-1.7.20.jar;C:\Users\vyg0615\.gradle\caches\modules-2\files-2.1\org.jetbrains.kotlin\kotlin-daemon-embeddable\1.7.20\1e24355adad8d529d75d5b19eab55484057431ba\kotlin-daemon-embeddable-1.7.20.jar;C:\Users\vyg0615\.gradle\caches\modules-2\files-2.1\org.jetbrains.intellij.deps\trove4j\1.0.20200330\3afb14d5f9ceb459d724e907a21145e8ff394f02\trove4j-1.0.20200330.jar;C:\Users\vyg0615\.gradle\caches\modules-2\files-2.1\net.java.dev.jna\jna\5.6.0\330f2244e9030119ab3030fc3fededc86713d9cc\jna-5.6.0.jar;C:\Users\vyg0615\.gradle\caches\modules-2\files-2.1\org.jetbrains.kotlin\kotlin-stdlib-common\1.7.20\e15351bdaf9fa06f009be5da7a202e4184f00ae3\kotlin-stdlib-common-1.7.20.jar;C:\Users\vyg0615\.gradle\caches\modules-2\files-2.1\org.jetbrains\annotations\13.0\919f0dfe192fb4e063e7dacadee7f8bb9a2672a9\annotations-13.0.jar
Launcher Type: SUN_STANDARD

[Global flags]
     intx CICompilerCount                          = 4                                         {product} {ergonomic}
     uint ConcGCThreads                            = 2                                         {product} {ergonomic}
     uint G1ConcRefinementThreads                  = 8                                         {product} {ergonomic}
   size_t G1HeapRegionSize                         = 1048576                                   {product} {ergonomic}
    uintx GCDrainStackTargetSize                   = 64                                        {product} {ergonomic}
   size_t InitialHeapSize                          = 264241152                                 {product} {ergonomic}
   size_t MarkStackSize                            = 4194304                                   {product} {ergonomic}
   size_t MaxHeapSize                              = 4213178368                                {product} {ergonomic}
   size_t MinHeapDeltaBytes                        = 1048576                                   {product} {ergonomic}
    uintx NonNMethodCodeHeapSize                   = 5836300                                {pd product} {ergonomic}
    uintx NonProfiledCodeHeapSize                  = 122910970                              {pd product} {ergonomic}
    uintx ProfiledCodeHeapSize                     = 122910970                              {pd product} {ergonomic}
    uintx ReservedCodeCacheSize                    = 251658240                              {pd product} {ergonomic}
     bool SegmentedCodeCache                       = true                                      {product} {ergonomic}
     bool UseCompressedClassPointers               = true                                 {lp64_product} {ergonomic}
     bool UseCompressedOops                        = true                                 {lp64_product} {ergonomic}
     bool UseG1GC                                  = true                                      {product} {ergonomic}
     bool UseLargePagesIndividualAllocation        = false                                  {pd product} {ergonomic}

Logging:
Log output configuration:
 #0: stdout all=warning uptime,level,tags
 #1: stderr all=off uptime,level,tags

Environment Variables:
JAVA_HOME=C:\Program Files\Java\jdk1.8.0_05
PATH=C:\Python310\Scripts\;C:\Python310\;C:\Python39\Scripts\;C:\Python39\;C:\Windows\System32\WindowsPowerShell\v1.0\;C:\Program Files (x86)\Common Files\Oracle\Java\javapath;C:\Windows\system32;C:\Windows;C:\Windows\System32\Wbem;C:\Windows\System32\OpenSSH\;C:\Program Files\Java\jdk1.8.0_05\bin;C:\Program Files (x86)\IBM\Personal Communications\;C:\Program Files (x86)\IBM\Trace Facility\;C:\Program Files\Microsoft VS Code\bin;C:\Program Files\PuTTY\;C:\ProgramData\chocolatey\bin;C:\Program Files\Git\cmd;C:\Python39;C:\Users\Administrador\AppData\Local\Programs\Python\Python39\Scripts\;C:\Users\Administrador\AppData\Local\Programs\Python\Python39\;C:\apache-maven-3.8.2\bin;C:\Users\Administrador\AppData\Local\Microsoft\WindowsApps;C:\Users\Administrador\AppData\Roaming\npm;D:\apx-cli;;C:\Program Files\Docker\Docker\resources\bin;C:\ProgramData\DockerDesktop\version-bin;C:\Program Files\nodejs\;C:\Users\vyg0615\AppData\Local\Microsoft\WindowsApps;C:\Users\vyg0615\AppData\Roaming\npm
USERNAME=VYG0615
OS=Windows_NT
PROCESSOR_IDENTIFIER=Intel64 Family 6 Model 140 Stepping 1, GenuineIntel



---------------  S Y S T E M  ---------------

OS: Windows 10 , 64 bit Build 19041 (10.0.19041.1889)
OS uptime: 3 days 4:57 hours
Hyper-V role detected

CPU:total 8 (initial active 8) (4 cores per cpu, 2 threads per core) family 6 model 140 stepping 1 microcode 0xa4, cmov, cx8, fxsr, mmx, sse, sse2, sse3, ssse3, sse4.1, sse4.2, popcnt, avx, avx2, aes, clmul, erms, 3dnowpref, lzcnt, ht, tsc, tscinvbit, bmi1, bmi2, adx, evex, sha, fma

Memory: 4k page, system-wide physical 16064M (1723M free)
TotalPageFile size 16064M (AvailPageFile size 129M)
current process WorkingSet (physical memory assigned to process): 12M, peak: 12M
current process commit charge ("private bytes"): 63M, peak: 315M

vm_info: OpenJDK 64-Bit Server VM (11.0.13+0-b1751.21-8125866) for windows-amd64 JRE (11.0.13+0-b1751.21-8125866), built on Feb  2 2022 03:00:22 by "builder" with MS VC++ 14.0 (VS2015)

END.
